TN:
SF:/home/ed/Aloes/device-manager/src/config.local.js
FNF:0
FNH:0
DA:1,1
LF:1
LH:1
BRF:0
BRH:0
end_of_record
TN:
SF:/home/ed/Aloes/device-manager/src/datasources.development.js
FNF:0
FNH:0
DA:1,1
LF:1
LH:1
BRDA:34,0,0,1
BRDA:34,0,1,0
BRDA:35,1,0,1
BRDA:35,1,1,0
BRDA:36,2,0,1
BRDA:36,2,1,0
BRDA:37,3,0,1
BRDA:37,3,1,0
BRDA:46,4,0,1
BRDA:46,4,1,0
BRF:10
BRH:5
end_of_record
TN:
SF:/home/ed/Aloes/device-manager/src/datasources.local.js
FNF:0
FNH:0
DA:1,1
LF:1
LH:1
BRDA:5,0,0,1
BRDA:5,0,1,1
BRDA:6,1,0,1
BRDA:6,1,1,1
BRDA:7,2,0,1
BRDA:7,2,1,1
BRDA:36,3,0,1
BRDA:36,3,1,1
BRDA:37,4,0,1
BRDA:37,4,1,1
BRDA:38,5,0,1
BRDA:38,5,1,1
BRDA:49,6,0,1
BRDA:49,6,1,0
BRDA:50,7,0,1
BRDA:50,7,1,0
BRDA:51,8,0,1
BRDA:51,8,1,0
BRDA:52,9,0,1
BRDA:52,9,1,0
BRDA:60,10,0,1
BRDA:60,10,1,1
BRDA:73,11,0,1
BRDA:73,11,1,1
BRDA:87,12,0,1
BRDA:87,12,1,1
BRDA:101,13,0,1
BRDA:101,13,1,1
BRDA:117,14,0,1
BRDA:117,14,1,0
BRF:30
BRH:25
end_of_record
TN:
SF:/home/ed/Aloes/device-manager/src/index.js
FN:15,(anonymous_0)
FN:22,(anonymous_1)
FN:47,(anonymous_2)
FN:52,(anonymous_3)
FN:70,(anonymous_4)
FNF:5
FNH:2
FNDA:1,(anonymous_0)
FNDA:0,(anonymous_1)
FNDA:1,(anonymous_2)
FNDA:0,(anonymous_3)
FNDA:0,(anonymous_4)
DA:15,1
DA:16,1
DA:17,1
DA:18,1
DA:19,1
DA:20,1
DA:22,0
DA:23,0
DA:27,1
DA:35,1
DA:40,1
DA:47,1
DA:48,1
DA:49,1
DA:50,1
DA:51,1
DA:52,1
DA:53,1
DA:54,1
DA:56,0
DA:58,0
DA:59,0
DA:60,0
DA:64,1
DA:65,1
DA:66,1
DA:68,0
DA:70,0
DA:71,0
DA:72,0
DA:73,0
DA:74,0
DA:75,0
DA:84,0
LF:34
LH:20
BRDA:17,0,0,1
BRDA:17,0,1,0
BRDA:19,1,0,0
BRDA:19,1,1,1
BRDA:49,2,0,1
BRDA:49,2,1,0
BRDA:49,3,0,1
BRDA:49,3,1,1
BRDA:64,4,0,1
BRDA:64,4,1,0
BRDA:64,5,0,1
BRDA:64,5,1,0
BRDA:72,6,0,0
BRDA:72,6,1,0
BRDA:72,7,0,0
BRDA:72,7,1,0
BRF:16
BRH:7
end_of_record
TN:
SF:/home/ed/Aloes/device-manager/src/middleware.local.js
FN:43,(anonymous_0)
FNF:1
FNH:0
FNDA:0,(anonymous_0)
DA:12,1
DA:44,0
LF:2
LH:1
BRF:0
BRH:0
end_of_record
TN:
SF:/home/ed/Aloes/device-manager/src/providers.js
FNF:0
FNH:0
DA:1,1
LF:1
LH:1
BRF:0
BRH:0
end_of_record
TN:
SF:/home/ed/Aloes/device-manager/src/boot/01-root.js
FN:1,(anonymous_0)
FNF:1
FNH:1
FNDA:1,(anonymous_0)
DA:2,1
DA:3,1
DA:4,1
LF:3
LH:3
BRF:0
BRH:0
end_of_record
TN:
SF:/home/ed/Aloes/device-manager/src/boot/02-authentication.js
FN:1,enableAuthentication
FNF:1
FNH:1
FNDA:1,enableAuthentication
DA:3,1
LF:1
LH:1
BRF:0
BRH:0
end_of_record
TN:
SF:/home/ed/Aloes/device-manager/src/boot/02-delete-device-props.js
FNF:0
FNH:0
LF:0
LH:0
BRF:0
BRH:0
end_of_record
TN:
SF:/home/ed/Aloes/device-manager/src/boot/03-create-oma-api.js
FN:4,createOmaApi
FN:16,(anonymous_1)
FN:22,(anonymous_2)
FN:29,(anonymous_3)
FNF:4
FNH:4
FNDA:1,createOmaApi
FNDA:62,(anonymous_1)
FNDA:113,(anonymous_2)
FNDA:62,(anonymous_3)
DA:5,1
DA:6,1
DA:7,0
DA:8,0
DA:10,1
DA:12,1
DA:13,0
DA:15,1
DA:16,1
DA:17,62
DA:18,62
DA:20,1
DA:22,1
DA:23,113
DA:24,113
DA:26,1
DA:27,1
DA:29,1
DA:30,62
DA:31,62
DA:33,1
DA:34,1
DA:35,1
DA:40,1
DA:46,0
DA:47,0
LF:26
LH:21
BRDA:6,0,0,0
BRDA:6,0,1,1
BRDA:7,1,0,0
BRDA:7,1,1,0
BRDA:8,2,0,0
BRDA:8,2,1,0
BRDA:8,3,0,0
BRDA:8,3,1,0
BRDA:12,4,0,0
BRDA:12,4,1,1
BRF:10
BRH:2
end_of_record
TN:
SF:/home/ed/Aloes/device-manager/src/boot/04-base-roles.js
FN:5,createBaseRoles
FNF:1
FNH:1
FNDA:1,createBaseRoles
DA:5,1
DA:6,1
DA:7,1
DA:8,0
DA:9,0
DA:11,1
DA:12,1
DA:13,1
DA:15,0
DA:16,0
LF:10
LH:6
BRDA:7,0,0,0
BRDA:7,0,1,1
BRDA:8,1,0,0
BRDA:8,1,1,0
BRDA:9,2,0,0
BRDA:9,2,1,0
BRDA:9,3,0,0
BRDA:9,3,1,0
BRF:8
BRH:1
end_of_record
TN:
SF:/home/ed/Aloes/device-manager/src/boot/05-sample-accounts.js
FN:5,createSampleAccounts
FN:12,(anonymous_1)
FNF:2
FNH:2
FNDA:1,createSampleAccounts
FNDA:1,(anonymous_1)
DA:5,1
DA:6,1
DA:7,1
DA:8,0
DA:9,0
DA:11,1
DA:12,1
DA:13,1
DA:14,0
DA:16,1
DA:18,1
DA:19,1
DA:20,1
DA:22,0
DA:23,0
LF:15
LH:10
BRDA:7,0,0,0
BRDA:7,0,1,1
BRDA:8,1,0,0
BRDA:8,1,1,0
BRDA:9,2,0,0
BRDA:9,2,1,0
BRDA:9,3,0,0
BRDA:9,3,1,0
BRDA:13,4,0,0
BRDA:13,4,1,1
BRF:10
BRH:2
end_of_record
TN:
SF:/home/ed/Aloes/device-manager/src/boot/06-create-containers.js
FN:4,(anonymous_0)
FN:15,(anonymous_1)
FN:18,(anonymous_2)
FN:37,(anonymous_3)
FN:41,(anonymous_4)
FNF:5
FNH:4
FNDA:1,(anonymous_0)
FNDA:1,(anonymous_1)
FNDA:2,(anonymous_2)
FNDA:1,(anonymous_3)
FNDA:0,(anonymous_4)
DA:4,1
DA:5,1
DA:6,1
DA:7,0
DA:8,0
DA:10,1
DA:11,1
DA:13,1
DA:15,1
DA:16,1
DA:17,1
DA:18,2
DA:21,1
DA:22,0
DA:25,1
DA:29,1
DA:31,1
DA:32,0
DA:34,1
DA:35,1
DA:38,1
DA:39,1
DA:42,0
DA:43,0
DA:44,0
DA:46,0
DA:49,1
DA:50,1
DA:54,1
DA:56,0
DA:57,0
LF:31
LH:21
BRDA:6,0,0,0
BRDA:6,0,1,1
BRDA:7,1,0,0
BRDA:7,1,1,0
BRDA:8,2,0,0
BRDA:8,2,1,0
BRDA:8,3,0,0
BRDA:8,3,1,0
BRDA:31,4,0,0
BRDA:31,4,1,1
BRDA:34,5,0,1
BRDA:34,5,1,0
BRDA:42,6,0,0
BRDA:42,6,1,0
BRF:14
BRH:3
end_of_record
TN:
SF:/home/ed/Aloes/device-manager/src/boot/07-set-current-user.js
FN:4,(anonymous_0)
FN:8,(anonymous_1)
FNF:2
FNH:2
FNDA:1,(anonymous_0)
FNDA:180,(anonymous_1)
DA:4,1
DA:5,1
DA:9,180
DA:10,180
DA:11,180
DA:14,180
DA:15,46
DA:16,134
DA:17,28
DA:18,28
DA:19,28
DA:23,180
DA:24,74
DA:28,74
DA:29,74
DA:30,74
DA:36,74
DA:41,0
DA:46,74
DA:53,106
DA:54,106
DA:55,106
DA:56,103
DA:60,103
DA:63,3
DA:76,3
DA:77,3
DA:78,3
DA:85,3
DA:91,0
DA:97,3
DA:99,0
DA:100,0
DA:104,1
LF:34
LH:30
BRDA:10,0,0,180
BRDA:10,0,1,129
BRDA:11,1,0,180
BRDA:11,1,1,0
BRDA:14,2,0,46
BRDA:14,2,1,134
BRDA:14,3,0,180
BRDA:14,3,1,46
BRDA:16,4,0,28
BRDA:16,4,1,106
BRDA:18,5,0,28
BRDA:18,5,1,0
BRDA:18,6,0,28
BRDA:18,6,1,28
BRDA:23,7,0,74
BRDA:23,7,1,106
BRDA:28,8,0,74
BRDA:28,8,1,0
BRDA:28,9,0,74
BRDA:28,9,1,74
BRDA:29,10,0,28
BRDA:29,10,1,46
BRDA:55,11,0,103
BRDA:55,11,1,3
BRDA:55,12,0,106
BRDA:55,12,1,3
BRDA:76,13,0,3
BRDA:76,13,1,0
BRDA:76,14,0,3
BRDA:76,14,1,3
BRDA:77,15,0,1
BRDA:77,15,1,2
BRF:32
BRH:28
end_of_record
TN:
SF:/home/ed/Aloes/device-manager/src/boot/08-auto-update.js
FN:3,autoUpdate
FNF:1
FNH:1
FNDA:1,autoUpdate
DA:4,1
DA:5,1
DA:6,0
DA:7,0
DA:9,1
DA:10,1
DA:11,1
DA:12,1
DA:14,0
DA:15,0
LF:10
LH:6
BRDA:5,0,0,0
BRDA:5,0,1,1
BRDA:6,1,0,0
BRDA:6,1,1,0
BRDA:7,2,0,0
BRDA:7,2,1,0
BRDA:7,3,0,0
BRDA:7,3,1,0
BRF:8
BRH:1
end_of_record
TN:
SF:/home/ed/Aloes/device-manager/src/boot/10-passport-config.js
FN:5,passportConfig
FN:23,(anonymous_1)
FNF:2
FNH:2
FNDA:1,passportConfig
FNDA:3,(anonymous_1)
DA:5,1
DA:6,1
DA:7,1
DA:8,0
DA:9,0
DA:11,1
DA:12,1
DA:13,1
DA:15,1
DA:17,1
DA:23,1
DA:24,3
DA:25,3
DA:29,3
DA:30,3
DA:31,3
DA:33,0
DA:37,1
DA:38,1
DA:40,0
DA:42,0
LF:21
LH:16
BRDA:7,0,0,0
BRDA:7,0,1,1
BRDA:8,1,0,0
BRDA:8,1,1,0
BRDA:9,2,0,0
BRDA:9,2,1,0
BRDA:9,3,0,0
BRDA:9,3,1,0
BRF:8
BRH:1
end_of_record
TN:
SF:/home/ed/Aloes/device-manager/src/boot/11-init-cache.js
FN:3,initCache
FNF:1
FNH:1
FNDA:1,initCache
DA:3,1
DA:4,1
DA:5,1
DA:6,0
DA:7,0
DA:9,1
DA:11,1
DA:15,1
DA:16,1
DA:18,0
DA:19,0
LF:11
LH:7
BRDA:5,0,0,0
BRDA:5,0,1,1
BRDA:6,1,0,0
BRDA:6,1,1,0
BRDA:7,2,0,0
BRDA:7,2,1,0
BRDA:7,3,0,0
BRDA:7,3,1,0
BRF:8
BRH:1
end_of_record
TN:
SF:/home/ed/Aloes/device-manager/src/boot/12-init-downsampling.js
FN:3,initializeDownSampling
FN:16,(anonymous_1)
FN:22,(anonymous_2)
FN:63,(anonymous_3)
FN:70,(anonymous_4)
FN:101,(anonymous_5)
FN:105,(anonymous_6)
FNF:7
FNH:3
FNDA:1,initializeDownSampling
FNDA:0,(anonymous_1)
FNDA:0,(anonymous_2)
FNDA:28,(anonymous_3)
FNDA:1,(anonymous_4)
FNDA:0,(anonymous_5)
FNDA:0,(anonymous_6)
DA:3,1
DA:4,1
DA:5,1
DA:6,0
DA:7,0
DA:9,1
DA:10,1
DA:11,1
DA:14,1
DA:16,1
DA:17,0
DA:18,0
DA:19,0
DA:22,0
DA:23,0
DA:24,0
DA:27,0
DA:28,0
DA:29,0
DA:30,0
DA:31,0
DA:32,0
DA:33,0
DA:35,0
DA:37,0
DA:39,0
DA:43,0
DA:44,0
DA:46,0
DA:47,0
DA:48,0
DA:50,0
DA:51,0
DA:53,0
DA:54,0
DA:57,0
DA:59,0
DA:63,1
DA:64,28
DA:65,28
DA:66,1
DA:67,1
DA:70,1
DA:71,1
DA:72,1
DA:73,1
DA:78,0
DA:80,0
DA:82,1
DA:86,1
DA:89,1
DA:95,0
DA:96,0
DA:101,0
DA:102,0
DA:103,0
DA:104,0
DA:105,0
DA:106,0
DA:107,0
DA:108,0
DA:109,0
DA:113,0
DA:115,0
DA:117,0
DA:119,0
DA:122,0
DA:123,0
DA:125,27
DA:128,1
DA:129,0
DA:131,1
DA:132,1
LF:73
LH:24
BRDA:5,0,0,0
BRDA:5,0,1,1
BRDA:6,1,0,0
BRDA:6,1,1,0
BRDA:7,2,0,0
BRDA:7,2,1,0
BRDA:7,3,0,0
BRDA:7,3,1,0
BRDA:32,4,0,0
BRDA:32,4,1,0
BRDA:48,5,0,0
BRDA:48,5,1,0
BRDA:65,6,0,1
BRDA:65,6,1,27
BRDA:65,7,0,28
BRDA:65,7,1,28
BRDA:65,7,2,28
BRDA:103,8,0,0
BRDA:103,8,1,0
BRDA:106,9,0,0
BRDA:106,9,1,0
BRF:21
BRH:6
end_of_record
TN:
SF:/home/ed/Aloes/device-manager/src/boot/13-device-watcher.js
FN:6,deviceWatcher
FN:14,(anonymous_1)
FN:16,(anonymous_2)
FN:17,(anonymous_3)
FN:18,(anonymous_4)
FNF:5
FNH:5
FNDA:1,deviceWatcher
FNDA:1,(anonymous_1)
FNDA:26,(anonymous_2)
FNDA:52,(anonymous_3)
FNDA:2,(anonymous_4)
DA:7,1
DA:8,1
DA:9,0
DA:10,0
DA:12,1
DA:14,1
DA:15,1
DA:16,1
DA:17,52
DA:18,26
DA:19,26
DA:21,1
DA:22,1
DA:24,0
DA:28,1
DA:29,1
DA:30,1
DA:31,1
DA:32,1
DA:34,1
DA:36,0
DA:37,0
LF:22
LH:17
BRDA:8,0,0,0
BRDA:8,0,1,1
BRDA:9,1,0,0
BRDA:9,1,1,0
BRDA:10,2,0,0
BRDA:10,2,1,0
BRDA:10,3,0,0
BRDA:10,3,1,0
BRF:8
BRH:1
end_of_record
TN:
SF:/home/ed/Aloes/device-manager/src/middleware/tracker.js
FN:3,(anonymous_0)
FN:4,tracker
FN:9,(anonymous_2)
FNF:3
FNH:3
FNDA:1,(anonymous_0)
FNDA:229,tracker
FNDA:229,(anonymous_2)
DA:3,1
DA:4,1
DA:5,229
DA:6,229
DA:8,229
DA:9,229
DA:10,229
DA:11,229
DA:12,229
DA:14,229
DA:16,229
DA:18,0
LF:12
LH:11
BRDA:5,0,0,229
BRDA:5,0,1,0
BRF:2
BRH:1
end_of_record
TN:
SF:/home/ed/Aloes/device-manager/src/models/address.js
FN:20,(anonymous_0)
FN:45,(anonymous_1)
FN:87,(anonymous_2)
FN:103,(anonymous_3)
FN:130,(anonymous_4)
FN:189,(anonymous_5)
FN:249,(anonymous_6)
FNF:7
FNH:7
FNDA:39,(anonymous_0)
FNDA:9,(anonymous_1)
FNDA:1,(anonymous_2)
FNDA:7,(anonymous_3)
FNDA:32,(anonymous_4)
FNDA:1,(anonymous_5)
FNDA:2,(anonymous_6)
DA:5,1
DA:7,1
DA:20,1
DA:21,39
DA:22,39
DA:23,39
DA:24,39
DA:34,39
DA:35,39
DA:37,0
DA:38,0
DA:40,0
DA:41,0
DA:45,1
DA:46,9
DA:47,9
DA:48,0
DA:50,0
DA:51,0
DA:52,0
DA:55,9
DA:56,2
DA:57,2
DA:58,0
DA:60,2
DA:61,2
DA:62,2
DA:63,1
DA:64,1
DA:65,1
DA:69,9
DA:71,0
DA:72,0
DA:87,1
DA:93,1
DA:103,1
DA:104,7
DA:105,7
DA:106,7
DA:107,7
DA:108,6
DA:109,1
DA:110,0
DA:111,1
DA:112,0
DA:113,1
DA:114,1
DA:116,7
DA:117,6
DA:119,7
DA:120,7
DA:121,7
DA:122,7
DA:123,0
DA:128,0
DA:130,7
DA:131,32
DA:132,6
DA:134,32
DA:135,6
DA:137,32
DA:138,7
DA:140,32
DA:141,7
DA:143,32
DA:144,7
DA:149,32
DA:150,7
DA:152,32
DA:155,7
DA:156,0
DA:161,0
DA:162,7
DA:163,6
DA:164,1
DA:165,0
DA:167,1
DA:172,1
DA:174,6
DA:175,6
DA:176,6
DA:178,1
DA:179,1
DA:189,1
DA:190,1
DA:191,1
DA:192,1
DA:193,0
DA:195,1
DA:200,1
DA:201,1
DA:203,1
DA:204,0
DA:206,1
DA:207,0
DA:209,1
DA:210,1
DA:212,1
DA:213,0
DA:215,1
DA:216,0
DA:220,1
DA:221,0
DA:223,1
DA:224,0
DA:227,1
DA:228,1
DA:229,0
DA:230,0
DA:232,1
DA:233,0
DA:235,1
DA:236,1
DA:238,0
DA:239,0
DA:249,1
DA:250,2
DA:251,2
DA:252,2
DA:253,0
DA:255,2
DA:259,2
DA:260,0
DA:262,2
DA:263,0
DA:265,2
DA:266,2
DA:267,2
DA:269,2
DA:270,2
DA:272,2
DA:273,2
DA:275,2
DA:276,2
DA:279,2
DA:280,2
DA:281,0
DA:282,0
DA:285,2
DA:286,0
DA:288,2
DA:289,2
DA:291,0
DA:292,0
DA:305,1
DA:315,1
DA:318,1
DA:319,1
DA:320,1
DA:321,1
DA:322,1
DA:323,1
DA:324,1
DA:325,1
DA:326,1
LF:155
LH:117
BRDA:23,0,0,39
BRDA:23,0,1,0
BRDA:23,1,0,39
BRDA:23,1,1,39
BRDA:47,2,0,0
BRDA:47,2,1,9
BRDA:48,3,0,0
BRDA:48,3,1,0
BRDA:50,4,0,0
BRDA:50,4,1,0
BRDA:55,5,0,2
BRDA:55,5,1,7
BRDA:55,6,0,9
BRDA:55,6,1,8
BRDA:56,7,0,2
BRDA:56,7,1,0
BRDA:57,8,0,0
BRDA:57,8,1,2
BRDA:57,9,0,2
BRDA:57,9,1,2
BRDA:62,10,0,1
BRDA:62,10,1,1
BRDA:63,11,0,0
BRDA:63,11,1,1
BRDA:107,12,0,6
BRDA:107,12,1,1
BRDA:107,13,0,7
BRDA:107,13,1,6
BRDA:109,14,0,0
BRDA:109,14,1,1
BRDA:109,15,0,1
BRDA:109,15,1,1
BRDA:111,16,0,0
BRDA:111,16,1,1
BRDA:111,17,0,1
BRDA:111,17,1,0
BRDA:113,18,0,1
BRDA:113,18,1,0
BRDA:116,19,0,6
BRDA:116,19,1,1
BRDA:116,20,0,7
BRDA:116,20,1,6
BRDA:122,21,0,0
BRDA:122,21,1,7
BRDA:122,22,0,7
BRDA:122,22,1,7
BRDA:131,23,0,6
BRDA:131,23,1,26
BRDA:131,24,0,32
BRDA:131,24,1,22
BRDA:134,25,0,6
BRDA:134,25,1,26
BRDA:134,26,0,32
BRDA:134,26,1,16
BRDA:137,27,0,7
BRDA:137,27,1,25
BRDA:137,28,0,32
BRDA:137,28,1,7
BRDA:140,29,0,7
BRDA:140,29,1,25
BRDA:140,30,0,32
BRDA:140,30,1,9
BRDA:143,31,0,7
BRDA:143,31,1,25
BRDA:143,32,0,32
BRDA:143,32,1,7
BRDA:143,32,2,7
BRDA:149,33,0,7
BRDA:149,33,1,25
BRDA:149,34,0,32
BRDA:149,34,1,7
BRDA:155,35,0,0
BRDA:155,35,1,7
BRDA:155,36,0,7
BRDA:155,36,1,7
BRDA:162,37,0,6
BRDA:162,37,1,1
BRDA:162,38,0,7
BRDA:162,38,1,6
BRDA:164,39,0,0
BRDA:164,39,1,1
BRDA:164,40,0,1
BRDA:164,40,1,1
BRDA:192,41,0,0
BRDA:192,41,1,1
BRDA:192,42,0,1
BRDA:192,42,1,1
BRDA:200,43,0,1
BRDA:200,43,1,0
BRDA:203,44,0,0
BRDA:203,44,1,1
BRDA:206,45,0,0
BRDA:206,45,1,1
BRDA:209,46,0,1
BRDA:209,46,1,0
BRDA:212,47,0,0
BRDA:212,47,1,1
BRDA:215,48,0,0
BRDA:215,48,1,1
BRDA:220,49,0,0
BRDA:220,49,1,1
BRDA:223,50,0,0
BRDA:223,50,1,1
BRDA:228,51,0,0
BRDA:228,51,1,1
BRDA:228,52,0,1
BRDA:228,52,1,1
BRDA:232,53,0,0
BRDA:232,53,1,1
BRDA:232,54,0,1
BRDA:232,54,1,0
BRDA:232,54,2,0
BRDA:252,55,0,0
BRDA:252,55,1,2
BRDA:252,56,0,2
BRDA:252,56,1,2
BRDA:259,57,0,0
BRDA:259,57,1,2
BRDA:262,58,0,0
BRDA:262,58,1,2
BRDA:266,59,0,2
BRDA:266,59,1,0
BRDA:269,60,0,2
BRDA:269,60,1,0
BRDA:272,61,0,2
BRDA:272,61,1,0
BRDA:275,62,0,2
BRDA:275,62,1,0
BRDA:280,63,0,0
BRDA:280,63,1,2
BRDA:280,64,0,2
BRDA:280,64,1,2
BRDA:285,65,0,0
BRDA:285,65,1,2
BRDA:285,66,0,2
BRDA:285,66,1,0
BRDA:285,66,2,0
BRF:137
BRH:97
end_of_record
TN:
SF:/home/ed/Aloes/device-manager/src/models/application.js
FN:15,(anonymous_0)
FN:20,(anonymous_1)
FN:26,(anonymous_2)
FN:46,(anonymous_3)
FN:87,(anonymous_4)
FN:112,(anonymous_5)
FN:129,(anonymous_6)
FN:134,(anonymous_7)
FN:160,(anonymous_8)
FN:168,(anonymous_9)
FN:185,(anonymous_10)
FN:194,(anonymous_11)
FN:202,(anonymous_12)
FN:297,(anonymous_13)
FN:317,(anonymous_14)
FN:355,(anonymous_15)
FN:374,(anonymous_16)
FN:411,(anonymous_17)
FN:481,(anonymous_18)
FN:514,(anonymous_19)
FN:558,(anonymous_20)
FN:592,(anonymous_21)
FN:608,(anonymous_22)
FN:633,(anonymous_23)
FN:673,(anonymous_24)
FN:696,(anonymous_25)
FN:710,(anonymous_26)
FN:761,(anonymous_27)
FNF:28
FNH:7
FNDA:2,(anonymous_0)
FNDA:12,(anonymous_1)
FNDA:0,(anonymous_2)
FNDA:0,(anonymous_3)
FNDA:0,(anonymous_4)
FNDA:0,(anonymous_5)
FNDA:2,(anonymous_6)
FNDA:2,(anonymous_7)
FNDA:0,(anonymous_8)
FNDA:0,(anonymous_9)
FNDA:0,(anonymous_10)
FNDA:0,(anonymous_11)
FNDA:0,(anonymous_12)
FNDA:1,(anonymous_13)
FNDA:0,(anonymous_14)
FNDA:0,(anonymous_15)
FNDA:0,(anonymous_16)
FNDA:0,(anonymous_17)
FNDA:0,(anonymous_18)
FNDA:0,(anonymous_19)
FNDA:0,(anonymous_20)
FNDA:1,(anonymous_21)
FNDA:0,(anonymous_22)
FNDA:0,(anonymous_23)
FNDA:0,(anonymous_24)
FNDA:0,(anonymous_25)
FNDA:2,(anonymous_26)
FNDA:0,(anonymous_27)
DA:5,1
DA:7,1
DA:15,1
DA:16,2
DA:17,2
DA:18,2
DA:19,2
DA:20,12
DA:21,2
DA:22,2
DA:24,0
DA:25,0
DA:26,0
DA:27,0
DA:29,0
DA:30,0
DA:31,0
DA:33,0
DA:35,0
DA:36,0
DA:46,1
DA:47,0
DA:48,0
DA:49,0
DA:50,0
DA:51,0
DA:52,0
DA:54,0
DA:55,0
DA:56,0
DA:70,0
DA:71,0
DA:73,0
DA:75,0
DA:87,1
DA:88,0
DA:89,0
DA:96,0
DA:97,0
DA:98,0
DA:100,0
DA:112,1
DA:113,0
DA:114,0
DA:115,0
DA:116,0
DA:117,0
DA:119,0
DA:129,1
DA:130,2
DA:131,2
DA:132,2
DA:133,2
DA:134,2
DA:136,2
DA:138,0
DA:139,0
DA:140,0
DA:141,0
DA:143,0
DA:146,2
DA:148,0
DA:149,0
DA:160,1
DA:161,0
DA:162,0
DA:163,0
DA:165,0
DA:166,0
DA:167,0
DA:168,0
DA:169,0
DA:171,0
DA:172,0
DA:173,0
DA:175,0
DA:185,1
DA:186,0
DA:187,0
DA:188,0
DA:189,0
DA:190,0
DA:192,0
DA:193,0
DA:194,0
DA:196,0
DA:198,0
DA:202,1
DA:203,0
DA:207,0
DA:214,0
DA:215,0
DA:216,0
DA:218,0
DA:219,0
DA:220,0
DA:221,0
DA:222,0
DA:224,0
DA:225,0
DA:228,0
DA:229,0
DA:230,0
DA:233,0
DA:234,0
DA:235,0
DA:236,0
DA:239,0
DA:240,0
DA:242,0
DA:243,0
DA:244,0
DA:245,0
DA:248,0
DA:249,0
DA:250,0
DA:251,0
DA:254,0
DA:255,0
DA:256,0
DA:257,0
DA:258,0
DA:259,0
DA:262,0
DA:263,0
DA:264,0
DA:265,0
DA:268,0
DA:269,0
DA:270,0
DA:271,0
DA:272,0
DA:277,0
DA:282,0
DA:284,0
DA:285,0
DA:297,1
DA:298,1
DA:299,1
DA:300,1
DA:302,1
DA:303,1
DA:304,1
DA:305,1
DA:307,1
DA:308,1
DA:317,1
DA:318,0
DA:319,0
DA:320,0
DA:328,0
DA:329,0
DA:332,0
DA:334,0
DA:336,0
DA:337,0
DA:338,0
DA:340,0
DA:341,0
DA:343,0
DA:345,0
DA:346,0
DA:355,1
DA:356,0
DA:364,0
DA:365,0
DA:374,1
DA:375,0
DA:376,0
DA:377,0
DA:378,0
DA:379,0
DA:380,0
DA:382,0
DA:383,0
DA:385,0
DA:393,0
DA:394,0
DA:396,0
DA:398,0
DA:399,0
DA:411,1
DA:412,0
DA:413,0
DA:414,0
DA:420,0
DA:422,0
DA:423,0
DA:424,0
DA:425,0
DA:427,0
DA:428,0
DA:431,0
DA:433,0
DA:434,0
DA:436,0
DA:440,0
DA:441,0
DA:442,0
DA:444,0
DA:445,0
DA:446,0
DA:447,0
DA:449,0
DA:450,0
DA:451,0
DA:452,0
DA:454,0
DA:461,0
DA:463,0
DA:467,0
DA:469,0
DA:470,0
DA:481,1
DA:482,0
DA:484,0
DA:485,0
DA:486,0
DA:487,0
DA:488,0
DA:489,0
DA:490,0
DA:492,0
DA:494,0
DA:495,0
DA:496,0
DA:498,0
DA:499,0
DA:500,0
DA:502,0
DA:503,0
DA:514,1
DA:515,0
DA:516,0
DA:517,0
DA:519,0
DA:520,0
DA:521,0
DA:522,0
DA:527,0
DA:529,0
DA:530,0
DA:531,0
DA:534,0
DA:535,0
DA:536,0
DA:537,0
DA:538,0
DA:540,0
DA:541,0
DA:542,0
DA:545,0
DA:546,0
DA:547,0
DA:549,0
DA:550,0
DA:552,0
DA:553,0
DA:554,0
DA:558,0
DA:559,0
DA:561,0
DA:565,0
DA:566,0
DA:567,0
DA:568,0
DA:569,0
DA:571,0
DA:573,0
DA:574,0
DA:592,1
DA:593,1
DA:594,1
DA:595,1
DA:596,1
DA:599,0
DA:600,0
DA:608,0
DA:609,0
DA:610,0
DA:616,0
DA:617,0
DA:618,0
DA:620,0
DA:622,1
DA:623,1
DA:633,1
DA:634,0
DA:635,0
DA:636,0
DA:637,0
DA:638,0
DA:640,0
DA:641,0
DA:642,0
DA:643,0
DA:648,0
DA:649,0
DA:650,0
DA:651,0
DA:653,0
DA:655,0
DA:658,0
DA:660,0
DA:661,0
DA:673,1
DA:674,0
DA:675,0
DA:676,0
DA:677,0
DA:678,0
DA:679,0
DA:681,0
DA:683,0
DA:696,1
DA:697,0
DA:698,0
DA:699,0
DA:700,0
DA:701,0
DA:702,0
DA:703,0
DA:704,0
DA:706,0
DA:710,1
DA:711,2
DA:712,2
DA:713,0
DA:714,0
DA:716,2
DA:717,2
DA:718,2
DA:720,0
DA:721,0
DA:735,1
DA:746,1
DA:757,1
DA:759,1
DA:761,1
DA:762,0
DA:764,0
LF:341
LH:61
BRDA:17,0,0,0
BRDA:17,0,1,2
BRDA:17,1,0,2
BRDA:17,1,1,2
BRDA:18,2,0,2
BRDA:18,2,1,0
BRDA:24,3,0,0
BRDA:24,3,1,0
BRDA:50,4,0,0
BRDA:50,4,1,0
BRDA:54,5,0,0
BRDA:54,5,1,0
BRDA:70,6,0,0
BRDA:70,6,1,0
BRDA:96,7,0,0
BRDA:96,7,1,0
BRDA:115,8,0,0
BRDA:115,8,1,0
BRDA:131,9,0,2
BRDA:131,9,1,0
BRDA:134,10,0,2
BRDA:134,10,1,0
BRDA:136,11,0,0
BRDA:136,11,1,2
BRDA:138,12,0,0
BRDA:138,12,1,0
BRDA:138,13,0,0
BRDA:138,13,1,0
BRDA:140,14,0,0
BRDA:140,14,1,0
BRDA:162,15,0,0
BRDA:162,15,1,0
BRDA:162,16,0,0
BRDA:162,16,1,0
BRDA:162,16,2,0
BRDA:167,17,0,0
BRDA:167,17,1,0
BRDA:167,18,0,0
BRDA:167,18,1,0
BRDA:188,19,0,0
BRDA:188,19,1,0
BRDA:188,20,0,0
BRDA:188,20,1,0
BRDA:188,20,2,0
BRDA:207,21,0,0
BRDA:207,21,1,0
BRDA:208,22,0,0
BRDA:208,22,1,0
BRDA:208,22,2,0
BRDA:214,23,0,0
BRDA:214,23,1,0
BRDA:215,24,0,0
BRDA:215,24,1,0
BRDA:215,25,0,0
BRDA:215,25,1,0
BRDA:219,26,0,0
BRDA:219,26,1,0
BRDA:219,27,0,0
BRDA:219,27,1,0
BRDA:220,28,0,0
BRDA:220,28,1,0
BRDA:221,29,0,0
BRDA:221,29,1,0
BRDA:224,30,0,0
BRDA:224,30,1,0
BRDA:228,31,0,0
BRDA:228,31,1,0
BRDA:229,32,0,0
BRDA:229,32,1,0
BRDA:233,33,0,0
BRDA:233,33,1,0
BRDA:234,34,0,0
BRDA:234,34,1,0
BRDA:235,35,0,0
BRDA:235,35,1,0
BRDA:235,36,0,0
BRDA:235,36,1,0
BRDA:240,37,0,0
BRDA:240,37,1,0
BRDA:242,38,0,0
BRDA:242,38,1,0
BRDA:244,39,0,0
BRDA:244,39,1,0
BRDA:248,40,0,0
BRDA:248,40,1,0
BRDA:249,41,0,0
BRDA:249,41,1,0
BRDA:250,42,0,0
BRDA:250,42,1,0
BRDA:250,43,0,0
BRDA:250,43,1,0
BRDA:255,44,0,0
BRDA:255,44,1,0
BRDA:256,45,0,0
BRDA:256,45,1,0
BRDA:258,46,0,0
BRDA:258,46,1,0
BRDA:262,47,0,0
BRDA:262,47,1,0
BRDA:262,48,0,0
BRDA:262,48,1,0
BRDA:263,49,0,0
BRDA:263,49,1,0
BRDA:264,50,0,0
BRDA:264,50,1,0
BRDA:264,51,0,0
BRDA:264,51,1,0
BRDA:269,52,0,0
BRDA:269,52,1,0
BRDA:270,53,0,0
BRDA:270,53,1,0
BRDA:271,54,0,0
BRDA:271,54,1,0
BRDA:319,55,0,0
BRDA:319,55,1,0
BRDA:319,56,0,0
BRDA:319,56,1,0
BRDA:325,57,0,0
BRDA:325,57,1,0
BRDA:328,58,0,0
BRDA:328,58,1,0
BRDA:328,59,0,0
BRDA:328,59,1,0
BRDA:328,59,2,0
BRDA:332,60,0,0
BRDA:332,60,1,0
BRDA:332,61,0,0
BRDA:332,61,1,0
BRDA:336,62,0,0
BRDA:336,62,1,0
BRDA:377,63,0,0
BRDA:377,63,1,0
BRDA:378,64,0,0
BRDA:378,64,1,0
BRDA:379,65,0,0
BRDA:379,65,1,0
BRDA:383,66,0,0
BRDA:383,66,1,0
BRDA:383,67,0,0
BRDA:383,67,1,0
BRDA:414,68,0,0
BRDA:414,68,1,0
BRDA:415,69,0,0
BRDA:415,69,1,0
BRDA:415,69,2,0
BRDA:415,69,3,0
BRDA:427,70,0,0
BRDA:427,70,1,0
BRDA:431,71,0,0
BRDA:431,71,1,0
BRDA:431,71,2,0
BRDA:431,71,3,0
BRDA:431,71,4,0
BRDA:431,71,5,0
BRDA:433,72,0,0
BRDA:433,72,1,0
BRDA:440,73,0,0
BRDA:440,73,1,0
BRDA:440,74,0,0
BRDA:440,74,1,0
BRDA:445,75,0,0
BRDA:445,75,1,0
BRDA:445,76,0,0
BRDA:445,76,1,0
BRDA:450,77,0,0
BRDA:450,77,1,0
BRDA:450,78,0,0
BRDA:450,78,1,0
BRDA:484,79,0,0
BRDA:484,79,1,0
BRDA:487,80,0,0
BRDA:487,80,1,0
BRDA:489,81,0,0
BRDA:489,81,1,0
BRDA:495,82,0,0
BRDA:495,82,1,0
BRDA:495,83,0,0
BRDA:495,83,1,0
BRDA:516,84,0,0
BRDA:516,84,1,0
BRDA:516,85,0,0
BRDA:516,85,1,0
BRDA:516,85,2,0
BRDA:516,85,3,0
BRDA:522,86,0,0
BRDA:522,86,1,0
BRDA:523,87,0,0
BRDA:523,87,1,0
BRDA:523,87,2,0
BRDA:530,88,0,0
BRDA:530,88,1,0
BRDA:536,89,0,0
BRDA:536,89,1,0
BRDA:537,90,0,0
BRDA:537,90,1,0
BRDA:541,91,0,0
BRDA:541,91,1,0
BRDA:546,92,0,0
BRDA:546,92,1,0
BRDA:549,93,0,0
BRDA:549,93,1,0
BRDA:595,94,0,1
BRDA:595,94,1,0
BRDA:609,95,0,0
BRDA:609,95,1,0
BRDA:609,96,0,0
BRDA:609,96,1,0
BRDA:616,97,0,0
BRDA:616,97,1,0
BRDA:616,98,0,0
BRDA:616,98,1,0
BRDA:635,99,0,0
BRDA:635,99,1,0
BRDA:635,100,0,0
BRDA:635,100,1,0
BRDA:636,101,0,0
BRDA:636,101,1,0
BRDA:636,102,0,0
BRDA:636,102,1,0
BRDA:641,103,0,0
BRDA:641,103,1,0
BRDA:641,104,0,0
BRDA:641,104,1,0
BRDA:648,105,0,0
BRDA:648,105,1,0
BRDA:648,106,0,0
BRDA:648,106,1,0
BRDA:675,107,0,0
BRDA:675,107,1,0
BRDA:675,108,0,0
BRDA:675,108,1,0
BRDA:678,109,0,0
BRDA:678,109,1,0
BRDA:678,110,0,0
BRDA:678,110,1,0
BRDA:699,111,0,0
BRDA:699,111,1,0
BRDA:699,112,0,0
BRDA:699,112,1,0
BRDA:703,113,0,0
BRDA:703,113,1,0
BRDA:703,114,0,0
BRDA:703,114,1,0
BRDA:712,115,0,0
BRDA:712,115,1,2
BRDA:713,116,0,0
BRDA:713,116,1,0
BRDA:714,117,0,0
BRDA:714,117,1,0
BRDA:714,118,0,0
BRDA:714,118,1,0
BRF:251
BRH:9
end_of_record
TN:
SF:/home/ed/Aloes/device-manager/src/models/client.js
FN:14,(anonymous_0)
FN:28,(anonymous_1)
FN:54,(anonymous_2)
FN:71,(anonymous_3)
FNF:4
FNH:2
FNDA:1,(anonymous_0)
FNDA:0,(anonymous_1)
FNDA:0,(anonymous_2)
FNDA:2,(anonymous_3)
DA:14,1
DA:15,1
DA:17,1
DA:18,1
DA:19,1
DA:20,1
DA:28,1
DA:30,0
DA:31,0
DA:33,0
DA:35,0
DA:36,0
DA:37,0
DA:39,0
DA:40,0
DA:42,0
DA:45,0
DA:54,1
DA:55,0
DA:56,0
DA:57,0
DA:58,0
DA:59,0
DA:60,0
DA:61,0
DA:64,0
DA:66,0
DA:67,0
DA:71,1
DA:72,2
DA:73,2
DA:74,2
DA:76,0
LF:33
LH:12
BRDA:30,0,0,0
BRDA:30,0,1,0
BRDA:30,1,0,0
BRDA:30,1,1,0
BRDA:39,2,0,0
BRDA:39,2,1,0
BRDA:59,3,0,0
BRDA:59,3,1,0
BRDA:59,4,0,0
BRDA:59,4,1,0
BRF:10
BRH:0
end_of_record
TN:
SF:/home/ed/Aloes/device-manager/src/models/device.js
FN:17,(anonymous_0)
FN:86,(anonymous_1)
FN:104,(anonymous_2)
FN:109,(anonymous_3)
FN:115,(anonymous_4)
FN:145,(anonymous_5)
FN:189,(anonymous_6)
FN:219,(anonymous_7)
FN:245,(anonymous_8)
FN:331,(anonymous_9)
FN:336,(anonymous_10)
FN:363,(anonymous_11)
FN:374,(anonymous_12)
FN:390,(anonymous_13)
FN:400,(anonymous_14)
FN:410,(anonymous_15)
FN:534,(anonymous_16)
FN:606,(anonymous_17)
FN:616,(anonymous_18)
FN:686,(anonymous_19)
FN:688,(anonymous_20)
FN:692,(anonymous_21)
FN:715,(anonymous_22)
FN:760,(anonymous_23)
FN:761,transportProtocolValidator
FN:764,(anonymous_25)
FN:770,messageProtocolValidator
FN:773,(anonymous_27)
FN:779,typeValidator
FN:810,(anonymous_29)
FN:839,(anonymous_30)
FN:871,(anonymous_31)
FN:890,(anonymous_32)
FN:926,(anonymous_33)
FN:955,(anonymous_34)
FN:960,(anonymous_35)
FN:979,(anonymous_36)
FN:1070,(anonymous_37)
FN:1120,(anonymous_38)
FN:1139,(anonymous_39)
FN:1140,(anonymous_40)
FN:1170,(anonymous_41)
FN:1178,(anonymous_42)
FN:1214,(anonymous_43)
FN:1217,(anonymous_44)
FN:1218,(anonymous_45)
FN:1233,(anonymous_46)
FN:1254,(anonymous_47)
FN:1316,(anonymous_48)
FN:1339,(anonymous_49)
FN:1398,(anonymous_50)
FN:1414,(anonymous_51)
FN:1440,(anonymous_52)
FN:1473,(anonymous_53)
FN:1521,(anonymous_54)
FN:1531,(anonymous_55)
FN:1557,(anonymous_56)
FN:1577,(anonymous_57)
FN:1633,(anonymous_58)
FN:1635,(anonymous_59)
FNF:60
FNH:46
FNDA:19,(anonymous_0)
FNDA:19,(anonymous_1)
FNDA:43,(anonymous_2)
FNDA:144,(anonymous_3)
FNDA:114,(anonymous_4)
FNDA:19,(anonymous_5)
FNDA:16,(anonymous_6)
FNDA:3,(anonymous_7)
FNDA:4,(anonymous_8)
FNDA:43,(anonymous_9)
FNDA:47,(anonymous_10)
FNDA:18,(anonymous_11)
FNDA:5,(anonymous_12)
FNDA:12,(anonymous_13)
FNDA:16,(anonymous_14)
FNDA:30,(anonymous_15)
FNDA:1,(anonymous_16)
FNDA:0,(anonymous_17)
FNDA:0,(anonymous_18)
FNDA:0,(anonymous_19)
FNDA:0,(anonymous_20)
FNDA:0,(anonymous_21)
FNDA:0,(anonymous_22)
FNDA:1,(anonymous_23)
FNDA:42,transportProtocolValidator
FNDA:84,(anonymous_25)
FNDA:42,messageProtocolValidator
FNDA:84,(anonymous_27)
FNDA:42,typeValidator
FNDA:43,(anonymous_29)
FNDA:0,(anonymous_30)
FNDA:0,(anonymous_31)
FNDA:2,(anonymous_32)
FNDA:1,(anonymous_33)
FNDA:3,(anonymous_34)
FNDA:2,(anonymous_35)
FNDA:0,(anonymous_36)
FNDA:1,(anonymous_37)
FNDA:0,(anonymous_38)
FNDA:0,(anonymous_39)
FNDA:0,(anonymous_40)
FNDA:1,(anonymous_41)
FNDA:2,(anonymous_42)
FNDA:2,(anonymous_43)
FNDA:10,(anonymous_44)
FNDA:50,(anonymous_45)
FNDA:0,(anonymous_46)
FNDA:7,(anonymous_47)
FNDA:1,(anonymous_48)
FNDA:1,(anonymous_49)
FNDA:9,(anonymous_50)
FNDA:18,(anonymous_51)
FNDA:1,(anonymous_52)
FNDA:1,(anonymous_53)
FNDA:0,(anonymous_54)
FNDA:5,(anonymous_55)
FNDA:1,(anonymous_56)
FNDA:2,(anonymous_57)
FNDA:30,(anonymous_58)
FNDA:9,(anonymous_59)
DA:8,1
DA:9,1
DA:17,1
DA:18,19
DA:19,19
DA:21,0
DA:22,0
DA:23,0
DA:24,0
DA:25,0
DA:29,0
DA:33,0
DA:34,0
DA:38,0
DA:42,0
DA:44,0
DA:46,19
DA:47,0
DA:48,19
DA:49,0
DA:50,0
DA:51,0
DA:55,0
DA:59,0
DA:60,0
DA:64,0
DA:68,0
DA:70,19
DA:74,19
DA:76,0
DA:86,1
DA:87,19
DA:88,19
DA:89,19
DA:90,19
DA:92,19
DA:94,0
DA:104,1
DA:105,43
DA:106,43
DA:107,43
DA:108,24
DA:109,144
DA:110,24
DA:111,24
DA:113,19
DA:114,19
DA:115,19
DA:116,114
DA:118,19
DA:119,19
DA:120,19
DA:123,19
DA:124,19
DA:126,19
DA:127,19
DA:132,0
DA:134,0
DA:135,0
DA:145,1
DA:146,19
DA:147,19
DA:148,19
DA:149,19
DA:150,19
DA:151,16
DA:152,16
DA:154,19
DA:155,16
DA:156,16
DA:171,19
DA:172,16
DA:173,16
DA:175,19
DA:177,0
DA:178,0
DA:189,1
DA:190,16
DA:191,16
DA:199,16
DA:201,16
DA:202,0
DA:203,0
DA:205,16
DA:207,0
DA:208,0
DA:219,1
DA:220,3
DA:222,3
DA:223,3
DA:224,3
DA:225,0
DA:238,3
DA:240,0
DA:241,0
DA:245,1
DA:246,4
DA:247,4
DA:251,4
DA:253,4
DA:255,4
DA:256,1
DA:257,1
DA:259,1
DA:260,0
DA:261,0
DA:262,0
DA:263,0
DA:264,0
DA:266,0
DA:268,0
DA:272,4
DA:274,1
DA:275,0
DA:276,1
DA:277,1
DA:281,1
DA:282,1
DA:283,0
DA:284,0
DA:285,0
DA:286,0
DA:288,1
DA:289,1
DA:290,1
DA:291,1
DA:293,0
DA:297,0
DA:298,0
DA:299,0
DA:303,1
DA:304,1
DA:305,1
DA:306,0
DA:307,0
DA:308,0
DA:309,0
DA:313,4
DA:314,1
DA:315,1
DA:318,4
DA:320,0
DA:321,0
DA:331,1
DA:332,43
DA:333,43
DA:334,24
DA:335,24
DA:336,47
DA:339,7
DA:341,19
DA:342,19
DA:343,19
DA:344,16
DA:346,3
DA:349,43
DA:351,0
DA:352,0
DA:363,1
DA:364,18
DA:365,18
DA:366,0
DA:368,18
DA:369,18
DA:372,18
DA:373,18
DA:374,18
DA:375,18
DA:377,18
DA:378,18
DA:380,0
DA:390,1
DA:391,12
DA:392,12
DA:393,12
DA:394,2
DA:395,2
DA:397,10
DA:398,10
DA:399,10
DA:400,16
DA:403,12
DA:405,0
DA:406,0
DA:410,1
DA:411,30
DA:412,30
DA:419,4
DA:420,4
DA:421,0
DA:423,4
DA:424,4
DA:425,1
DA:426,1
DA:427,0
DA:429,1
DA:430,1
DA:433,4
DA:434,4
DA:435,3
DA:438,4
DA:439,4
DA:440,1
DA:442,26
DA:443,2
DA:444,2
DA:445,0
DA:447,2
DA:448,2
DA:449,1
DA:450,1
DA:451,1
DA:454,24
DA:455,0
DA:456,0
DA:457,0
DA:459,0
DA:460,0
DA:461,0
DA:462,0
DA:464,24
DA:465,1
DA:466,1
DA:467,0
DA:470,1
DA:471,1
DA:473,1
DA:474,1
DA:475,1
DA:476,0
DA:479,23
DA:480,2
DA:481,2
DA:482,0
DA:485,2
DA:486,2
DA:487,2
DA:488,2
DA:489,2
DA:490,1
DA:493,21
DA:494,2
DA:495,2
DA:496,0
DA:499,2
DA:500,2
DA:501,2
DA:502,2
DA:503,0
DA:508,0
DA:513,30
DA:515,0
DA:516,0
DA:534,1
DA:535,1
DA:536,1
DA:537,0
DA:538,0
DA:540,1
DA:541,1
DA:542,1
DA:543,0
DA:544,0
DA:546,0
DA:547,0
DA:548,0
DA:552,1
DA:553,1
DA:555,1
DA:560,0
DA:564,0
DA:565,0
DA:566,0
DA:567,0
DA:570,0
DA:577,0
DA:579,1
DA:580,1
DA:584,1
DA:585,1
DA:587,0
DA:589,1
DA:590,0
DA:591,0
DA:593,1
DA:594,1
DA:595,1
DA:596,1
DA:598,0
DA:599,0
DA:602,0
DA:606,1
DA:607,0
DA:608,0
DA:610,0
DA:611,0
DA:613,0
DA:616,1
DA:617,0
DA:618,0
DA:619,0
DA:620,0
DA:630,0
DA:631,0
DA:634,0
DA:635,0
DA:647,0
DA:650,0
DA:651,0
DA:654,0
DA:655,0
DA:661,0
DA:671,0
DA:674,0
DA:675,0
DA:677,0
DA:680,0
DA:684,0
DA:686,0
DA:687,0
DA:688,0
DA:689,0
DA:690,0
DA:692,0
DA:693,0
DA:694,0
DA:697,0
DA:698,0
DA:699,0
DA:700,0
DA:702,0
DA:705,0
DA:706,0
DA:707,0
DA:709,0
DA:711,0
DA:715,1
DA:716,0
DA:717,0
DA:718,0
DA:720,0
DA:722,0
DA:760,1
DA:762,42
DA:764,84
DA:766,0
DA:771,42
DA:773,84
DA:775,0
DA:780,42
DA:781,0
DA:785,1
DA:789,1
DA:793,1
DA:797,1
DA:798,1
DA:799,1
DA:810,1
DA:811,43
DA:813,43
DA:814,0
DA:816,43
DA:824,43
DA:825,43
DA:827,0
DA:831,43
DA:838,43
DA:839,0
DA:840,0
DA:841,0
DA:842,0
DA:843,0
DA:844,0
DA:845,0
DA:847,0
DA:850,0
DA:853,43
DA:854,43
DA:857,43
DA:859,0
DA:861,0
DA:862,0
DA:871,1
DA:872,0
DA:880,0
DA:881,0
DA:890,1
DA:891,2
DA:892,2
DA:893,2
DA:894,2
DA:895,2
DA:896,2
DA:897,1
DA:898,1
DA:900,1
DA:908,1
DA:909,1
DA:911,0
DA:912,0
DA:914,1
DA:915,1
DA:926,1
DA:927,1
DA:928,1
DA:932,1
DA:933,0
DA:934,0
DA:936,1
DA:937,1
DA:938,1
DA:939,1
DA:941,0
DA:943,1
DA:945,0
DA:946,0
DA:955,1
DA:956,3
DA:957,3
DA:958,3
DA:959,3
DA:960,3
DA:961,2
DA:963,3
DA:964,3
DA:966,0
DA:968,0
DA:979,1
DA:980,0
DA:981,0
DA:982,0
DA:983,0
DA:989,0
DA:1007,0
DA:1008,0
DA:1012,0
DA:1013,0
DA:1018,0
DA:1019,0
DA:1021,0
DA:1024,0
DA:1025,0
DA:1027,0
DA:1028,0
DA:1032,0
DA:1033,0
DA:1037,0
DA:1038,0
DA:1043,0
DA:1044,0
DA:1045,0
DA:1050,0
DA:1053,0
DA:1057,0
DA:1059,0
DA:1060,0
DA:1070,1
DA:1071,1
DA:1072,1
DA:1073,1
DA:1075,1
DA:1076,1
DA:1078,1
DA:1093,1
DA:1109,1
DA:1110,0
DA:1112,1
DA:1113,1
DA:1115,0
DA:1116,0
DA:1118,0
DA:1119,0
DA:1120,0
DA:1121,0
DA:1137,0
DA:1138,0
DA:1139,0
DA:1140,0
DA:1141,0
DA:1142,0
DA:1145,0
DA:1151,1
DA:1153,1
DA:1154,0
DA:1156,1
DA:1157,1
DA:1159,0
DA:1160,0
DA:1170,1
DA:1171,1
DA:1172,1
DA:1173,1
DA:1175,1
DA:1176,1
DA:1177,1
DA:1178,1
DA:1179,2
DA:1195,1
DA:1197,1
DA:1198,0
DA:1200,1
DA:1201,1
DA:1203,0
DA:1204,0
DA:1214,1
DA:1215,2
DA:1216,2
DA:1217,2
DA:1218,50
DA:1220,2
DA:1221,2
DA:1223,0
DA:1233,1
DA:1234,0
DA:1236,0
DA:1237,0
DA:1238,0
DA:1239,0
DA:1240,0
DA:1242,0
DA:1243,0
DA:1254,1
DA:1255,7
DA:1256,7
DA:1257,0
DA:1259,7
DA:1260,7
DA:1261,7
DA:1262,6
DA:1265,6
DA:1266,6
DA:1267,6
DA:1268,6
DA:1270,6
DA:1271,4
DA:1272,4
DA:1274,4
DA:1275,4
DA:1276,3
DA:1278,4
DA:1280,2
DA:1281,2
DA:1282,2
DA:1284,2
DA:1285,1
DA:1287,1
DA:1290,2
DA:1292,6
DA:1293,6
DA:1299,6
DA:1301,1
DA:1303,0
DA:1304,0
DA:1316,1
DA:1317,1
DA:1318,1
DA:1319,1
DA:1320,0
DA:1321,0
DA:1325,1
DA:1327,0
DA:1328,0
DA:1339,1
DA:1340,1
DA:1341,1
DA:1342,1
DA:1344,0
DA:1349,0
DA:1352,0
DA:1353,0
DA:1362,0
DA:1363,0
DA:1365,1
DA:1366,1
DA:1368,0
DA:1369,0
DA:1372,0
DA:1374,0
DA:1376,0
DA:1378,1
DA:1380,0
DA:1398,1
DA:1399,9
DA:1400,9
DA:1401,9
DA:1402,0
DA:1403,0
DA:1405,9
DA:1406,9
DA:1414,9
DA:1415,18
DA:1416,8
DA:1422,9
DA:1423,1
DA:1424,1
DA:1426,8
DA:1427,8
DA:1429,1
DA:1430,1
DA:1440,1
DA:1441,1
DA:1442,1
DA:1443,1
DA:1453,1
DA:1455,1
DA:1456,1
DA:1457,1
DA:1459,0
DA:1460,0
DA:1462,0
DA:1463,0
DA:1473,1
DA:1474,1
DA:1475,1
DA:1476,1
DA:1493,1
DA:1495,1
DA:1496,1
DA:1497,1
DA:1500,1
DA:1501,1
DA:1503,0
DA:1505,0
DA:1506,0
DA:1508,0
DA:1509,0
DA:1521,1
DA:1531,1
DA:1532,5
DA:1533,5
DA:1534,5
DA:1535,5
DA:1536,5
DA:1537,0
DA:1539,5
DA:1541,0
DA:1542,0
DA:1557,1
DA:1558,1
DA:1559,1
DA:1560,1
DA:1561,1
DA:1562,1
DA:1563,1
DA:1564,1
DA:1565,1
DA:1566,1
DA:1567,1
DA:1568,0
DA:1569,0
DA:1572,0
DA:1573,0
DA:1577,1
DA:1578,2
DA:1579,2
DA:1580,0
DA:1581,0
DA:1583,2
DA:1585,2
DA:1587,0
DA:1588,0
DA:1601,1
DA:1612,1
DA:1623,1
DA:1633,30
DA:1635,1
DA:1636,9
DA:1638,9
DA:1686,1
DA:1687,1
DA:1688,1
DA:1690,1
DA:1692,1
DA:1693,1
DA:1694,1
DA:1695,1
DA:1696,1
DA:1697,1
DA:1699,1
DA:1700,1
LF:680
LH:405
BRDA:19,0,0,0
BRDA:19,0,1,19
BRDA:19,0,2,0
BRDA:21,1,0,0
BRDA:21,1,1,0
BRDA:21,2,0,0
BRDA:21,2,1,0
BRDA:23,3,0,0
BRDA:23,3,1,0
BRDA:23,4,0,0
BRDA:23,4,1,0
BRDA:23,4,2,0
BRDA:24,5,0,0
BRDA:24,5,1,0
BRDA:33,6,0,0
BRDA:33,6,1,0
BRDA:46,7,0,0
BRDA:46,7,1,19
BRDA:46,8,0,19
BRDA:46,8,1,0
BRDA:48,9,0,0
BRDA:48,9,1,19
BRDA:48,10,0,19
BRDA:48,10,1,0
BRDA:48,10,2,0
BRDA:50,11,0,0
BRDA:50,11,1,0
BRDA:59,12,0,0
BRDA:59,12,1,0
BRDA:88,13,0,19
BRDA:88,13,1,0
BRDA:88,14,0,19
BRDA:88,14,1,19
BRDA:106,15,0,0
BRDA:106,15,1,43
BRDA:106,16,0,43
BRDA:106,16,1,43
BRDA:107,17,0,24
BRDA:107,17,1,19
BRDA:113,18,0,19
BRDA:113,18,1,0
BRDA:119,19,0,19
BRDA:119,19,1,0
BRDA:119,20,0,19
BRDA:119,20,1,19
BRDA:123,21,0,19
BRDA:123,21,1,0
BRDA:123,22,0,19
BRDA:123,22,1,19
BRDA:150,23,0,16
BRDA:150,23,1,3
BRDA:150,24,0,19
BRDA:150,24,1,3
BRDA:154,25,0,16
BRDA:154,25,1,3
BRDA:154,26,0,19
BRDA:154,26,1,3
BRDA:171,27,0,16
BRDA:171,27,1,3
BRDA:201,28,0,0
BRDA:201,28,1,16
BRDA:201,29,0,16
BRDA:201,29,1,16
BRDA:224,30,0,0
BRDA:224,30,1,3
BRDA:224,31,0,3
BRDA:224,31,1,0
BRDA:255,32,0,1
BRDA:255,32,1,3
BRDA:259,33,0,0
BRDA:259,33,1,1
BRDA:259,34,0,1
BRDA:259,34,1,0
BRDA:259,34,2,0
BRDA:263,35,0,0
BRDA:263,35,1,0
BRDA:272,36,0,1
BRDA:272,36,1,3
BRDA:274,37,0,0
BRDA:274,37,1,1
BRDA:276,38,0,1
BRDA:276,38,1,0
BRDA:281,39,0,1
BRDA:281,39,1,0
BRDA:282,40,0,0
BRDA:282,40,1,1
BRDA:285,41,0,0
BRDA:285,41,1,0
BRDA:288,42,0,1
BRDA:288,42,1,0
BRDA:289,43,0,1
BRDA:289,43,1,0
BRDA:293,44,0,0
BRDA:293,44,1,0
BRDA:294,45,0,0
BRDA:294,45,1,0
BRDA:297,46,0,0
BRDA:297,46,1,0
BRDA:303,47,0,1
BRDA:303,47,1,0
BRDA:306,48,0,0
BRDA:306,48,1,0
BRDA:306,49,0,0
BRDA:306,49,1,0
BRDA:306,49,2,0
BRDA:313,50,0,1
BRDA:313,50,1,3
BRDA:313,51,0,4
BRDA:313,51,1,1
BRDA:333,52,0,24
BRDA:333,52,1,19
BRDA:336,53,0,7
BRDA:336,53,1,17
BRDA:339,54,0,6
BRDA:339,54,1,1
BRDA:341,55,0,19
BRDA:341,55,1,0
BRDA:341,56,0,19
BRDA:341,56,1,19
BRDA:343,57,0,16
BRDA:343,57,1,3
BRDA:365,58,0,0
BRDA:365,58,1,18
BRDA:365,59,0,18
BRDA:365,59,1,18
BRDA:365,59,2,18
BRDA:373,60,0,18
BRDA:373,60,1,0
BRDA:373,61,0,18
BRDA:373,61,1,18
BRDA:393,62,0,2
BRDA:393,62,1,10
BRDA:393,63,0,12
BRDA:393,63,1,12
BRDA:393,63,2,2
BRDA:399,64,0,6
BRDA:399,64,1,4
BRDA:399,65,0,10
BRDA:399,65,1,10
BRDA:412,66,0,4
BRDA:412,66,1,26
BRDA:413,67,0,30
BRDA:413,67,1,27
BRDA:413,67,2,26
BRDA:419,68,0,4
BRDA:419,68,1,0
BRDA:420,69,0,0
BRDA:420,69,1,4
BRDA:420,70,0,4
BRDA:420,70,1,4
BRDA:424,71,0,1
BRDA:424,71,1,3
BRDA:424,72,0,4
BRDA:424,72,1,4
BRDA:425,73,0,1
BRDA:425,73,1,0
BRDA:426,74,0,0
BRDA:426,74,1,1
BRDA:429,75,0,1
BRDA:429,75,1,0
BRDA:433,76,0,4
BRDA:433,76,1,0
BRDA:434,77,0,3
BRDA:434,77,1,1
BRDA:439,78,0,1
BRDA:439,78,1,3
BRDA:439,79,0,4
BRDA:439,79,1,1
BRDA:442,80,0,2
BRDA:442,80,1,24
BRDA:442,81,0,26
BRDA:442,81,1,25
BRDA:443,82,0,2
BRDA:443,82,1,0
BRDA:444,83,0,0
BRDA:444,83,1,2
BRDA:444,84,0,2
BRDA:444,84,1,2
BRDA:448,85,0,1
BRDA:448,85,1,1
BRDA:449,86,0,0
BRDA:449,86,1,1
BRDA:454,87,0,0
BRDA:454,87,1,24
BRDA:455,88,0,0
BRDA:455,88,1,0
BRDA:456,89,0,0
BRDA:456,89,1,0
BRDA:456,90,0,0
BRDA:456,90,1,0
BRDA:460,91,0,0
BRDA:460,91,1,0
BRDA:461,92,0,0
BRDA:461,92,1,0
BRDA:464,93,0,1
BRDA:464,93,1,23
BRDA:465,94,0,1
BRDA:465,94,1,0
BRDA:466,95,0,0
BRDA:466,95,1,1
BRDA:466,96,0,1
BRDA:466,96,1,1
BRDA:471,97,0,0
BRDA:471,97,1,1
BRDA:473,98,0,1
BRDA:473,98,1,0
BRDA:475,99,0,0
BRDA:475,99,1,1
BRDA:479,100,0,2
BRDA:479,100,1,21
BRDA:480,101,0,2
BRDA:480,101,1,0
BRDA:481,102,0,0
BRDA:481,102,1,2
BRDA:481,103,0,2
BRDA:481,103,1,2
BRDA:486,104,0,0
BRDA:486,104,1,2
BRDA:487,105,0,2
BRDA:487,105,1,0
BRDA:489,106,0,1
BRDA:489,106,1,1
BRDA:493,107,0,2
BRDA:493,107,1,19
BRDA:493,108,0,21
BRDA:493,108,1,20
BRDA:494,109,0,2
BRDA:494,109,1,0
BRDA:495,110,0,0
BRDA:495,110,1,2
BRDA:495,111,0,2
BRDA:495,111,1,2
BRDA:500,112,0,2
BRDA:500,112,1,0
BRDA:501,113,0,2
BRDA:501,113,1,0
BRDA:502,114,0,0
BRDA:502,114,1,2
BRDA:536,115,0,0
BRDA:536,115,1,1
BRDA:536,116,0,1
BRDA:536,116,1,1
BRDA:536,116,2,1
BRDA:536,116,3,1
BRDA:541,117,0,1
BRDA:541,117,1,0
BRDA:542,118,0,0
BRDA:542,118,1,1
BRDA:544,119,0,0
BRDA:544,119,1,0
BRDA:544,120,0,0
BRDA:544,120,1,0
BRDA:555,121,0,0
BRDA:555,121,1,1
BRDA:556,122,0,1
BRDA:556,122,1,1
BRDA:556,122,2,0
BRDA:556,122,3,0
BRDA:565,123,0,0
BRDA:565,123,1,0
BRDA:565,124,0,0
BRDA:565,124,1,0
BRDA:579,125,0,1
BRDA:579,125,1,0
BRDA:579,126,0,1
BRDA:579,126,1,1
BRDA:579,126,2,1
BRDA:584,127,0,1
BRDA:584,127,1,0
BRDA:589,128,0,0
BRDA:589,128,1,1
BRDA:589,129,0,1
BRDA:589,129,1,1
BRDA:606,130,0,0
BRDA:607,131,0,0
BRDA:607,131,1,0
BRDA:610,132,0,0
BRDA:610,132,1,0
BRDA:610,133,0,0
BRDA:610,133,1,0
BRDA:620,134,0,0
BRDA:620,134,1,0
BRDA:621,135,0,0
BRDA:621,135,1,0
BRDA:621,135,2,0
BRDA:621,135,3,0
BRDA:621,135,4,0
BRDA:621,135,5,0
BRDA:621,135,6,0
BRDA:621,135,7,0
BRDA:650,136,0,0
BRDA:650,136,1,0
BRDA:650,137,0,0
BRDA:650,137,1,0
BRDA:674,138,0,0
BRDA:674,138,1,0
BRDA:674,139,0,0
BRDA:674,139,1,0
BRDA:674,139,2,0
BRDA:706,140,0,0
BRDA:706,140,1,0
BRDA:706,141,0,0
BRDA:706,141,1,0
BRDA:717,142,0,0
BRDA:717,142,1,0
BRDA:762,143,0,0
BRDA:762,143,1,42
BRDA:763,144,0,42
BRDA:763,144,1,42
BRDA:771,145,0,0
BRDA:771,145,1,42
BRDA:772,146,0,42
BRDA:772,146,1,42
BRDA:780,147,0,0
BRDA:780,147,1,42
BRDA:780,148,0,42
BRDA:780,148,1,42
BRDA:813,149,0,0
BRDA:813,149,1,43
BRDA:813,150,0,43
BRDA:813,150,1,43
BRDA:821,151,0,43
BRDA:821,151,1,0
BRDA:824,152,0,43
BRDA:824,152,1,0
BRDA:824,153,0,43
BRDA:824,153,1,43
BRDA:824,153,2,43
BRDA:825,154,0,0
BRDA:825,154,1,43
BRDA:825,155,0,43
BRDA:825,155,1,0
BRDA:825,155,2,0
BRDA:831,156,0,7
BRDA:831,156,1,36
BRDA:838,157,0,0
BRDA:838,157,1,43
BRDA:838,158,0,43
BRDA:838,158,1,43
BRDA:893,159,0,0
BRDA:893,159,1,2
BRDA:895,160,0,2
BRDA:895,160,1,0
BRDA:895,161,0,2
BRDA:895,161,1,2
BRDA:896,162,0,1
BRDA:896,162,1,1
BRDA:932,163,0,0
BRDA:932,163,1,1
BRDA:932,164,0,1
BRDA:932,164,1,1
BRDA:936,165,0,1
BRDA:936,165,1,0
BRDA:936,166,0,1
BRDA:936,166,1,1
BRDA:955,167,0,0
BRDA:959,168,0,3
BRDA:959,168,1,0
BRDA:959,169,0,3
BRDA:959,169,1,3
BRDA:982,170,0,0
BRDA:982,170,1,0
BRDA:1007,171,0,0
BRDA:1007,171,1,0
BRDA:1007,172,0,0
BRDA:1007,172,1,0
BRDA:1012,173,0,0
BRDA:1012,173,1,0
BRDA:1012,174,0,0
BRDA:1012,174,1,0
BRDA:1018,175,0,0
BRDA:1018,175,1,0
BRDA:1018,176,0,0
BRDA:1018,176,1,0
BRDA:1021,177,0,0
BRDA:1021,177,1,0
BRDA:1021,178,0,0
BRDA:1021,178,1,0
BRDA:1024,179,0,0
BRDA:1024,179,1,0
BRDA:1024,180,0,0
BRDA:1024,180,1,0
BRDA:1027,181,0,0
BRDA:1027,181,1,0
BRDA:1027,182,0,0
BRDA:1027,182,1,0
BRDA:1032,183,0,0
BRDA:1032,183,1,0
BRDA:1032,184,0,0
BRDA:1032,184,1,0
BRDA:1037,185,0,0
BRDA:1037,185,1,0
BRDA:1037,186,0,0
BRDA:1037,186,1,0
BRDA:1044,187,0,0
BRDA:1044,187,1,0
BRDA:1044,188,0,0
BRDA:1044,188,1,0
BRDA:1044,188,2,0
BRDA:1073,189,0,0
BRDA:1073,189,1,1
BRDA:1109,190,0,0
BRDA:1109,190,1,1
BRDA:1109,191,0,1
BRDA:1109,191,1,1
BRDA:1115,192,0,0
BRDA:1115,192,1,0
BRDA:1119,193,0,0
BRDA:1119,193,1,0
BRDA:1138,194,0,0
BRDA:1138,194,1,0
BRDA:1138,195,0,0
BRDA:1138,195,1,0
BRDA:1141,196,0,0
BRDA:1141,196,1,0
BRDA:1153,197,0,0
BRDA:1153,197,1,1
BRDA:1153,198,0,1
BRDA:1153,198,1,0
BRDA:1153,198,2,0
BRDA:1177,199,0,1
BRDA:1177,199,1,0
BRDA:1197,200,0,0
BRDA:1197,200,1,1
BRDA:1197,201,0,1
BRDA:1197,201,1,0
BRDA:1197,201,2,0
BRDA:1214,202,0,2
BRDA:1215,203,0,0
BRDA:1215,203,1,2
BRDA:1215,204,0,2
BRDA:1215,204,1,2
BRDA:1216,205,0,2
BRDA:1216,205,1,0
BRDA:1236,206,0,0
BRDA:1236,206,1,0
BRDA:1237,207,0,0
BRDA:1237,207,1,0
BRDA:1237,208,0,0
BRDA:1237,208,1,0
BRDA:1237,208,2,0
BRDA:1237,208,3,0
BRDA:1256,209,0,0
BRDA:1256,209,1,7
BRDA:1256,210,0,7
BRDA:1256,210,1,7
BRDA:1256,210,2,7
BRDA:1256,210,3,7
BRDA:1261,211,0,6
BRDA:1261,211,1,1
BRDA:1261,212,0,7
BRDA:1261,212,1,7
BRDA:1261,212,2,7
BRDA:1270,213,0,4
BRDA:1270,213,1,2
BRDA:1271,214,0,4
BRDA:1271,214,1,0
BRDA:1275,215,0,3
BRDA:1275,215,1,1
BRDA:1281,216,0,2
BRDA:1281,216,1,0
BRDA:1284,217,0,1
BRDA:1284,217,1,1
BRDA:1319,218,0,0
BRDA:1319,218,1,1
BRDA:1319,219,0,1
BRDA:1319,219,1,1
BRDA:1319,219,2,1
BRDA:1319,219,3,1
BRDA:1319,219,4,1
BRDA:1319,219,5,1
BRDA:1342,220,0,0
BRDA:1342,220,1,0
BRDA:1342,220,2,0
BRDA:1342,220,3,1
BRDA:1342,220,4,0
BRDA:1342,220,5,0
BRDA:1342,220,6,0
BRDA:1342,220,7,0
BRDA:1401,221,0,0
BRDA:1401,221,1,9
BRDA:1401,222,0,9
BRDA:1401,222,1,9
BRDA:1415,223,0,8
BRDA:1415,223,1,10
BRDA:1415,224,0,18
BRDA:1415,224,1,18
BRDA:1422,225,0,1
BRDA:1422,225,1,8
BRDA:1422,226,0,9
BRDA:1422,226,1,8
BRDA:1422,226,2,8
BRDA:1455,227,0,1
BRDA:1455,227,1,0
BRDA:1455,228,0,1
BRDA:1455,228,1,1
BRDA:1495,229,0,1
BRDA:1495,229,1,0
BRDA:1495,230,0,1
BRDA:1495,230,1,1
BRDA:1495,230,2,1
BRDA:1500,231,0,1
BRDA:1500,231,1,0
BRDA:1500,232,0,1
BRDA:1500,232,1,1
BRDA:1533,233,0,0
BRDA:1533,233,1,5
BRDA:1533,234,0,5
BRDA:1533,234,1,5
BRDA:1536,235,0,0
BRDA:1536,235,1,5
BRDA:1536,236,0,5
BRDA:1536,236,1,5
BRDA:1536,236,2,5
BRDA:1559,237,0,0
BRDA:1559,237,1,1
BRDA:1559,238,0,1
BRDA:1559,238,1,1
BRDA:1565,239,0,0
BRDA:1565,239,1,1
BRDA:1566,240,0,1
BRDA:1566,240,1,0
BRDA:1566,241,0,1
BRDA:1566,241,1,1
BRDA:1568,242,0,0
BRDA:1568,242,1,0
BRDA:1579,243,0,0
BRDA:1579,243,1,2
BRDA:1580,244,0,0
BRDA:1580,244,1,0
BRDA:1581,245,0,0
BRDA:1581,245,1,0
BRDA:1581,246,0,0
BRDA:1581,246,1,0
BRF:534
BRH:278
end_of_record
TN:
SF:/home/ed/Aloes/device-manager/src/models/files.js
FN:10,(anonymous_0)
FN:11,(anonymous_1)
FN:12,(anonymous_2)
FN:15,(anonymous_3)
FN:16,(anonymous_4)
FN:17,(anonymous_5)
FN:20,(anonymous_6)
FN:21,(anonymous_7)
FN:22,(anonymous_8)
FN:27,(anonymous_9)
FN:28,(anonymous_10)
FN:29,(anonymous_11)
FN:34,(anonymous_12)
FN:35,(anonymous_13)
FN:36,(anonymous_14)
FN:41,(anonymous_15)
FN:42,(anonymous_16)
FN:43,(anonymous_17)
FN:48,(anonymous_18)
FN:49,(anonymous_19)
FN:61,(anonymous_20)
FN:73,(anonymous_21)
FN:74,(anonymous_22)
FN:75,(anonymous_23)
FN:80,(anonymous_24)
FN:81,(anonymous_25)
FN:82,(anonymous_26)
FN:93,(anonymous_27)
FN:118,(anonymous_28)
FN:144,(anonymous_29)
FN:152,(anonymous_30)
FN:162,(anonymous_31)
FN:196,(anonymous_32)
FN:204,(anonymous_33)
FN:229,(anonymous_34)
FN:260,(anonymous_35)
FN:261,(anonymous_36)
FN:275,(anonymous_37)
FN:308,(anonymous_38)
FN:347,(anonymous_39)
FN:354,(anonymous_40)
FN:356,(anonymous_41)
FN:359,(anonymous_42)
FN:380,(anonymous_43)
FN:382,(anonymous_44)
FN:384,(anonymous_45)
FN:386,(anonymous_46)
FN:388,(anonymous_47)
FN:391,(anonymous_48)
FN:393,(anonymous_49)
FN:402,(anonymous_50)
FNF:51
FNH:34
FNDA:18,(anonymous_0)
FNDA:18,(anonymous_1)
FNDA:18,(anonymous_2)
FNDA:0,(anonymous_3)
FNDA:0,(anonymous_4)
FNDA:0,(anonymous_5)
FNDA:0,(anonymous_6)
FNDA:0,(anonymous_7)
FNDA:0,(anonymous_8)
FNDA:6,(anonymous_9)
FNDA:6,(anonymous_10)
FNDA:6,(anonymous_11)
FNDA:0,(anonymous_12)
FNDA:0,(anonymous_13)
FNDA:0,(anonymous_14)
FNDA:2,(anonymous_15)
FNDA:2,(anonymous_16)
FNDA:2,(anonymous_17)
FNDA:5,(anonymous_18)
FNDA:5,(anonymous_19)
FNDA:5,(anonymous_20)
FNDA:6,(anonymous_21)
FNDA:6,(anonymous_22)
FNDA:6,(anonymous_23)
FNDA:16,(anonymous_24)
FNDA:16,(anonymous_25)
FNDA:16,(anonymous_26)
FNDA:9,(anonymous_27)
FNDA:6,(anonymous_28)
FNDA:3,(anonymous_29)
FNDA:4,(anonymous_30)
FNDA:13,(anonymous_31)
FNDA:1,(anonymous_32)
FNDA:7,(anonymous_33)
FNDA:2,(anonymous_34)
FNDA:0,(anonymous_35)
FNDA:0,(anonymous_36)
FNDA:2,(anonymous_37)
FNDA:5,(anonymous_38)
FNDA:3,(anonymous_39)
FNDA:3,(anonymous_40)
FNDA:4,(anonymous_41)
FNDA:3,(anonymous_42)
FNDA:18,(anonymous_43)
FNDA:0,(anonymous_44)
FNDA:0,(anonymous_45)
FNDA:0,(anonymous_46)
FNDA:0,(anonymous_47)
FNDA:16,(anonymous_48)
FNDA:0,(anonymous_49)
FNDA:0,(anonymous_50)
DA:6,1
DA:7,1
DA:10,1
DA:11,18
DA:12,18
DA:15,1
DA:16,0
DA:17,0
DA:20,1
DA:21,0
DA:22,0
DA:23,0
DA:27,1
DA:28,6
DA:29,6
DA:30,6
DA:34,1
DA:35,0
DA:36,0
DA:37,0
DA:41,1
DA:42,2
DA:43,2
DA:44,2
DA:48,1
DA:49,5
DA:50,5
DA:51,5
DA:52,5
DA:53,5
DA:54,5
DA:55,5
DA:56,5
DA:57,0
DA:59,5
DA:60,5
DA:61,5
DA:62,5
DA:70,5
DA:73,1
DA:74,6
DA:75,6
DA:76,6
DA:80,1
DA:81,16
DA:82,16
DA:83,16
DA:93,1
DA:94,9
DA:95,9
DA:96,1
DA:97,1
DA:101,1
DA:102,8
DA:103,8
DA:107,9
DA:110,9
DA:111,9
DA:113,0
DA:114,0
DA:118,1
DA:119,6
DA:120,6
DA:121,0
DA:123,6
DA:124,6
DA:125,6
DA:126,6
DA:127,6
DA:130,0
DA:132,6
DA:134,0
DA:144,1
DA:145,3
DA:146,3
DA:147,2
DA:148,2
DA:150,1
DA:151,1
DA:152,4
DA:154,3
DA:155,3
DA:157,0
DA:158,0
DA:162,1
DA:163,13
DA:164,13
DA:169,7
DA:170,7
DA:171,0
DA:174,7
DA:175,7
DA:176,5
DA:177,0
DA:181,13
DA:183,0
DA:184,0
DA:196,1
DA:197,1
DA:199,1
DA:200,1
DA:201,1
DA:202,1
DA:204,1
DA:205,7
DA:206,7
DA:207,7
DA:208,1
DA:210,6
DA:216,7
DA:218,0
DA:229,1
DA:230,2
DA:231,2
DA:233,2
DA:235,2
DA:241,2
DA:242,2
DA:243,2
DA:251,2
DA:252,2
DA:253,0
DA:255,2
DA:256,2
DA:257,2
DA:259,0
DA:261,0
DA:262,0
DA:263,0
DA:265,0
DA:266,0
DA:269,0
DA:270,0
DA:275,2
DA:276,2
DA:277,0
DA:279,2
DA:280,2
DA:283,2
DA:284,2
DA:287,0
DA:291,2
DA:293,2
DA:295,0
DA:296,0
DA:308,1
DA:309,5
DA:310,5
DA:311,5
DA:318,5
DA:319,5
DA:320,5
DA:321,5
DA:332,5
DA:333,5
DA:335,0
DA:336,0
DA:347,1
DA:348,3
DA:350,3
DA:351,3
DA:352,3
DA:353,3
DA:354,3
DA:355,3
DA:356,3
DA:357,4
DA:359,3
DA:360,3
DA:361,3
DA:362,3
DA:363,3
DA:365,3
DA:367,3
DA:370,3
DA:371,3
DA:374,0
DA:376,0
DA:380,18
DA:382,1
DA:384,1
DA:386,1
DA:388,1
DA:389,0
DA:391,16
DA:393,1
DA:394,0
DA:402,1
DA:403,0
DA:404,0
DA:412,0
DA:414,0
DA:415,0
DA:416,0
DA:417,0
DA:418,0
DA:422,0
DA:423,0
DA:424,0
DA:426,0
DA:429,0
DA:430,0
DA:431,0
DA:432,0
DA:435,0
DA:437,0
DA:438,0
DA:451,1
DA:462,1
DA:472,1
LF:210
LH:151
BRDA:12,0,0,4
BRDA:12,0,1,14
BRDA:17,1,0,0
BRDA:17,1,1,0
BRDA:23,2,0,0
BRDA:23,2,1,0
BRDA:30,3,0,0
BRDA:30,3,1,6
BRDA:34,4,0,0
BRDA:37,5,0,0
BRDA:37,5,1,0
BRDA:44,6,0,0
BRDA:44,6,1,2
BRDA:54,7,0,0
BRDA:54,7,1,5
BRDA:54,8,0,5
BRDA:54,8,1,5
BRDA:56,9,0,0
BRDA:56,9,1,5
BRDA:76,10,0,0
BRDA:76,10,1,6
BRDA:83,11,0,0
BRDA:83,11,1,16
BRDA:95,12,0,1
BRDA:95,12,1,8
BRDA:97,13,0,1
BRDA:97,13,1,0
BRDA:102,14,0,8
BRDA:102,14,1,0
BRDA:107,15,0,9
BRDA:107,15,1,8
BRDA:107,15,2,0
BRDA:120,16,0,0
BRDA:120,16,1,6
BRDA:120,17,0,6
BRDA:120,17,1,6
BRDA:120,17,2,6
BRDA:126,18,0,6
BRDA:126,18,1,0
BRDA:126,19,0,6
BRDA:126,19,1,6
BRDA:146,20,0,2
BRDA:146,20,1,1
BRDA:146,21,0,3
BRDA:146,21,1,3
BRDA:146,21,2,2
BRDA:164,22,0,7
BRDA:164,22,1,6
BRDA:165,23,0,13
BRDA:165,23,1,11
BRDA:165,23,2,9
BRDA:169,24,0,7
BRDA:169,24,1,0
BRDA:170,25,0,0
BRDA:170,25,1,7
BRDA:170,26,0,7
BRDA:170,26,1,7
BRDA:175,27,0,5
BRDA:175,27,1,2
BRDA:176,28,0,0
BRDA:176,28,1,5
BRDA:176,29,0,5
BRDA:176,29,1,5
BRDA:207,30,0,1
BRDA:207,30,1,6
BRDA:207,31,0,7
BRDA:207,31,1,1
BRDA:241,32,0,2
BRDA:241,32,1,0
BRDA:241,33,0,2
BRDA:241,33,1,2
BRDA:252,34,0,0
BRDA:252,34,1,2
BRDA:252,35,0,2
BRDA:252,35,1,0
BRDA:256,36,0,2
BRDA:256,36,1,0
BRDA:256,37,0,2
BRDA:256,37,1,2
BRDA:257,38,0,0
BRDA:257,38,1,2
BRDA:262,39,0,0
BRDA:262,39,1,0
BRDA:262,40,0,0
BRDA:262,40,1,0
BRDA:265,41,0,0
BRDA:265,41,1,0
BRDA:276,42,0,0
BRDA:276,42,1,2
BRDA:276,43,0,2
BRDA:276,43,1,0
BRDA:279,44,0,2
BRDA:279,44,1,0
BRDA:320,45,0,0
BRDA:320,45,1,5
BRDA:320,46,0,5
BRDA:320,46,1,5
BRDA:353,47,0,3
BRDA:353,47,1,0
BRDA:353,48,0,3
BRDA:353,48,1,3
BRDA:404,49,0,0
BRDA:404,49,1,0
BRDA:405,50,0,0
BRDA:405,50,1,0
BRDA:405,50,2,0
BRDA:405,50,3,0
BRDA:405,50,4,0
BRDA:405,50,5,0
BRDA:422,51,0,0
BRDA:422,51,1,0
BRDA:429,52,0,0
BRDA:429,52,1,0
BRDA:429,53,0,0
BRDA:429,53,1,0
BRDA:431,54,0,0
BRDA:431,54,1,0
BRF:117
BRH:64
end_of_record
TN:
SF:/home/ed/Aloes/device-manager/src/models/measurement.js
FN:17,(anonymous_0)
FN:20,typeValidator
FN:29,resourceValidator
FN:59,(anonymous_3)
FN:79,(anonymous_4)
FN:103,(anonymous_5)
FN:147,(anonymous_6)
FN:148,(anonymous_7)
FN:155,(anonymous_8)
FN:156,(anonymous_9)
FN:159,(anonymous_10)
FN:161,(anonymous_11)
FN:179,(anonymous_12)
FN:180,(anonymous_13)
FN:183,(anonymous_14)
FN:185,(anonymous_15)
FN:203,(anonymous_16)
FN:206,(anonymous_17)
FN:208,(anonymous_18)
FN:234,(anonymous_19)
FN:237,(anonymous_20)
FN:251,(anonymous_21)
FN:260,(anonymous_22)
FN:286,(anonymous_23)
FN:323,(anonymous_24)
FN:335,(anonymous_25)
FN:361,(anonymous_26)
FN:376,(anonymous_27)
FN:392,(anonymous_28)
FN:415,(anonymous_29)
FN:440,(anonymous_30)
FN:454,(anonymous_31)
FN:485,(anonymous_32)
FN:493,(anonymous_33)
FNF:34
FNH:4
FNDA:1,(anonymous_0)
FNDA:0,typeValidator
FNDA:0,resourceValidator
FNDA:0,(anonymous_3)
FNDA:0,(anonymous_4)
FNDA:0,(anonymous_5)
FNDA:1,(anonymous_6)
FNDA:0,(anonymous_7)
FNDA:0,(anonymous_8)
FNDA:0,(anonymous_9)
FNDA:0,(anonymous_10)
FNDA:0,(anonymous_11)
FNDA:0,(anonymous_12)
FNDA:0,(anonymous_13)
FNDA:0,(anonymous_14)
FNDA:0,(anonymous_15)
FNDA:0,(anonymous_16)
FNDA:0,(anonymous_17)
FNDA:0,(anonymous_18)
FNDA:0,(anonymous_19)
FNDA:0,(anonymous_20)
FNDA:0,(anonymous_21)
FNDA:0,(anonymous_22)
FNDA:0,(anonymous_23)
FNDA:0,(anonymous_24)
FNDA:0,(anonymous_25)
FNDA:0,(anonymous_26)
FNDA:0,(anonymous_27)
FNDA:12,(anonymous_28)
FNDA:0,(anonymous_29)
FNDA:12,(anonymous_30)
FNDA:0,(anonymous_31)
FNDA:0,(anonymous_32)
FNDA:0,(anonymous_33)
DA:17,1
DA:18,1
DA:21,0
DA:22,0
DA:23,0
DA:26,0
DA:30,0
DA:31,0
DA:32,0
DA:35,0
DA:38,1
DA:39,1
DA:40,1
DA:42,1
DA:46,1
DA:59,1
DA:60,0
DA:61,0
DA:70,0
DA:71,0
DA:78,0
DA:79,0
DA:80,0
DA:81,0
DA:82,0
DA:83,0
DA:84,0
DA:87,0
DA:88,0
DA:90,0
DA:92,0
DA:93,0
DA:103,1
DA:104,0
DA:105,0
DA:115,0
DA:117,0
DA:118,0
DA:119,0
DA:121,0
DA:124,0
DA:134,0
DA:135,0
DA:137,0
DA:140,0
DA:142,0
DA:143,0
DA:147,1
DA:148,1
DA:149,0
DA:150,0
DA:152,0
DA:153,0
DA:154,0
DA:155,0
DA:156,0
DA:157,0
DA:158,0
DA:159,0
DA:160,0
DA:161,0
DA:162,0
DA:163,0
DA:168,0
DA:169,0
DA:170,0
DA:173,0
DA:178,0
DA:179,0
DA:180,0
DA:181,0
DA:182,0
DA:183,0
DA:184,0
DA:185,0
DA:186,0
DA:187,0
DA:192,0
DA:193,0
DA:194,0
DA:197,0
DA:203,0
DA:204,0
DA:205,0
DA:206,0
DA:207,0
DA:208,0
DA:209,0
DA:210,0
DA:215,0
DA:216,0
DA:217,0
DA:220,0
DA:226,0
DA:227,0
DA:229,0
DA:233,0
DA:234,0
DA:235,0
DA:237,0
DA:238,0
DA:239,0
DA:242,0
DA:243,0
DA:244,0
DA:246,0
DA:250,0
DA:251,0
DA:253,0
DA:254,0
DA:256,0
DA:260,1
DA:261,0
DA:262,0
DA:263,0
DA:264,0
DA:267,0
DA:268,0
DA:269,0
DA:270,0
DA:271,0
DA:273,0
DA:274,0
DA:276,0
DA:277,0
DA:278,0
DA:279,0
DA:281,0
DA:282,0
DA:286,1
DA:287,0
DA:288,0
DA:290,0
DA:291,0
DA:293,0
DA:294,0
DA:297,0
DA:298,0
DA:299,0
DA:300,0
DA:301,0
DA:303,0
DA:304,0
DA:306,0
DA:307,0
DA:308,0
DA:310,0
DA:313,0
DA:315,0
DA:316,0
DA:318,0
DA:319,0
DA:323,1
DA:324,0
DA:325,0
DA:326,0
DA:327,0
DA:329,0
DA:331,0
DA:335,1
DA:336,0
DA:337,0
DA:338,0
DA:339,0
DA:341,0
DA:342,0
DA:343,0
DA:344,0
DA:345,0
DA:346,0
DA:348,0
DA:349,0
DA:351,0
DA:352,0
DA:353,0
DA:354,0
DA:356,0
DA:357,0
DA:361,1
DA:362,0
DA:363,0
DA:364,0
DA:365,0
DA:367,0
DA:368,0
DA:370,0
DA:371,0
DA:372,0
DA:373,0
DA:375,0
DA:376,0
DA:377,0
DA:378,0
DA:379,0
DA:381,0
DA:384,0
DA:385,0
DA:387,0
DA:388,0
DA:392,1
DA:393,12
DA:394,12
DA:395,12
DA:396,12
DA:397,12
DA:398,12
DA:399,12
DA:400,0
DA:402,12
DA:415,1
DA:416,0
DA:417,0
DA:418,0
DA:419,0
DA:421,0
DA:422,0
DA:423,0
DA:424,0
DA:425,0
DA:426,0
DA:428,0
DA:429,0
DA:431,0
DA:432,0
DA:433,0
DA:435,0
DA:436,0
DA:440,1
DA:441,12
DA:442,12
DA:443,0
DA:445,12
DA:446,12
DA:447,12
DA:449,0
DA:450,0
DA:454,1
DA:455,0
DA:456,0
DA:457,0
DA:459,0
DA:460,0
DA:462,0
DA:463,0
DA:464,0
DA:465,0
DA:466,0
DA:467,0
DA:469,0
DA:470,0
DA:472,0
DA:473,0
DA:475,0
DA:476,0
DA:477,0
DA:479,0
DA:480,0
DA:485,1
DA:487,0
DA:488,0
DA:489,0
DA:490,0
DA:493,1
DA:494,0
DA:496,0
DA:499,1
DA:500,1
DA:501,1
DA:504,1
LF:269
LH:39
BRDA:21,0,0,0
BRDA:21,0,1,0
BRDA:21,1,0,0
BRDA:21,1,1,0
BRDA:22,2,0,0
BRDA:22,2,1,0
BRDA:30,3,0,0
BRDA:30,3,1,0
BRDA:30,4,0,0
BRDA:30,4,1,0
BRDA:31,5,0,0
BRDA:31,5,1,0
BRDA:66,6,0,0
BRDA:66,6,1,0
BRDA:70,7,0,0
BRDA:70,7,1,0
BRDA:70,8,0,0
BRDA:70,8,1,0
BRDA:70,8,2,0
BRDA:78,9,0,0
BRDA:78,9,1,0
BRDA:78,10,0,0
BRDA:78,10,1,0
BRDA:105,11,0,0
BRDA:105,11,1,0
BRDA:106,12,0,0
BRDA:106,12,1,0
BRDA:106,12,2,0
BRDA:106,12,3,0
BRDA:106,12,4,0
BRDA:106,12,5,0
BRDA:106,12,6,0
BRDA:106,12,7,0
BRDA:119,13,0,0
BRDA:119,13,1,0
BRDA:134,14,0,0
BRDA:134,14,1,0
BRDA:153,15,0,0
BRDA:153,15,1,0
BRDA:154,16,0,0
BRDA:154,16,1,0
BRDA:157,17,0,0
BRDA:157,17,1,0
BRDA:158,18,0,0
BRDA:158,18,1,0
BRDA:160,19,0,0
BRDA:160,19,1,0
BRDA:162,20,0,0
BRDA:162,20,1,0
BRDA:168,21,0,0
BRDA:168,21,1,0
BRDA:169,22,0,0
BRDA:169,22,1,0
BRDA:178,23,0,0
BRDA:178,23,1,0
BRDA:181,24,0,0
BRDA:181,24,1,0
BRDA:182,25,0,0
BRDA:182,25,1,0
BRDA:184,26,0,0
BRDA:184,26,1,0
BRDA:186,27,0,0
BRDA:186,27,1,0
BRDA:192,28,0,0
BRDA:192,28,1,0
BRDA:193,29,0,0
BRDA:193,29,1,0
BRDA:204,30,0,0
BRDA:204,30,1,0
BRDA:205,31,0,0
BRDA:205,31,1,0
BRDA:207,32,0,0
BRDA:207,32,1,0
BRDA:209,33,0,0
BRDA:209,33,1,0
BRDA:215,34,0,0
BRDA:215,34,1,0
BRDA:216,35,0,0
BRDA:216,35,1,0
BRDA:226,36,0,0
BRDA:226,36,1,0
BRDA:226,37,0,0
BRDA:226,37,1,0
BRDA:238,38,0,0
BRDA:238,38,1,0
BRDA:263,39,0,0
BRDA:263,39,1,0
BRDA:263,40,0,0
BRDA:263,40,1,0
BRDA:267,41,0,0
BRDA:267,41,1,0
BRDA:269,42,0,0
BRDA:269,42,1,0
BRDA:269,43,0,0
BRDA:269,43,1,0
BRDA:273,44,0,0
BRDA:273,44,1,0
BRDA:290,45,0,0
BRDA:290,45,1,0
BRDA:290,46,0,0
BRDA:290,46,1,0
BRDA:293,47,0,0
BRDA:293,47,1,0
BRDA:293,48,0,0
BRDA:293,48,1,0
BRDA:297,49,0,0
BRDA:297,49,1,0
BRDA:299,50,0,0
BRDA:299,50,1,0
BRDA:299,51,0,0
BRDA:299,51,1,0
BRDA:303,52,0,0
BRDA:303,52,1,0
BRDA:306,53,0,0
BRDA:306,53,1,0
BRDA:307,54,0,0
BRDA:307,54,1,0
BRDA:338,55,0,0
BRDA:338,55,1,0
BRDA:338,56,0,0
BRDA:338,56,1,0
BRDA:342,57,0,0
BRDA:342,57,1,0
BRDA:344,58,0,0
BRDA:344,58,1,0
BRDA:344,59,0,0
BRDA:344,59,1,0
BRDA:348,60,0,0
BRDA:348,60,1,0
BRDA:364,61,0,0
BRDA:364,61,1,0
BRDA:364,62,0,0
BRDA:364,62,1,0
BRDA:367,63,0,0
BRDA:367,63,1,0
BRDA:367,64,0,0
BRDA:367,64,1,0
BRDA:372,65,0,0
BRDA:372,65,1,0
BRDA:418,66,0,0
BRDA:418,66,1,0
BRDA:418,67,0,0
BRDA:418,67,1,0
BRDA:422,68,0,0
BRDA:422,68,1,0
BRDA:424,69,0,0
BRDA:424,69,1,0
BRDA:424,70,0,0
BRDA:424,70,1,0
BRDA:428,71,0,0
BRDA:428,71,1,0
BRDA:442,72,0,0
BRDA:442,72,1,12
BRDA:442,73,0,12
BRDA:442,73,1,12
BRDA:456,74,0,0
BRDA:456,74,1,0
BRDA:456,75,0,0
BRDA:456,75,1,0
BRDA:459,76,0,0
BRDA:459,76,1,0
BRDA:459,77,0,0
BRDA:459,77,1,0
BRDA:463,78,0,0
BRDA:463,78,1,0
BRDA:465,79,0,0
BRDA:465,79,1,0
BRDA:465,80,0,0
BRDA:465,80,1,0
BRDA:469,81,0,0
BRDA:469,81,1,0
BRDA:472,82,0,0
BRDA:472,82,1,0
BRDA:487,83,0,0
BRDA:487,83,1,0
BRDA:488,84,0,0
BRDA:488,84,1,0
BRDA:489,85,0,0
BRDA:489,85,1,0
BRF:179
BRH:3
end_of_record
TN:
SF:/home/ed/Aloes/device-manager/src/models/oma-object.js
FN:15,(anonymous_0)
FNF:1
FNH:1
FNDA:1,(anonymous_0)
DA:15,1
DA:17,1
DA:18,1
DA:19,1
DA:20,1
DA:21,1
DA:22,1
DA:23,1
DA:24,1
DA:25,1
DA:26,1
DA:27,1
DA:28,1
DA:29,1
LF:14
LH:14
BRF:0
BRH:0
end_of_record
TN:
SF:/home/ed/Aloes/device-manager/src/models/oma-resource.js
FN:18,(anonymous_0)
FNF:1
FNH:1
FNDA:1,(anonymous_0)
DA:18,1
DA:21,1
DA:22,1
DA:23,1
DA:24,1
DA:25,1
DA:26,1
DA:27,1
DA:28,1
DA:29,1
DA:30,1
DA:31,1
DA:32,1
DA:33,1
LF:14
LH:14
BRF:0
BRH:0
end_of_record
TN:
SF:/home/ed/Aloes/device-manager/src/models/oma-views.js
FN:9,(anonymous_0)
FNF:1
FNH:1
FNDA:1,(anonymous_0)
DA:9,1
DA:12,1
DA:13,1
DA:14,1
DA:15,1
DA:16,1
DA:17,1
DA:18,1
DA:19,1
DA:20,1
DA:21,1
DA:22,1
DA:23,1
DA:24,1
LF:14
LH:14
BRF:0
BRH:0
end_of_record
TN:
SF:/home/ed/Aloes/device-manager/src/models/scheduler.js
FN:19,(anonymous_0)
FN:29,(anonymous_1)
FN:47,(anonymous_2)
FN:69,(anonymous_3)
FN:70,(anonymous_4)
FN:71,(anonymous_5)
FN:83,(anonymous_6)
FN:84,(anonymous_7)
FN:85,(anonymous_8)
FN:90,(anonymous_9)
FN:105,(anonymous_10)
FN:128,(anonymous_11)
FN:170,(anonymous_12)
FN:219,(anonymous_13)
FN:265,(anonymous_14)
FN:298,(anonymous_15)
FN:347,(anonymous_16)
FN:378,(anonymous_17)
FN:417,(anonymous_18)
FN:454,(anonymous_19)
FN:509,(anonymous_20)
FN:532,(anonymous_21)
FN:559,(anonymous_22)
FN:585,(anonymous_23)
FN:591,(anonymous_24)
FN:631,(anonymous_25)
FN:705,(anonymous_26)
FN:719,(anonymous_27)
FN:772,(anonymous_28)
FN:782,(anonymous_29)
FN:808,(anonymous_30)
FN:825,(anonymous_31)
FN:832,(anonymous_32)
FN:832,(anonymous_33)
FN:834,(anonymous_34)
FNF:35
FNH:9
FNDA:1,(anonymous_0)
FNDA:0,(anonymous_1)
FNDA:0,(anonymous_2)
FNDA:0,(anonymous_3)
FNDA:0,(anonymous_4)
FNDA:0,(anonymous_5)
FNDA:0,(anonymous_6)
FNDA:0,(anonymous_7)
FNDA:0,(anonymous_8)
FNDA:0,(anonymous_9)
FNDA:0,(anonymous_10)
FNDA:0,(anonymous_11)
FNDA:0,(anonymous_12)
FNDA:0,(anonymous_13)
FNDA:0,(anonymous_14)
FNDA:0,(anonymous_15)
FNDA:0,(anonymous_16)
FNDA:0,(anonymous_17)
FNDA:0,(anonymous_18)
FNDA:0,(anonymous_19)
FNDA:6,(anonymous_20)
FNDA:6,(anonymous_21)
FNDA:0,(anonymous_22)
FNDA:6,(anonymous_23)
FNDA:0,(anonymous_24)
FNDA:0,(anonymous_25)
FNDA:0,(anonymous_26)
FNDA:0,(anonymous_27)
FNDA:0,(anonymous_28)
FNDA:1,(anonymous_29)
FNDA:1,(anonymous_30)
FNDA:0,(anonymous_31)
FNDA:1,(anonymous_32)
FNDA:1,(anonymous_33)
FNDA:2,(anonymous_34)
DA:8,1
DA:9,1
DA:10,1
DA:12,1
DA:19,1
DA:29,1
DA:30,0
DA:31,0
DA:41,0
DA:42,0
DA:46,0
DA:47,0
DA:48,0
DA:49,0
DA:50,0
DA:51,0
DA:52,0
DA:53,0
DA:55,0
DA:59,0
DA:60,0
DA:62,0
DA:64,0
DA:65,0
DA:69,1
DA:70,0
DA:71,0
DA:72,0
DA:83,1
DA:84,0
DA:85,0
DA:86,0
DA:90,1
DA:91,0
DA:93,0
DA:94,0
DA:95,0
DA:96,0
DA:97,0
DA:98,0
DA:100,0
DA:101,0
DA:105,1
DA:106,0
DA:107,0
DA:108,0
DA:110,0
DA:111,0
DA:112,0
DA:114,0
DA:115,0
DA:116,0
DA:117,0
DA:120,0
DA:121,0
DA:123,0
DA:124,0
DA:128,1
DA:129,0
DA:130,0
DA:131,0
DA:132,0
DA:133,0
DA:135,0
DA:138,0
DA:139,0
DA:144,0
DA:145,0
DA:146,0
DA:148,0
DA:152,0
DA:153,0
DA:155,0
DA:156,0
DA:157,0
DA:159,0
DA:160,0
DA:170,1
DA:171,0
DA:172,0
DA:173,0
DA:175,0
DA:176,0
DA:177,0
DA:178,0
DA:179,0
DA:180,0
DA:181,0
DA:182,0
DA:184,0
DA:187,0
DA:188,0
DA:189,0
DA:190,0
DA:191,0
DA:192,0
DA:195,0
DA:196,0
DA:197,0
DA:198,0
DA:199,0
DA:200,0
DA:203,0
DA:204,0
DA:205,0
DA:206,0
DA:207,0
DA:209,0
DA:211,0
DA:212,0
DA:214,0
DA:215,0
DA:219,1
DA:220,0
DA:221,0
DA:222,0
DA:223,0
DA:224,0
DA:225,0
DA:227,0
DA:242,0
DA:243,0
DA:244,0
DA:245,0
DA:246,0
DA:247,0
DA:255,0
DA:256,0
DA:258,0
DA:260,0
DA:261,0
DA:265,1
DA:266,0
DA:267,0
DA:268,0
DA:270,0
DA:271,0
DA:272,0
DA:274,0
DA:279,0
DA:281,0
DA:282,0
DA:289,0
DA:290,0
DA:291,0
DA:293,0
DA:294,0
DA:298,1
DA:299,0
DA:300,0
DA:302,0
DA:303,0
DA:305,0
DA:308,0
DA:309,0
DA:310,0
DA:311,0
DA:312,0
DA:314,0
DA:315,0
DA:317,0
DA:320,0
DA:321,0
DA:322,0
DA:324,0
DA:327,0
DA:328,0
DA:329,0
DA:332,0
DA:333,0
DA:334,0
DA:336,0
DA:337,0
DA:347,1
DA:348,0
DA:349,0
DA:350,0
DA:352,0
DA:358,0
DA:359,0
DA:361,0
DA:362,0
DA:378,1
DA:379,0
DA:381,0
DA:382,0
DA:384,0
DA:385,0
DA:387,0
DA:388,0
DA:390,0
DA:391,0
DA:393,0
DA:394,0
DA:396,0
DA:403,0
DA:407,0
DA:408,0
DA:410,0
DA:412,0
DA:413,0
DA:417,1
DA:418,0
DA:420,0
DA:421,0
DA:423,0
DA:424,0
DA:426,0
DA:427,0
DA:429,0
DA:436,0
DA:437,0
DA:439,0
DA:441,0
DA:442,0
DA:454,1
DA:455,0
DA:456,0
DA:457,0
DA:460,0
DA:463,0
DA:464,0
DA:467,0
DA:470,0
DA:473,0
DA:482,0
DA:485,0
DA:488,0
DA:491,0
DA:492,0
DA:494,0
DA:496,0
DA:498,0
DA:499,0
DA:509,1
DA:510,6
DA:511,6
DA:512,6
DA:513,6
DA:515,6
DA:516,6
DA:519,0
DA:522,6
DA:532,1
DA:533,6
DA:534,6
DA:535,6
DA:536,6
DA:537,0
DA:538,0
DA:539,0
DA:540,0
DA:546,6
DA:548,0
DA:549,0
DA:559,1
DA:560,0
DA:561,0
DA:562,0
DA:563,0
DA:564,0
DA:565,0
DA:566,0
DA:569,0
DA:571,0
DA:572,0
DA:585,1
DA:586,6
DA:587,6
DA:588,6
DA:590,6
DA:591,6
DA:592,0
DA:593,0
DA:595,0
DA:596,0
DA:600,0
DA:601,0
DA:604,0
DA:605,0
DA:606,0
DA:607,0
DA:608,0
DA:610,0
DA:613,6
DA:614,6
DA:615,6
DA:617,0
DA:618,0
DA:631,1
DA:632,0
DA:634,0
DA:635,0
DA:637,0
DA:640,0
DA:641,0
DA:642,0
DA:643,0
DA:645,0
DA:646,0
DA:650,0
DA:651,0
DA:654,0
DA:656,0
DA:657,0
DA:666,0
DA:667,0
DA:668,0
DA:670,0
DA:681,0
DA:682,0
DA:683,0
DA:684,0
DA:685,0
DA:686,0
DA:687,0
DA:688,0
DA:689,0
DA:690,0
DA:692,0
DA:694,0
DA:695,0
DA:705,1
DA:706,0
DA:707,0
DA:708,0
DA:709,0
DA:711,0
DA:712,0
DA:715,0
DA:719,1
DA:720,0
DA:721,0
DA:722,0
DA:723,0
DA:724,0
DA:725,0
DA:729,0
DA:730,0
DA:733,0
DA:734,0
DA:737,0
DA:738,0
DA:739,0
DA:741,0
DA:751,0
DA:753,0
DA:754,0
DA:755,0
DA:756,0
DA:762,0
DA:763,0
DA:765,0
DA:767,0
DA:768,0
DA:772,1
DA:773,0
DA:774,0
DA:775,0
DA:778,0
DA:782,1
DA:783,1
DA:784,1
DA:785,1
DA:786,0
DA:788,1
DA:789,1
DA:790,1
DA:791,1
DA:793,0
DA:808,1
DA:809,1
DA:810,1
DA:811,0
DA:812,0
DA:814,1
DA:815,0
DA:816,0
DA:818,1
DA:820,0
DA:821,0
DA:825,1
DA:826,0
DA:827,0
DA:829,0
DA:832,1
DA:834,1
DA:835,2
DA:836,2
DA:837,0
DA:838,0
DA:840,2
DA:841,2
DA:843,0
DA:844,0
DA:848,1
DA:849,1
DA:850,1
DA:851,1
DA:852,1
DA:853,1
LF:401
LH:73
BRDA:36,0,0,0
BRDA:36,0,1,0
BRDA:41,1,0,0
BRDA:41,1,1,0
BRDA:41,2,0,0
BRDA:41,2,1,0
BRDA:41,2,2,0
BRDA:46,3,0,0
BRDA:46,3,1,0
BRDA:46,4,0,0
BRDA:46,4,1,0
BRDA:72,5,0,0
BRDA:72,5,1,0
BRDA:86,6,0,0
BRDA:86,6,1,0
BRDA:94,7,0,0
BRDA:94,7,1,0
BRDA:94,8,0,0
BRDA:94,8,1,0
BRDA:110,9,0,0
BRDA:110,9,1,0
BRDA:114,10,0,0
BRDA:114,10,1,0
BRDA:120,11,0,0
BRDA:120,11,1,0
BRDA:120,12,0,0
BRDA:120,12,1,0
BRDA:128,13,0,0
BRDA:132,14,0,0
BRDA:132,14,1,0
BRDA:132,15,0,0
BRDA:132,15,1,0
BRDA:138,16,0,0
BRDA:138,16,1,0
BRDA:139,17,0,0
BRDA:139,17,1,0
BRDA:145,18,0,0
BRDA:145,18,1,0
BRDA:145,19,0,0
BRDA:145,19,1,0
BRDA:172,20,0,0
BRDA:172,20,1,0
BRDA:172,21,0,0
BRDA:172,21,1,0
BRDA:172,21,2,0
BRDA:177,22,0,0
BRDA:177,22,1,0
BRDA:177,23,0,0
BRDA:177,23,1,0
BRDA:178,24,0,0
BRDA:178,24,1,0
BRDA:178,25,0,0
BRDA:178,25,1,0
BRDA:184,26,0,0
BRDA:184,26,1,0
BRDA:184,26,2,0
BRDA:184,26,3,0
BRDA:221,27,0,0
BRDA:221,27,1,0
BRDA:221,28,0,0
BRDA:221,28,1,0
BRDA:224,29,0,0
BRDA:224,29,1,0
BRDA:244,30,0,0
BRDA:244,30,1,0
BRDA:244,31,0,0
BRDA:244,31,1,0
BRDA:244,31,2,0
BRDA:270,32,0,0
BRDA:270,32,1,0
BRDA:270,33,0,0
BRDA:270,33,1,0
BRDA:298,34,0,0
BRDA:302,35,0,0
BRDA:302,35,1,0
BRDA:302,36,0,0
BRDA:302,36,1,0
BRDA:309,37,0,0
BRDA:309,37,1,0
BRDA:311,38,0,0
BRDA:311,38,1,0
BRDA:314,39,0,0
BRDA:314,39,1,0
BRDA:314,40,0,0
BRDA:314,40,1,0
BRDA:320,41,0,0
BRDA:320,41,1,0
BRDA:321,42,0,0
BRDA:321,42,1,0
BRDA:349,43,0,0
BRDA:349,43,1,0
BRDA:349,44,0,0
BRDA:349,44,1,0
BRDA:349,44,2,0
BRDA:382,45,0,0
BRDA:382,45,1,0
BRDA:382,45,2,0
BRDA:382,45,3,0
BRDA:382,45,4,0
BRDA:404,46,0,0
BRDA:404,46,1,0
BRDA:407,47,0,0
BRDA:407,47,1,0
BRDA:407,48,0,0
BRDA:407,48,1,0
BRDA:421,49,0,0
BRDA:421,49,1,0
BRDA:421,49,2,0
BRDA:436,50,0,0
BRDA:436,50,1,0
BRDA:436,51,0,0
BRDA:436,51,1,0
BRDA:457,52,0,0
BRDA:457,52,1,0
BRDA:457,52,2,0
BRDA:457,52,3,0
BRDA:457,52,4,0
BRDA:457,52,5,0
BRDA:457,52,6,0
BRDA:457,52,7,0
BRDA:457,52,8,0
BRDA:457,52,9,0
BRDA:515,53,0,6
BRDA:515,53,1,0
BRDA:537,54,0,0
BRDA:537,54,1,0
BRDA:537,55,0,0
BRDA:537,55,1,0
BRDA:564,56,0,0
BRDA:564,56,1,0
BRDA:564,57,0,0
BRDA:564,57,1,0
BRDA:600,58,0,0
BRDA:600,58,1,0
BRDA:641,59,0,0
BRDA:641,59,1,0
BRDA:641,60,0,0
BRDA:641,60,1,0
BRDA:642,61,0,0
BRDA:642,61,1,0
BRDA:650,62,0,0
BRDA:650,62,1,0
BRDA:660,63,0,0
BRDA:660,63,1,0
BRDA:667,64,0,0
BRDA:667,64,1,0
BRDA:682,65,0,0
BRDA:682,65,1,0
BRDA:682,66,0,0
BRDA:682,66,1,0
BRDA:707,67,0,0
BRDA:707,67,1,0
BRDA:708,68,0,0
BRDA:708,68,1,0
BRDA:708,69,0,0
BRDA:708,69,1,0
BRDA:708,69,2,0
BRDA:723,70,0,0
BRDA:723,70,1,0
BRDA:723,71,0,0
BRDA:723,71,1,0
BRDA:729,72,0,0
BRDA:729,72,1,0
BRDA:733,73,0,0
BRDA:733,73,1,0
BRDA:733,74,0,0
BRDA:733,74,1,0
BRDA:738,75,0,0
BRDA:738,75,1,0
BRDA:754,76,0,0
BRDA:754,76,1,0
BRDA:754,77,0,0
BRDA:754,77,1,0
BRDA:754,77,2,0
BRDA:785,78,0,0
BRDA:785,78,1,1
BRDA:785,79,0,1
BRDA:785,79,1,0
BRDA:810,80,0,0
BRDA:810,80,1,1
BRDA:811,81,0,0
BRDA:811,81,1,0
BRDA:812,82,0,0
BRDA:812,82,1,0
BRDA:812,83,0,0
BRDA:812,83,1,0
BRDA:814,84,0,0
BRDA:814,84,1,1
BRDA:814,85,0,1
BRDA:814,85,1,0
BRDA:826,86,0,0
BRDA:826,86,1,0
BRDA:826,87,0,0
BRDA:826,87,1,0
BRDA:836,88,0,0
BRDA:836,88,1,2
BRDA:837,89,0,0
BRDA:837,89,1,0
BRDA:838,90,0,0
BRDA:838,90,1,0
BRDA:838,91,0,0
BRDA:838,91,1,0
BRF:202
BRH:7
end_of_record
TN:
SF:/home/ed/Aloes/device-manager/src/models/sensor-resource.js
FN:9,(anonymous_0)
FN:25,(anonymous_1)
FN:48,(anonymous_2)
FN:51,(anonymous_3)
FN:76,(anonymous_4)
FN:96,(anonymous_5)
FN:117,(anonymous_6)
FN:124,(anonymous_7)
FN:135,(anonymous_8)
FN:155,(anonymous_9)
FN:176,(anonymous_10)
FN:206,(anonymous_11)
FNF:12
FNH:8
FNDA:1,(anonymous_0)
FNDA:1,(anonymous_1)
FNDA:10,(anonymous_2)
FNDA:60,(anonymous_3)
FNDA:12,(anonymous_4)
FNDA:0,(anonymous_5)
FNDA:2,(anonymous_6)
FNDA:0,(anonymous_7)
FNDA:0,(anonymous_8)
FNDA:4,(anonymous_9)
FNDA:4,(anonymous_10)
FNDA:0,(anonymous_11)
DA:9,1
DA:10,1
DA:11,1
DA:13,1
DA:14,1
DA:15,1
DA:16,1
DA:25,1
DA:26,1
DA:27,1
DA:28,1
DA:29,1
DA:30,1
DA:31,1
DA:33,0
DA:35,0
DA:36,0
DA:48,1
DA:49,10
DA:50,10
DA:51,60
DA:52,10
DA:53,10
DA:54,10
DA:56,10
DA:57,0
DA:59,10
DA:61,10
DA:62,10
DA:64,0
DA:65,0
DA:76,1
DA:77,12
DA:78,12
DA:79,12
DA:80,12
DA:81,12
DA:83,0
DA:84,0
DA:96,1
DA:97,0
DA:98,0
DA:99,0
DA:100,0
DA:102,0
DA:103,0
DA:104,0
DA:106,0
DA:107,0
DA:117,1
DA:118,2
DA:119,2
DA:120,2
DA:121,2
DA:122,2
DA:124,0
DA:125,0
DA:126,0
DA:127,0
DA:128,0
DA:130,0
DA:132,0
DA:133,2
DA:135,2
DA:136,0
DA:138,2
DA:141,2
DA:143,0
DA:144,0
DA:155,1
DA:156,4
DA:157,4
DA:158,4
DA:159,4
DA:161,4
DA:162,4
DA:164,0
DA:167,4
DA:176,1
DA:177,4
DA:178,4
DA:181,4
DA:182,4
DA:183,4
DA:184,0
DA:185,0
DA:186,0
DA:187,0
DA:193,4
DA:195,0
DA:196,0
DA:206,1
DA:207,0
DA:208,0
DA:209,0
DA:212,0
DA:213,0
DA:214,0
DA:215,0
DA:216,0
DA:217,0
DA:225,0
DA:226,0
DA:233,0
DA:235,0
DA:236,0
LF:106
LH:58
BRDA:29,0,0,1
BRDA:29,0,1,0
BRDA:29,1,0,1
BRDA:29,1,1,1
BRDA:53,2,0,10
BRDA:53,2,1,0
BRDA:56,3,0,0
BRDA:56,3,1,10
BRDA:56,4,0,10
BRDA:56,4,1,0
BRDA:99,5,0,0
BRDA:99,5,1,0
BRDA:117,6,0,0
BRDA:121,7,0,2
BRDA:121,7,1,0
BRDA:121,8,0,2
BRDA:121,8,1,2
BRDA:122,9,0,0
BRDA:122,9,1,2
BRDA:126,10,0,0
BRDA:126,10,1,0
BRDA:126,11,0,0
BRDA:126,11,1,0
BRDA:133,12,0,2
BRDA:133,12,1,0
BRDA:161,13,0,4
BRDA:161,13,1,0
BRDA:184,14,0,0
BRDA:184,14,1,0
BRDA:184,15,0,0
BRDA:184,15,1,0
BRDA:214,16,0,0
BRDA:214,16,1,0
BRDA:214,17,0,0
BRDA:214,17,1,0
BRF:35
BRH:12
end_of_record
TN:
SF:/home/ed/Aloes/device-manager/src/models/sensor.js
FN:16,(anonymous_0)
FN:21,(anonymous_1)
FN:25,(anonymous_2)
FN:47,(anonymous_3)
FN:215,(anonymous_4)
FN:272,(anonymous_5)
FN:288,(anonymous_6)
FN:313,(anonymous_7)
FN:323,(anonymous_8)
FN:333,(anonymous_9)
FN:424,(anonymous_10)
FN:425,typeValidator
FN:437,resourceValidator
FN:453,transportProtocolValidator
FN:456,(anonymous_14)
FN:462,messageProtocolValidator
FN:465,(anonymous_16)
FN:504,(anonymous_17)
FN:545,(anonymous_18)
FN:576,(anonymous_19)
FN:621,(anonymous_20)
FN:658,(anonymous_21)
FN:701,(anonymous_22)
FN:775,(anonymous_23)
FN:850,(anonymous_24)
FN:895,(anonymous_25)
FN:927,(anonymous_26)
FN:942,(anonymous_27)
FN:983,(anonymous_28)
FN:986,(anonymous_29)
FN:987,(anonymous_30)
FN:1006,(anonymous_31)
FN:1064,(anonymous_32)
FNF:33
FNH:26
FNDA:9,(anonymous_0)
FNDA:54,(anonymous_1)
FNDA:0,(anonymous_2)
FNDA:1,(anonymous_3)
FNDA:1,(anonymous_4)
FNDA:9,(anonymous_5)
FNDA:12,(anonymous_6)
FNDA:8,(anonymous_7)
FNDA:5,(anonymous_8)
FNDA:12,(anonymous_9)
FNDA:1,(anonymous_10)
FNDA:9,typeValidator
FNDA:9,resourceValidator
FNDA:9,transportProtocolValidator
FNDA:18,(anonymous_14)
FNDA:9,messageProtocolValidator
FNDA:18,(anonymous_16)
FNDA:13,(anonymous_17)
FNDA:0,(anonymous_18)
FNDA:0,(anonymous_19)
FNDA:0,(anonymous_20)
FNDA:0,(anonymous_21)
FNDA:1,(anonymous_22)
FNDA:0,(anonymous_23)
FNDA:1,(anonymous_24)
FNDA:1,(anonymous_25)
FNDA:1,(anonymous_26)
FNDA:1,(anonymous_27)
FNDA:2,(anonymous_28)
FNDA:10,(anonymous_29)
FNDA:40,(anonymous_30)
FNDA:0,(anonymous_31)
FNDA:7,(anonymous_32)
DA:7,1
DA:8,1
DA:16,1
DA:17,9
DA:18,9
DA:19,9
DA:20,9
DA:21,54
DA:22,9
DA:23,0
DA:24,0
DA:25,0
DA:26,0
DA:27,0
DA:29,9
DA:31,0
DA:32,0
DA:47,1
DA:48,1
DA:52,1
DA:53,1
DA:54,0
DA:57,0
DA:58,0
DA:61,0
DA:62,0
DA:64,0
DA:66,0
DA:69,0
DA:70,0
DA:73,0
DA:74,0
DA:77,0
DA:78,0
DA:81,0
DA:82,0
DA:84,0
DA:87,1
DA:89,1
DA:92,0
DA:93,0
DA:96,0
DA:97,0
DA:99,1
DA:101,1
DA:103,0
DA:106,0
DA:107,0
DA:110,0
DA:111,0
DA:114,0
DA:115,0
DA:117,0
DA:119,0
DA:121,0
DA:124,0
DA:125,0
DA:128,0
DA:129,0
DA:132,0
DA:133,0
DA:136,0
DA:137,0
DA:140,0
DA:141,0
DA:144,0
DA:145,0
DA:148,0
DA:149,0
DA:151,0
DA:153,0
DA:155,0
DA:158,0
DA:159,0
DA:162,0
DA:163,0
DA:166,0
DA:167,0
DA:170,0
DA:171,0
DA:173,0
DA:175,0
DA:177,0
DA:179,0
DA:181,0
DA:182,0
DA:184,0
DA:185,0
DA:186,0
DA:187,0
DA:189,0
DA:191,0
DA:195,1
DA:198,1
DA:215,1
DA:216,1
DA:217,1
DA:220,1
DA:221,1
DA:223,1
DA:224,1
DA:225,1
DA:226,0
DA:227,0
DA:228,0
DA:229,0
DA:230,0
DA:233,0
DA:234,0
DA:237,1
DA:240,0
DA:242,0
DA:243,0
DA:244,0
DA:247,0
DA:252,0
DA:253,0
DA:254,0
DA:255,0
DA:256,0
DA:257,0
DA:259,1
DA:261,0
DA:262,0
DA:272,1
DA:273,9
DA:274,9
DA:275,9
DA:276,0
DA:278,9
DA:279,9
DA:281,9
DA:283,0
DA:284,0
DA:288,1
DA:289,12
DA:290,12
DA:291,0
DA:293,12
DA:294,12
DA:297,12
DA:299,12
DA:300,12
DA:301,12
DA:303,0
DA:313,1
DA:314,8
DA:315,8
DA:316,8
DA:317,7
DA:318,7
DA:320,1
DA:321,1
DA:322,1
DA:323,5
DA:326,8
DA:328,0
DA:329,0
DA:333,1
DA:334,12
DA:335,12
DA:342,2
DA:343,2
DA:344,0
DA:346,2
DA:347,2
DA:348,0
DA:349,0
DA:350,0
DA:352,0
DA:353,0
DA:382,10
DA:383,1
DA:384,1
DA:385,0
DA:387,1
DA:388,1
DA:389,1
DA:390,1
DA:393,12
DA:395,0
DA:396,0
DA:424,1
DA:426,9
DA:427,9
DA:428,0
DA:429,9
DA:430,0
DA:433,0
DA:438,9
DA:439,9
DA:444,0
DA:445,9
DA:446,0
DA:449,0
DA:454,9
DA:456,18
DA:458,0
DA:463,9
DA:465,18
DA:467,0
DA:471,1
DA:472,1
DA:473,1
DA:474,1
DA:475,1
DA:477,1
DA:481,1
DA:485,1
DA:489,1
DA:493,1
DA:504,1
DA:505,13
DA:506,13
DA:507,13
DA:508,0
DA:509,13
DA:510,0
DA:512,13
DA:520,13
DA:521,13
DA:528,13
DA:529,0
DA:530,0
DA:531,0
DA:532,0
DA:537,0
DA:540,0
DA:544,13
DA:545,0
DA:546,0
DA:547,0
DA:548,0
DA:549,0
DA:550,0
DA:551,0
DA:553,0
DA:556,0
DA:559,13
DA:560,13
DA:562,0
DA:564,0
DA:565,0
DA:576,1
DA:577,0
DA:578,0
DA:581,0
DA:582,0
DA:611,0
DA:614,0
DA:615,0
DA:616,0
DA:617,0
DA:618,0
DA:619,0
DA:620,0
DA:621,0
DA:623,0
DA:624,0
DA:626,0
DA:628,0
DA:630,0
DA:631,0
DA:632,0
DA:633,0
DA:634,0
DA:635,0
DA:636,0
DA:637,0
DA:638,0
DA:641,0
DA:643,0
DA:645,0
DA:646,0
DA:658,1
DA:659,0
DA:660,0
DA:666,0
DA:667,0
DA:668,0
DA:669,0
DA:671,0
DA:672,0
DA:673,0
DA:674,0
DA:675,0
DA:677,0
DA:678,0
DA:679,0
DA:680,0
DA:681,0
DA:682,0
DA:684,0
DA:686,0
DA:687,0
DA:701,1
DA:702,1
DA:703,1
DA:709,1
DA:710,0
DA:711,0
DA:713,1
DA:714,0
DA:715,0
DA:718,1
DA:719,1
DA:720,1
DA:721,1
DA:722,0
DA:724,1
DA:725,1
DA:730,1
DA:735,1
DA:738,1
DA:739,1
DA:740,1
DA:743,1
DA:744,1
DA:745,1
DA:747,1
DA:751,0
DA:752,0
DA:755,1
DA:756,1
DA:757,1
DA:759,0
DA:760,0
DA:762,0
DA:763,0
DA:775,1
DA:776,0
DA:777,0
DA:780,0
DA:781,0
DA:782,0
DA:783,0
DA:785,0
DA:795,0
DA:796,0
DA:798,0
DA:850,1
DA:851,1
DA:852,1
DA:854,1
DA:856,0
DA:857,0
DA:860,0
DA:861,0
DA:863,0
DA:864,0
DA:866,1
DA:867,1
DA:870,0
DA:872,0
DA:873,0
DA:875,0
DA:877,0
DA:879,1
DA:881,0
DA:882,0
DA:895,1
DA:896,1
DA:897,1
DA:898,0
DA:903,1
DA:904,1
DA:905,1
DA:906,1
DA:907,1
DA:909,0
DA:912,1
DA:914,0
DA:915,0
DA:917,0
DA:927,1
DA:928,1
DA:929,1
DA:930,1
DA:932,1
DA:942,1
DA:943,1
DA:950,1
DA:953,1
DA:954,0
DA:956,1
DA:958,1
DA:961,1
DA:962,1
DA:963,0
DA:965,1
DA:966,1
DA:967,0
DA:969,1
DA:970,1
DA:972,0
DA:973,0
DA:983,1
DA:984,2
DA:985,2
DA:986,2
DA:987,40
DA:989,2
DA:990,2
DA:992,0
DA:1006,1
DA:1007,0
DA:1008,0
DA:1009,0
DA:1011,0
DA:1012,0
DA:1013,0
DA:1014,0
DA:1015,0
DA:1017,0
DA:1030,1
DA:1041,1
DA:1052,1
DA:1062,1
DA:1064,1
DA:1065,7
DA:1066,7
DA:1114,1
DA:1115,1
DA:1116,1
DA:1118,1
DA:1119,1
DA:1120,1
DA:1121,1
DA:1122,1
DA:1123,1
DA:1124,1
LF:431
LH:189
BRDA:18,0,0,0
BRDA:18,0,1,9
BRDA:18,1,0,9
BRDA:18,1,1,9
BRDA:19,2,0,9
BRDA:19,2,1,0
BRDA:23,3,0,0
BRDA:23,3,1,0
BRDA:52,4,0,0
BRDA:52,4,1,1
BRDA:52,5,0,1
BRDA:52,5,1,1
BRDA:53,6,0,0
BRDA:53,6,1,1
BRDA:53,7,0,1
BRDA:53,7,1,1
BRDA:54,8,0,0
BRDA:54,8,1,0
BRDA:54,8,2,0
BRDA:54,8,3,0
BRDA:54,8,4,0
BRDA:54,8,5,0
BRDA:54,8,6,0
BRDA:61,9,0,0
BRDA:61,9,1,0
BRDA:87,10,0,1
BRDA:87,10,1,0
BRDA:87,10,2,0
BRDA:87,10,3,0
BRDA:87,10,4,0
BRDA:87,10,5,0
BRDA:87,10,6,0
BRDA:89,11,0,0
BRDA:89,11,1,0
BRDA:89,11,2,1
BRDA:103,12,0,0
BRDA:103,12,1,0
BRDA:103,12,2,0
BRDA:103,12,3,0
BRDA:121,13,0,0
BRDA:121,13,1,0
BRDA:121,13,2,0
BRDA:121,13,3,0
BRDA:121,13,4,0
BRDA:121,13,5,0
BRDA:121,13,6,0
BRDA:121,13,7,0
BRDA:155,14,0,0
BRDA:155,14,1,0
BRDA:155,14,2,0
BRDA:155,14,3,0
BRDA:155,14,4,0
BRDA:170,15,0,0
BRDA:170,15,1,0
BRDA:184,16,0,0
BRDA:184,16,1,0
BRDA:186,17,0,0
BRDA:186,17,1,0
BRDA:224,18,0,0
BRDA:224,18,1,1
BRDA:224,19,0,1
BRDA:224,19,1,1
BRDA:225,20,0,0
BRDA:225,20,1,1
BRDA:228,21,0,0
BRDA:228,21,1,0
BRDA:228,22,0,0
BRDA:228,22,1,0
BRDA:230,23,0,0
BRDA:230,23,1,0
BRDA:230,24,0,0
BRDA:230,24,1,0
BRDA:237,25,0,1
BRDA:237,25,1,0
BRDA:240,26,0,0
BRDA:240,26,1,0
BRDA:242,27,0,0
BRDA:242,27,1,0
BRDA:253,28,0,0
BRDA:253,28,1,0
BRDA:275,29,0,0
BRDA:275,29,1,9
BRDA:278,30,0,9
BRDA:278,30,1,0
BRDA:278,31,0,9
BRDA:278,31,1,9
BRDA:290,32,0,0
BRDA:290,32,1,12
BRDA:290,33,0,12
BRDA:290,33,1,12
BRDA:290,33,2,12
BRDA:316,34,0,7
BRDA:316,34,1,1
BRDA:316,35,0,8
BRDA:316,35,1,8
BRDA:316,35,2,7
BRDA:322,36,0,1
BRDA:322,36,1,0
BRDA:322,37,0,1
BRDA:322,37,1,1
BRDA:335,38,0,2
BRDA:335,38,1,10
BRDA:336,39,0,12
BRDA:336,39,1,10
BRDA:336,39,2,10
BRDA:342,40,0,2
BRDA:342,40,1,0
BRDA:343,41,0,0
BRDA:343,41,1,2
BRDA:343,42,0,2
BRDA:343,42,1,2
BRDA:347,43,0,0
BRDA:347,43,1,2
BRDA:347,44,0,2
BRDA:347,44,1,2
BRDA:348,45,0,0
BRDA:348,45,1,0
BRDA:349,46,0,0
BRDA:349,46,1,0
BRDA:352,47,0,0
BRDA:352,47,1,0
BRDA:382,48,0,1
BRDA:382,48,1,9
BRDA:382,49,0,10
BRDA:382,49,1,9
BRDA:383,50,0,1
BRDA:383,50,1,0
BRDA:384,51,0,0
BRDA:384,51,1,1
BRDA:384,52,0,1
BRDA:384,52,1,1
BRDA:388,53,0,1
BRDA:388,53,1,0
BRDA:389,54,0,0
BRDA:389,54,1,1
BRDA:427,55,0,0
BRDA:427,55,1,9
BRDA:427,56,0,9
BRDA:427,56,1,9
BRDA:427,56,2,9
BRDA:429,57,0,0
BRDA:429,57,1,9
BRDA:439,58,0,0
BRDA:439,58,1,9
BRDA:440,59,0,9
BRDA:440,59,1,9
BRDA:440,59,2,9
BRDA:445,60,0,0
BRDA:445,60,1,9
BRDA:454,61,0,0
BRDA:454,61,1,9
BRDA:455,62,0,9
BRDA:455,62,1,9
BRDA:463,63,0,0
BRDA:463,63,1,9
BRDA:464,64,0,9
BRDA:464,64,1,9
BRDA:506,65,0,13
BRDA:506,65,1,0
BRDA:507,66,0,0
BRDA:507,66,1,13
BRDA:507,67,0,13
BRDA:507,67,1,0
BRDA:509,68,0,0
BRDA:509,68,1,13
BRDA:520,69,0,13
BRDA:520,69,1,0
BRDA:520,70,0,13
BRDA:520,70,1,13
BRDA:520,70,2,13
BRDA:528,71,0,0
BRDA:528,71,1,13
BRDA:528,72,0,13
BRDA:528,72,1,1
BRDA:528,72,2,1
BRDA:532,73,0,0
BRDA:532,73,1,0
BRDA:533,74,0,0
BRDA:533,74,1,0
BRDA:533,74,2,0
BRDA:544,75,0,0
BRDA:544,75,1,13
BRDA:544,76,0,13
BRDA:544,76,1,12
BRDA:581,77,0,0
BRDA:581,77,1,0
BRDA:581,78,0,0
BRDA:581,78,1,0
BRDA:581,78,2,0
BRDA:584,79,0,0
BRDA:584,79,1,0
BRDA:596,80,0,0
BRDA:596,80,1,0
BRDA:597,81,0,0
BRDA:597,81,1,0
BRDA:598,82,0,0
BRDA:598,82,1,0
BRDA:599,83,0,0
BRDA:599,83,1,0
BRDA:600,84,0,0
BRDA:600,84,1,0
BRDA:601,85,0,0
BRDA:601,85,1,0
BRDA:617,86,0,0
BRDA:617,86,1,0
BRDA:617,87,0,0
BRDA:617,87,1,0
BRDA:623,88,0,0
BRDA:623,88,1,0
BRDA:667,89,0,0
BRDA:667,89,1,0
BRDA:667,90,0,0
BRDA:667,90,1,0
BRDA:672,91,0,0
BRDA:672,91,1,0
BRDA:672,92,0,0
BRDA:672,92,1,0
BRDA:674,93,0,0
BRDA:674,93,1,0
BRDA:709,94,0,0
BRDA:709,94,1,1
BRDA:713,95,0,0
BRDA:713,95,1,1
BRDA:713,96,0,1
BRDA:713,96,1,1
BRDA:713,96,2,1
BRDA:719,97,0,1
BRDA:719,97,1,0
BRDA:721,98,0,0
BRDA:721,98,1,1
BRDA:721,99,0,1
BRDA:721,99,1,1
BRDA:739,100,0,1
BRDA:739,100,1,0
BRDA:744,101,0,1
BRDA:744,101,1,0
BRDA:744,102,0,1
BRDA:744,102,1,1
BRDA:747,103,0,0
BRDA:747,103,1,1
BRDA:748,104,0,1
BRDA:748,104,1,1
BRDA:782,105,0,0
BRDA:782,105,1,0
BRDA:785,106,0,0
BRDA:785,106,1,0
BRDA:854,107,0,0
BRDA:854,107,1,0
BRDA:854,107,2,0
BRDA:854,107,3,1
BRDA:854,107,4,0
BRDA:854,107,5,0
BRDA:854,107,6,0
BRDA:854,107,7,0
BRDA:897,108,0,0
BRDA:897,108,1,1
BRDA:897,109,0,1
BRDA:897,109,1,1
BRDA:903,110,0,1
BRDA:903,110,1,0
BRDA:903,111,0,1
BRDA:903,111,1,1
BRDA:905,112,0,1
BRDA:905,112,1,0
BRDA:906,113,0,1
BRDA:906,113,1,0
BRDA:906,114,0,1
BRDA:906,114,1,1
BRDA:930,115,0,0
BRDA:930,115,1,1
BRDA:953,116,0,0
BRDA:953,116,1,1
BRDA:953,117,0,1
BRDA:953,117,1,1
BRDA:962,118,0,0
BRDA:962,118,1,1
BRDA:962,119,0,1
BRDA:962,119,1,1
BRDA:966,120,0,0
BRDA:966,120,1,1
BRDA:966,121,0,1
BRDA:966,121,1,0
BRDA:966,121,2,0
BRDA:983,122,0,2
BRDA:984,123,0,0
BRDA:984,123,1,2
BRDA:984,124,0,2
BRDA:984,124,1,2
BRDA:985,125,0,2
BRDA:985,125,1,0
BRDA:1008,126,0,0
BRDA:1008,126,1,0
BRDA:1008,127,0,0
BRDA:1008,127,1,0
BRDA:1014,128,0,0
BRDA:1014,128,1,0
BRDA:1014,129,0,0
BRDA:1014,129,1,0
BRDA:1014,129,2,0
BRF:299
BRH:127
end_of_record
TN:
SF:/home/ed/Aloes/device-manager/src/models/team.js
FN:3,(anonymous_0)
FN:6,(anonymous_1)
FN:26,(anonymous_2)
FNF:3
FNH:1
FNDA:1,(anonymous_0)
FNDA:0,(anonymous_1)
FNDA:0,(anonymous_2)
DA:3,1
DA:4,1
DA:6,1
DA:7,0
DA:8,0
DA:9,0
DA:10,0
DA:17,0
DA:18,0
DA:21,0
DA:23,0
DA:26,1
DA:27,0
DA:28,0
DA:29,0
DA:30,0
DA:31,0
DA:38,0
DA:39,0
DA:41,0
DA:43,0
DA:45,0
LF:22
LH:4
BRDA:8,0,0,0
BRDA:8,0,1,0
BRDA:9,1,0,0
BRDA:9,1,1,0
BRDA:17,2,0,0
BRDA:17,2,1,0
BRDA:17,3,0,0
BRDA:17,3,1,0
BRDA:17,3,2,0
BRDA:30,4,0,0
BRDA:30,4,1,0
BRDA:30,5,0,0
BRDA:30,5,1,0
BRDA:38,6,0,0
BRDA:38,6,1,0
BRDA:38,7,0,0
BRDA:38,7,1,0
BRDA:38,7,2,0
BRF:18
BRH:0
end_of_record
TN:
SF:/home/ed/Aloes/device-manager/src/models/user.js
FN:9,(anonymous_0)
FN:52,(anonymous_1)
FN:89,(anonymous_2)
FN:123,(anonymous_3)
FN:163,(anonymous_4)
FN:172,(anonymous_5)
FN:182,(anonymous_6)
FN:251,(anonymous_7)
FN:264,(anonymous_8)
FN:294,(anonymous_9)
FN:324,(anonymous_10)
FN:358,(anonymous_11)
FN:392,(anonymous_12)
FN:407,(anonymous_13)
FN:494,(anonymous_14)
FN:496,(anonymous_15)
FNF:16
FNH:13
FNDA:16,(anonymous_0)
FNDA:37,(anonymous_1)
FNDA:37,(anonymous_2)
FNDA:16,(anonymous_3)
FNDA:6,(anonymous_4)
FNDA:16,(anonymous_5)
FNDA:116,(anonymous_6)
FNDA:1,(anonymous_7)
FNDA:1,(anonymous_8)
FNDA:1,(anonymous_9)
FNDA:1,(anonymous_10)
FNDA:1,(anonymous_11)
FNDA:0,(anonymous_12)
FNDA:0,(anonymous_13)
FNDA:116,(anonymous_14)
FNDA:0,(anonymous_15)
DA:7,1
DA:9,1
DA:10,16
DA:11,16
DA:12,16
DA:13,16
DA:24,16
DA:25,16
DA:27,2
DA:28,2
DA:29,0
DA:33,16
DA:34,16
DA:39,16
DA:41,0
DA:42,0
DA:52,1
DA:53,37
DA:55,37
DA:56,37
DA:57,5
DA:59,5
DA:60,5
DA:61,4
DA:63,5
DA:64,5
DA:65,32
DA:66,32
DA:67,32
DA:68,32
DA:69,22
DA:71,10
DA:74,37
DA:75,37
DA:76,37
DA:78,0
DA:79,0
DA:89,1
DA:90,37
DA:91,37
DA:92,37
DA:95,5
DA:97,32
DA:98,16
DA:99,16
DA:101,0
DA:102,0
DA:107,0
DA:111,32
DA:112,16
DA:113,16
DA:115,32
DA:116,32
DA:118,0
DA:119,0
DA:123,1
DA:124,16
DA:125,16
DA:127,16
DA:129,12
DA:131,16
DA:132,16
DA:134,16
DA:135,6
DA:137,16
DA:138,0
DA:140,16
DA:141,0
DA:143,16
DA:144,16
DA:146,0
DA:149,16
DA:150,16
DA:152,0
DA:153,0
DA:163,1
DA:164,6
DA:165,6
DA:166,6
DA:167,0
DA:168,0
DA:170,6
DA:171,6
DA:172,16
DA:174,6
DA:175,6
DA:177,0
DA:178,0
DA:182,1
DA:183,116
DA:184,116
DA:191,5
DA:192,5
DA:193,5
DA:194,5
DA:195,5
DA:198,5
DA:200,5
DA:202,5
DA:203,1
DA:204,1
DA:206,4
DA:207,1
DA:208,1
DA:210,111
DA:211,5
DA:212,5
DA:213,5
DA:214,5
DA:216,5
DA:217,2
DA:218,2
DA:220,106
DA:221,91
DA:222,91
DA:224,91
DA:225,91
DA:226,91
DA:228,0
DA:229,0
DA:232,21
DA:234,4
DA:235,4
DA:251,1
DA:253,1
DA:264,1
DA:265,1
DA:266,1
DA:267,1
DA:275,1
DA:276,0
DA:277,0
DA:280,1
DA:281,1
DA:283,0
DA:284,0
DA:294,1
DA:295,1
DA:296,1
DA:297,1
DA:304,1
DA:305,0
DA:306,0
DA:308,1
DA:309,1
DA:310,1
DA:312,0
DA:313,0
DA:324,1
DA:325,1
DA:326,1
DA:328,1
DA:329,0
DA:330,0
DA:332,1
DA:333,1
DA:334,0
DA:335,0
DA:337,1
DA:338,1
DA:339,0
DA:340,0
DA:342,1
DA:343,1
DA:345,0
DA:346,0
DA:358,1
DA:359,1
DA:361,1
DA:362,0
DA:363,0
DA:365,1
DA:366,1
DA:367,1
DA:368,1
DA:369,0
DA:370,0
DA:372,1
DA:373,1
DA:374,0
DA:375,0
DA:377,1
DA:379,1
DA:381,0
DA:382,0
DA:392,1
DA:393,0
DA:394,0
DA:395,0
DA:396,0
DA:397,0
DA:399,0
DA:400,0
DA:402,0
DA:403,0
DA:407,1
DA:408,0
DA:409,0
DA:410,0
DA:411,0
DA:413,0
DA:414,0
DA:416,0
DA:417,0
DA:427,1
DA:435,1
DA:443,1
DA:451,1
DA:462,1
DA:473,1
DA:484,1
DA:494,116
DA:496,1
DA:497,0
DA:498,0
DA:499,0
DA:512,1
DA:513,1
DA:514,1
DA:515,1
DA:517,1
DA:518,1
DA:519,1
DA:520,1
DA:521,1
DA:522,1
DA:523,1
DA:524,1
DA:525,1
DA:526,1
DA:528,1
DA:529,1
DA:530,1
DA:531,1
DA:532,1
DA:533,1
DA:534,1
DA:535,1
DA:536,1
DA:537,1
DA:539,1
DA:540,1
DA:541,1
DA:542,1
DA:543,1
DA:544,1
DA:545,1
DA:546,1
DA:547,1
DA:548,1
DA:550,1
DA:551,1
DA:552,1
DA:553,1
DA:554,1
DA:555,1
DA:556,1
DA:557,1
DA:558,1
DA:559,1
DA:560,1
DA:561,1
DA:563,1
DA:564,1
DA:565,1
DA:566,1
DA:567,1
DA:568,1
DA:569,1
DA:570,1
DA:572,1
DA:573,1
DA:574,1
DA:575,1
DA:576,1
DA:577,1
DA:578,1
DA:579,1
DA:581,1
DA:582,1
DA:583,1
DA:584,1
DA:585,1
DA:586,1
DA:587,1
DA:588,1
LF:286
LH:221
BRDA:12,0,0,16
BRDA:12,0,1,0
BRDA:12,1,0,16
BRDA:12,1,1,16
BRDA:28,2,0,0
BRDA:28,2,1,2
BRDA:33,3,0,16
BRDA:33,3,1,0
BRDA:56,4,0,5
BRDA:56,4,1,32
BRDA:60,5,0,4
BRDA:60,5,1,1
BRDA:60,6,0,5
BRDA:60,6,1,1
BRDA:65,7,0,32
BRDA:65,7,1,0
BRDA:68,8,0,22
BRDA:68,8,1,10
BRDA:74,9,0,37
BRDA:74,9,1,32
BRDA:74,9,2,0
BRDA:92,10,0,5
BRDA:92,10,1,32
BRDA:97,11,0,16
BRDA:97,11,1,16
BRDA:99,12,0,0
BRDA:99,12,1,16
BRDA:99,13,0,16
BRDA:99,13,1,16
BRDA:111,14,0,16
BRDA:111,14,1,16
BRDA:111,15,0,32
BRDA:111,15,1,16
BRDA:127,16,0,12
BRDA:127,16,1,4
BRDA:127,17,0,16
BRDA:127,17,1,16
BRDA:131,18,0,16
BRDA:131,18,1,0
BRDA:134,19,0,6
BRDA:134,19,1,10
BRDA:134,20,0,16
BRDA:134,20,1,16
BRDA:137,21,0,0
BRDA:137,21,1,16
BRDA:137,22,0,16
BRDA:137,22,1,0
BRDA:140,23,0,0
BRDA:140,23,1,16
BRDA:140,24,0,16
BRDA:140,24,1,16
BRDA:166,25,0,0
BRDA:166,25,1,6
BRDA:166,26,0,6
BRDA:166,26,1,6
BRDA:166,26,2,6
BRDA:184,27,0,5
BRDA:184,27,1,111
BRDA:185,28,0,116
BRDA:185,28,1,116
BRDA:185,28,2,116
BRDA:185,28,3,116
BRDA:185,28,4,111
BRDA:191,29,0,5
BRDA:191,29,1,0
BRDA:193,30,0,5
BRDA:193,30,1,0
BRDA:193,31,0,5
BRDA:193,31,1,5
BRDA:194,32,0,5
BRDA:194,32,1,3
BRDA:195,33,0,5
BRDA:195,33,1,5
BRDA:195,33,2,5
BRDA:198,34,0,5
BRDA:198,34,1,2
BRDA:200,35,0,5
[...]
DA:716,1
DA:717,1
DA:718,0
DA:719,0
DA:726,0
DA:727,0
DA:732,1
DA:740,1
DA:742,1
DA:745,1
DA:753,1
DA:754,1
DA:762,1
DA:769,1
DA:770,1
DA:771,1
DA:772,1
DA:773,1
DA:776,1
DA:778,0
DA:779,0
DA:783,1
DA:784,1
DA:785,1
DA:787,0
DA:789,0
DA:790,0
DA:791,0
DA:792,0
DA:793,0
DA:802,0
DA:810,1
DA:811,1
DA:812,1
DA:813,1
DA:814,1
DA:816,1
DA:817,1
DA:818,1
DA:820,0
DA:822,0
DA:823,0
DA:824,0
LF:310
LH:228
BRDA:28,0,0,1
BRDA:28,0,1,0
BRDA:28,1,0,1
BRDA:28,1,1,0
BRDA:48,2,0,0
BRDA:48,2,1,0
BRDA:48,3,0,0
BRDA:48,3,1,0
BRDA:63,4,0,1
BRDA:63,4,1,0
BRDA:63,5,0,1
BRDA:63,5,1,0
BRDA:104,6,0,67
BRDA:104,6,1,104
BRDA:119,7,0,18
BRDA:119,7,1,2
BRDA:160,8,0,0
BRDA:160,8,1,11
BRDA:160,9,0,11
BRDA:160,9,1,11
BRDA:164,10,0,9
BRDA:164,10,1,0
BRDA:180,11,0,10
BRDA:180,11,1,0
BRDA:180,12,0,10
BRDA:180,12,1,10
BRDA:184,13,0,0
BRDA:184,13,1,10
BRDA:184,14,0,10
BRDA:184,14,1,10
BRDA:192,15,0,8
BRDA:192,15,1,2
BRDA:194,16,0,1
BRDA:194,16,1,7
BRDA:194,17,0,8
BRDA:194,17,1,8
BRDA:194,17,2,8
BRDA:229,18,0,5
BRDA:229,18,1,0
BRDA:229,19,0,5
BRDA:229,19,1,5
BRDA:255,20,0,0
BRDA:255,20,1,7
BRDA:255,21,0,7
BRDA:255,21,1,7
BRDA:261,22,0,1
BRDA:261,22,1,6
BRDA:261,23,0,7
BRDA:261,23,1,6
BRDA:261,23,2,6
BRDA:261,23,3,6
BRDA:265,24,0,1
BRDA:265,24,1,5
BRDA:266,25,0,6
BRDA:266,25,1,1
BRDA:266,25,2,1
BRDA:282,26,0,5
BRDA:282,26,1,0
BRDA:288,27,0,5
BRDA:288,27,1,1
BRDA:288,28,0,6
BRDA:288,28,1,6
BRDA:288,28,2,6
BRDA:294,29,0,0
BRDA:294,29,1,1
BRDA:301,30,0,0
BRDA:301,30,1,0
BRDA:311,31,0,0
BRDA:311,31,1,63
BRDA:314,32,0,63
BRDA:314,32,1,0
BRDA:315,33,0,0
BRDA:315,33,1,63
BRDA:321,34,0,59
BRDA:321,34,1,4
BRDA:322,35,0,63
BRDA:322,35,1,59
BRDA:322,35,2,59
BRDA:322,35,3,0
BRDA:331,36,0,3
BRDA:331,36,1,1
BRDA:331,37,0,4
BRDA:331,37,1,4
BRDA:338,38,0,0
BRDA:338,38,1,1
BRDA:338,39,0,1
BRDA:338,39,1,0
BRDA:344,40,0,0
BRDA:344,40,1,1
BRDA:344,41,0,1
BRDA:344,41,1,0
BRDA:359,42,0,0
BRDA:359,42,1,3
BRDA:363,43,0,3
BRDA:363,43,1,0
BRDA:364,44,0,0
BRDA:364,44,1,3
BRDA:369,45,0,3
BRDA:369,45,1,0
BRDA:370,46,0,3
BRDA:370,46,1,3
BRDA:370,46,2,3
BRDA:370,46,3,2
BRDA:370,46,4,1
BRDA:370,46,5,1
BRDA:383,47,0,0
BRDA:383,47,1,0
BRDA:383,48,0,0
BRDA:383,48,1,0
BRDA:389,49,0,0
BRDA:389,49,1,0
BRDA:389,50,0,0
BRDA:389,50,1,0
BRDA:395,51,0,0
BRDA:395,51,1,0
BRDA:395,52,0,0
BRDA:395,52,1,0
BRDA:409,53,0,78
BRDA:409,53,1,62
BRDA:410,54,0,59
BRDA:410,54,1,3
BRDA:412,55,0,59
BRDA:412,55,1,0
BRDA:418,56,0,0
BRDA:418,56,1,0
BRDA:424,57,0,3
BRDA:424,57,1,0
BRDA:424,58,0,3
BRDA:424,58,1,3
BRDA:427,59,0,0
BRDA:427,59,1,3
BRDA:427,60,0,3
BRDA:427,60,1,3
BRDA:431,61,0,1
BRDA:431,61,1,2
BRDA:431,62,0,3
BRDA:431,62,1,3
BRDA:431,62,2,3
BRDA:436,63,0,2
BRDA:436,63,1,0
BRDA:438,64,0,0
BRDA:438,64,1,0
BRDA:438,65,0,0
BRDA:438,65,1,0
BRDA:473,66,0,0
BRDA:473,66,1,68
BRDA:475,67,0,0
BRDA:475,67,1,68
BRDA:477,68,0,0
BRDA:477,68,1,68
BRDA:479,69,0,68
BRDA:479,69,1,0
BRDA:481,70,0,0
BRDA:481,70,1,68
BRDA:503,71,0,0
BRDA:503,71,1,1
BRDA:520,72,0,2
BRDA:520,72,1,5
BRDA:522,73,0,2
BRDA:522,73,1,0
BRDA:540,74,0,62
BRDA:540,74,1,1
BRDA:556,75,0,3
BRDA:556,75,1,0
BRDA:679,76,0,1
BRDA:679,76,1,0
BRDA:682,77,0,0
BRDA:682,77,1,1
BRDA:699,78,0,1
BRDA:699,78,1,0
BRDA:701,79,0,0
BRDA:701,79,1,1
BRDA:717,80,0,0
BRDA:717,80,1,1
BRDA:717,81,0,1
BRDA:717,81,1,0
BRDA:783,82,0,1
BRDA:783,82,1,0
BRDA:783,83,0,1
BRDA:783,83,1,0
BRDA:791,84,0,0
BRDA:791,84,1,0
BRDA:791,85,0,0
BRDA:791,85,1,0
BRDA:812,86,0,1
BRDA:812,86,1,0
BRDA:812,87,0,1
BRDA:812,87,1,1
BRDA:814,88,0,1
BRDA:814,88,1,0
BRF:190
BRH:116
end_of_record
TN:
SF:/home/ed/Aloes/device-manager/src/services/delta-timer.js
FN:3,(anonymous_0)
FN:11,(anonymous_1)
FN:30,(anonymous_2)
FN:41,(anonymous_3)
FN:51,(anonymous_4)
FNF:5
FNH:3
FNDA:1,(anonymous_0)
FNDA:7,(anonymous_1)
FNDA:1,(anonymous_2)
FNDA:0,(anonymous_3)
FNDA:0,(anonymous_4)
DA:3,1
DA:4,1
DA:6,1
DA:7,1
DA:8,1
DA:9,1
DA:11,1
DA:12,7
DA:13,7
DA:14,7
DA:15,7
DA:16,7
DA:17,7
DA:18,7
DA:19,7
DA:20,7
DA:21,7
DA:22,7
DA:23,7
DA:24,7
DA:26,0
DA:30,1
DA:31,1
DA:32,1
DA:33,1
DA:34,1
DA:35,1
DA:37,0
DA:41,1
DA:42,0
DA:43,0
DA:44,0
DA:45,0
DA:47,0
DA:51,1
DA:52,0
DA:53,0
DA:54,0
DA:57,1
DA:58,1
DA:59,1
DA:60,1
DA:62,0
LF:43
LH:32
BRDA:23,0,0,6
BRDA:23,0,1,1
BRF:2
BRH:2
end_of_record
TN:
SF:/home/ed/Aloes/device-manager/src/services/logger.js
FN:26,(anonymous_0)
FN:46,(anonymous_1)
FN:92,(anonymous_2)
FNF:3
FNH:3
FNDA:2074,(anonymous_0)
FNDA:2074,(anonymous_1)
FNDA:2252,(anonymous_2)
DA:4,1
DA:23,1
DA:24,1
DA:26,1
DA:28,2074
DA:29,2074
DA:30,1341
DA:33,14
DA:35,1327
DA:37,733
DA:38,733
DA:40,2074
DA:41,122
DA:43,2074
DA:46,1
DA:47,2074
DA:49,364
DA:50,364
DA:52,102
DA:53,102
DA:55,0
DA:56,0
DA:58,254
DA:59,254
DA:61,0
DA:62,0
DA:64,458
DA:65,458
DA:67,379
DA:68,379
DA:70,5
DA:71,5
DA:73,223
DA:74,223
DA:76,57
DA:77,57
DA:79,47
DA:80,47
DA:82,24
DA:83,24
DA:85,4
DA:86,4
DA:88,157
DA:92,1
DA:93,2252
DA:94,2252
DA:95,2074
DA:96,2074
DA:97,2074
DA:98,0
DA:103,2074
DA:104,0
DA:105,0
DA:106,0
DA:109,2074
DA:110,178
DA:111,178
DA:114,0
LF:58
LH:49
BRDA:29,0,0,1341
BRDA:29,0,1,733
BRDA:30,1,0,14
BRDA:30,1,1,1327
BRDA:37,2,0,733
BRDA:37,2,1,0
BRDA:40,3,0,122
BRDA:40,3,1,1952
BRDA:40,4,0,2074
BRDA:40,4,1,2074
BRDA:47,5,0,364
BRDA:47,5,1,102
BRDA:47,5,2,0
BRDA:47,5,3,254
BRDA:47,5,4,0
BRDA:47,5,5,458
BRDA:47,5,6,379
BRDA:47,5,7,5
BRDA:47,5,8,223
BRDA:47,5,9,57
BRDA:47,5,10,47
BRDA:47,5,11,24
BRDA:47,5,12,4
BRDA:47,5,13,157
BRDA:93,6,0,2252
BRDA:93,6,1,1
BRDA:94,7,0,2074
BRDA:94,7,1,178
BRDA:97,8,0,0
BRDA:97,8,1,2074
BRDA:97,9,0,2074
BRDA:97,9,1,0
BRDA:103,10,0,0
BRDA:103,10,1,2074
BRDA:103,11,0,2074
BRDA:103,11,1,0
BRDA:105,12,0,0
BRDA:105,12,1,0
BRDA:110,13,0,178
BRDA:110,13,1,0
BRF:40
BRH:30
end_of_record
TN:
SF:/home/ed/Aloes/device-manager/src/services/mails.js
FN:66,(anonymous_0)
FN:67,(anonymous_1)
FN:68,(anonymous_2)
FN:77,(anonymous_3)
FN:103,(anonymous_4)
FN:104,(anonymous_5)
FN:105,(anonymous_6)
FN:114,(anonymous_7)
FN:147,(anonymous_8)
FN:171,(anonymous_9)
FN:189,(anonymous_10)
FNF:11
FNH:8
FNDA:1,(anonymous_0)
FNDA:1,(anonymous_1)
FNDA:0,(anonymous_2)
FNDA:1,(anonymous_3)
FNDA:16,(anonymous_4)
FNDA:16,(anonymous_5)
FNDA:16,(anonymous_6)
FNDA:16,(anonymous_7)
FNDA:1,(anonymous_8)
FNDA:0,(anonymous_9)
FNDA:0,(anonymous_10)
DA:5,1
DA:6,1
DA:7,1
DA:8,1
DA:9,1
DA:10,1
DA:12,1
DA:17,1
DA:32,1
DA:59,1
DA:66,1
DA:67,1
DA:68,1
DA:77,1
DA:78,1
DA:79,1
DA:80,1
DA:81,0
DA:85,0
DA:87,0
DA:88,0
DA:90,0
DA:91,0
DA:93,0
DA:94,0
DA:103,1
DA:104,16
DA:105,16
DA:114,1
DA:115,16
DA:116,16
DA:118,16
DA:128,16
DA:134,16
DA:135,16
DA:137,0
DA:138,0
DA:147,1
DA:148,1
DA:149,1
DA:158,1
DA:159,1
DA:161,0
DA:162,0
DA:171,1
DA:172,0
DA:173,0
DA:182,0
DA:183,0
DA:185,0
DA:189,1
DA:190,0
DA:191,0
DA:200,0
DA:201,0
DA:203,0
LF:56
LH:34
BRDA:24,0,0,0
BRDA:24,0,1,1
BRDA:68,1,0,0
BRDA:68,1,1,0
BRDA:85,2,0,0
BRDA:85,2,1,0
BRDA:85,3,0,0
BRDA:85,3,1,0
BRDA:85,3,2,0
BRDA:105,4,0,0
BRDA:105,4,1,16
BRF:11
BRH:2
end_of_record
TN:
SF:/home/ed/Aloes/device-manager/src/services/mqtt-client.js
FN:15,(anonymous_0)
FN:21,(anonymous_1)
FN:34,(anonymous_2)
FN:58,(anonymous_3)
FN:101,(anonymous_4)
FN:136,(anonymous_5)
FN:154,(anonymous_6)
FN:188,(anonymous_7)
FN:201,(anonymous_8)
FN:218,(anonymous_9)
FN:253,(anonymous_10)
FN:287,(anonymous_11)
FN:296,(anonymous_12)
FN:305,(anonymous_13)
FN:330,(anonymous_14)
FN:387,(anonymous_15)
FN:417,(anonymous_16)
FN:449,(anonymous_17)
FNF:18
FNH:10
FNDA:5,(anonymous_0)
FNDA:0,(anonymous_1)
FNDA:7,(anonymous_2)
FNDA:0,(anonymous_3)
FNDA:0,(anonymous_4)
FNDA:7,(anonymous_5)
FNDA:0,(anonymous_6)
FNDA:7,(anonymous_7)
FNDA:0,(anonymous_8)
FNDA:0,(anonymous_9)
FNDA:7,(anonymous_10)
FNDA:0,(anonymous_11)
FNDA:0,(anonymous_12)
FNDA:1,(anonymous_13)
FNDA:1,(anonymous_14)
FNDA:7,(anonymous_15)
FNDA:62,(anonymous_16)
FNDA:2,(anonymous_17)
DA:11,1
DA:15,1
DA:16,5
DA:19,1
DA:21,1
DA:22,0
DA:25,1
DA:34,1
DA:35,7
DA:36,7
DA:37,7
DA:38,7
DA:39,7
DA:40,0
DA:41,0
DA:44,7
DA:46,0
DA:58,1
DA:59,0
DA:60,0
DA:61,0
DA:62,0
DA:63,0
DA:64,0
DA:65,0
DA:66,0
DA:67,0
DA:68,0
DA:70,0
DA:77,0
DA:78,0
DA:85,0
DA:87,0
DA:89,0
DA:90,0
DA:101,1
DA:102,0
DA:103,0
DA:104,0
DA:106,0
DA:107,0
DA:108,0
DA:109,0
DA:110,0
DA:111,0
DA:112,0
DA:113,0
DA:114,0
DA:115,0
DA:117,0
DA:119,0
DA:120,0
DA:122,0
DA:123,0
DA:125,0
DA:126,0
DA:128,0
DA:130,0
DA:132,0
DA:136,1
DA:137,7
DA:138,7
DA:139,7
DA:140,0
DA:141,7
DA:142,7
DA:143,7
DA:146,7
DA:147,7
DA:149,0
DA:150,0
DA:154,1
DA:155,0
DA:156,0
DA:158,0
DA:159,0
DA:161,0
DA:162,0
DA:163,0
DA:168,0
DA:169,0
DA:171,0
DA:172,0
DA:173,0
DA:176,0
DA:188,1
DA:189,7
DA:190,7
DA:191,7
DA:192,7
DA:193,7
DA:194,7
DA:196,0
DA:197,0
DA:201,1
DA:202,0
DA:203,0
DA:204,0
DA:218,1
DA:219,0
DA:220,0
DA:221,0
DA:222,0
DA:223,0
DA:224,0
DA:225,0
DA:226,0
DA:230,0
DA:231,0
DA:232,0
DA:234,0
DA:236,0
DA:237,0
DA:239,0
DA:240,0
DA:253,1
DA:254,7
DA:255,7
DA:256,7
DA:257,7
DA:258,7
DA:259,0
DA:260,0
DA:261,0
DA:262,0
DA:263,0
DA:265,0
DA:267,0
DA:268,0
DA:280,1
DA:287,1
DA:288,0
DA:296,1
DA:297,0
DA:305,1
DA:306,1
DA:308,1
DA:309,1
DA:310,1
DA:312,0
DA:321,1
DA:330,1
DA:331,1
DA:333,1
DA:334,1
DA:338,0
DA:340,1
DA:341,1
DA:346,1
DA:360,1
DA:361,1
DA:362,0
DA:363,0
DA:364,0
DA:366,0
DA:368,1
DA:369,1
DA:373,1
DA:387,1
DA:388,7
DA:391,1
DA:392,1
DA:393,1
DA:395,0
DA:397,0
DA:408,1
DA:417,1
DA:418,62
DA:419,62
DA:420,0
DA:421,62
DA:422,0
DA:423,62
DA:425,62
DA:426,62
DA:428,0
DA:432,62
DA:433,62
DA:434,60
DA:435,59
DA:436,59
DA:438,3
DA:439,3
DA:449,1
DA:450,2
DA:451,2
DA:452,1
DA:453,1
DA:460,1
DA:463,2
DA:464,2
DA:466,0
DA:467,0
DA:476,1
LF:194
LH:90
BRDA:37,0,0,7
BRDA:37,0,1,0
BRDA:37,1,0,7
BRDA:37,1,1,7
BRDA:38,2,0,7
BRDA:38,2,1,0
BRDA:40,3,0,0
BRDA:40,3,1,0
BRDA:62,4,0,0
BRDA:62,4,1,0
BRDA:62,5,0,0
BRDA:62,5,1,0
BRDA:63,6,0,0
BRDA:63,6,1,0
BRDA:63,7,0,0
BRDA:63,7,1,0
BRDA:65,8,0,0
BRDA:65,8,1,0
BRDA:65,9,0,0
BRDA:65,9,1,0
BRDA:67,10,0,0
BRDA:67,10,1,0
BRDA:67,11,0,0
BRDA:67,11,1,0
BRDA:78,12,0,0
BRDA:78,12,1,0
BRDA:79,13,0,0
BRDA:79,13,1,0
BRDA:79,13,2,0
BRDA:79,13,3,0
BRDA:79,13,4,0
BRDA:104,14,0,0
BRDA:104,14,1,0
BRDA:104,14,2,0
BRDA:104,14,3,0
BRDA:104,14,4,0
BRDA:106,15,0,0
BRDA:106,15,1,0
BRDA:106,16,0,0
BRDA:106,16,1,0
BRDA:108,17,0,0
BRDA:108,17,1,0
BRDA:108,18,0,0
BRDA:108,18,1,0
BRDA:110,19,0,0
BRDA:110,19,1,0
BRDA:110,20,0,0
BRDA:110,20,1,0
BRDA:112,21,0,0
BRDA:112,21,1,0
BRDA:112,22,0,0
BRDA:112,22,1,0
BRDA:114,23,0,0
BRDA:114,23,1,0
BRDA:114,24,0,0
BRDA:114,24,1,0
BRDA:139,25,0,0
BRDA:139,25,1,7
BRDA:141,26,0,7
BRDA:141,26,1,0
BRDA:142,27,0,7
BRDA:142,27,1,0
BRDA:158,28,0,0
BRDA:158,28,1,0
BRDA:161,29,0,0
BRDA:161,29,1,0
BRDA:162,30,0,0
BRDA:162,30,1,0
BRDA:162,31,0,0
BRDA:162,31,1,0
BRDA:172,32,0,0
BRDA:172,32,1,0
BRDA:204,33,0,0
BRDA:204,33,1,0
BRDA:225,34,0,0
BRDA:225,34,1,0
BRDA:225,35,0,0
BRDA:225,35,1,0
BRDA:231,36,0,0
BRDA:231,36,1,0
BRDA:231,37,0,0
BRDA:231,37,1,0
BRDA:257,38,0,7
BRDA:257,38,1,0
BRDA:259,39,0,0
BRDA:259,39,1,0
BRDA:262,40,0,0
BRDA:262,40,1,0
BRDA:333,41,0,1
BRDA:333,41,1,0
BRDA:334,42,0,0
BRDA:334,42,1,1
BRDA:360,43,0,1
BRDA:360,43,1,0
BRDA:361,44,0,0
BRDA:361,44,1,1
BRDA:363,45,0,0
BRDA:363,45,1,0
BRDA:417,46,0,0
BRDA:417,47,0,0
BRDA:419,48,0,0
BRDA:419,48,1,62
BRDA:421,49,0,0
BRDA:421,49,1,62
BRDA:423,50,0,62
BRDA:423,50,1,0
BRDA:433,51,0,2
BRDA:433,51,1,60
BRDA:451,52,0,1
BRDA:451,52,1,1
BRDA:451,53,0,2
BRDA:451,53,1,2
BRF:112
BRH:21
end_of_record
TN:
SF:/home/ed/Aloes/device-manager/src/services/role-manager.js
FN:11,(anonymous_0)
FN:20,(anonymous_1)
FN:23,(anonymous_2)
FN:30,(anonymous_3)
FN:49,(anonymous_4)
FN:50,(anonymous_5)
FN:56,(anonymous_6)
FN:67,(anonymous_7)
FN:70,(anonymous_8)
FN:85,(anonymous_9)
FN:97,(anonymous_10)
FN:99,(anonymous_11)
FN:133,(anonymous_12)
FN:143,(anonymous_13)
FN:151,(anonymous_14)
FN:152,(anonymous_15)
FNF:16
FNH:13
FNDA:60,(anonymous_0)
FNDA:1,(anonymous_1)
FNDA:2,(anonymous_2)
FNDA:2,(anonymous_3)
FNDA:97,(anonymous_4)
FNDA:97,(anonymous_5)
FNDA:97,(anonymous_6)
FNDA:97,(anonymous_7)
FNDA:299,(anonymous_8)
FNDA:46,(anonymous_9)
FNDA:47,(anonymous_10)
FNDA:23,(anonymous_11)
FNDA:1,(anonymous_12)
FNDA:0,(anonymous_13)
FNDA:0,(anonymous_14)
FNDA:0,(anonymous_15)
DA:6,1
DA:8,1
DA:11,60
DA:20,1
DA:21,1
DA:22,1
DA:23,1
DA:24,2
DA:25,2
DA:26,2
DA:28,1
DA:30,1
DA:31,2
DA:32,2
DA:34,1
DA:35,1
DA:37,0
DA:38,0
DA:49,1
DA:50,97
DA:51,97
DA:56,97
DA:67,1
DA:68,97
DA:69,97
DA:70,299
DA:72,0
DA:85,1
DA:86,46
DA:87,46
DA:88,23
DA:89,23
DA:92,23
DA:93,0
DA:95,23
DA:97,47
DA:99,23
DA:100,23
DA:101,22
DA:102,22
DA:104,1
DA:105,1
DA:106,1
DA:109,23
DA:110,23
DA:111,23
DA:112,22
DA:118,23
DA:120,0
DA:121,0
DA:133,1
DA:134,1
DA:135,1
DA:136,1
DA:137,1
DA:138,1
DA:143,1
DA:144,0
DA:145,0
DA:148,0
DA:149,0
DA:150,0
DA:151,0
DA:152,0
DA:154,0
DA:155,0
DA:156,0
DA:168,0
DA:169,0
DA:170,0
DA:173,0
DA:179,0
DA:182,0
DA:184,0
DA:187,0
LF:75
LH:51
BRDA:56,0,0,0
BRDA:56,0,1,97
BRDA:70,1,0,299
BRDA:70,1,1,194
BRDA:85,2,0,23
BRDA:87,3,0,23
BRDA:87,3,1,23
BRDA:92,4,0,0
BRDA:92,4,1,23
BRDA:100,5,0,22
BRDA:100,5,1,1
BRDA:111,6,0,22
BRDA:111,6,1,1
BRDA:111,7,0,23
BRDA:111,7,1,22
BRDA:136,8,0,1
BRDA:136,8,1,0
BRDA:136,9,0,1
BRDA:136,9,1,1
BRDA:169,10,0,0
BRDA:169,10,1,0
BRF:21
BRH:16
end_of_record
TN:
SF:/home/ed/Aloes/device-manager/src/services/server.js
FN:17,(anonymous_0)
FN:17,(anonymous_1)
FN:18,(anonymous_2)
FN:24,(anonymous_3)
FN:132,(anonymous_4)
FN:172,(anonymous_5)
FN:175,(anonymous_6)
FN:189,(anonymous_7)
FN:195,(anonymous_8)
FN:203,(anonymous_9)
FN:242,(anonymous_10)
FN:267,(anonymous_11)
FN:270,(anonymous_12)
FN:274,(anonymous_13)
FN:275,(anonymous_14)
FN:276,(anonymous_15)
FN:279,(anonymous_16)
FN:286,(anonymous_17)
FN:317,(anonymous_18)
FNF:19
FNH:15
FNDA:1,(anonymous_0)
FNDA:228,(anonymous_1)
FNDA:228,(anonymous_2)
FNDA:5,(anonymous_3)
FNDA:1,(anonymous_4)
FNDA:1,(anonymous_5)
FNDA:0,(anonymous_6)
FNDA:0,(anonymous_7)
FNDA:0,(anonymous_8)
FNDA:5,(anonymous_9)
FNDA:2,(anonymous_10)
FNDA:62,(anonymous_11)
FNDA:62,(anonymous_12)
FNDA:1,(anonymous_13)
FNDA:1,(anonymous_14)
FNDA:1,(anonymous_15)
FNDA:0,(anonymous_16)
FNDA:1,(anonymous_17)
FNDA:1,(anonymous_18)
DA:15,1
DA:17,1
DA:18,228
DA:19,228
DA:21,0
DA:24,1
DA:25,5
DA:27,5
DA:28,5
DA:32,5
DA:33,5
DA:34,5
DA:35,5
DA:36,5
DA:38,0
DA:42,0
DA:43,0
DA:45,0
DA:49,5
DA:50,5
DA:52,0
DA:54,5
DA:56,0
DA:57,0
DA:58,0
DA:61,5
DA:64,5
DA:65,5
DA:66,5
DA:68,1
DA:70,5
DA:71,4
DA:72,4
DA:74,4
DA:75,4
DA:76,4
DA:79,1
DA:83,5
DA:84,1
DA:85,1
DA:87,1
DA:89,1
DA:90,0
DA:91,0
DA:92,0
DA:93,0
DA:95,0
DA:96,0
DA:97,0
DA:101,1
DA:105,5
DA:107,4
DA:110,5
DA:112,5
DA:114,0
DA:115,0
DA:117,0
DA:132,1
DA:133,1
DA:134,1
DA:135,1
DA:136,1
DA:139,1
DA:140,0
DA:141,0
DA:143,1
DA:144,1
DA:147,1
DA:148,1
DA:149,1
DA:151,1
DA:153,1
DA:154,1
DA:156,1
DA:163,1
DA:172,1
DA:175,1
DA:176,0
DA:177,0
DA:178,0
DA:186,0
DA:189,1
DA:190,0
DA:191,0
DA:192,0
DA:195,1
DA:196,0
DA:197,0
DA:198,0
DA:199,0
DA:200,0
DA:203,1
DA:204,5
DA:206,5
DA:207,5
DA:208,5
DA:209,5
DA:210,5
DA:211,5
DA:212,5
DA:214,0
DA:218,1
DA:219,1
DA:220,1
DA:223,1
DA:225,0
DA:226,0
DA:227,0
DA:242,1
DA:243,2
DA:244,2
DA:245,2
DA:246,2
DA:247,2
DA:248,2
DA:249,2
DA:250,2
DA:251,2
DA:252,2
DA:254,2
DA:255,2
DA:257,0
DA:258,0
DA:267,1
DA:268,62
DA:270,1
DA:271,62
DA:274,1
DA:275,1
DA:276,1
DA:279,1
DA:286,1
DA:287,1
DA:288,1
DA:289,1
DA:296,1
DA:298,0
DA:299,0
DA:309,1
DA:317,1
DA:318,1
DA:319,1
DA:320,1
DA:321,1
DA:322,1
DA:323,1
DA:324,1
DA:328,0
DA:340,1
LF:149
LH:107
BRDA:18,0,0,228
BRDA:18,0,1,0
BRDA:27,1,0,0
BRDA:27,1,1,5
BRDA:27,2,0,5
BRDA:27,2,1,5
BRDA:34,3,0,5
BRDA:34,3,1,0
BRDA:34,4,0,5
BRDA:34,4,1,0
BRDA:35,5,0,5
BRDA:35,5,1,0
BRDA:42,6,0,0
BRDA:42,6,1,0
BRDA:54,7,0,0
BRDA:54,7,1,5
BRDA:54,8,0,5
BRDA:54,8,1,0
BRDA:54,8,2,0
BRDA:64,9,0,5
BRDA:64,9,1,0
BRDA:70,10,0,4
BRDA:70,10,1,1
BRDA:70,11,0,5
BRDA:70,11,1,4
BRDA:70,11,2,4
BRDA:72,12,0,4
BRDA:72,12,1,0
BRDA:72,13,0,4
BRDA:72,13,1,4
BRDA:83,14,0,1
BRDA:83,14,1,4
BRDA:89,15,0,0
BRDA:89,15,1,1
BRDA:89,16,0,1
BRDA:89,16,1,0
BRDA:89,16,2,0
BRDA:91,17,0,0
BRDA:91,17,1,0
BRDA:91,18,0,0
BRDA:91,18,1,0
BRDA:96,19,0,0
BRDA:96,19,1,0
BRDA:96,20,0,0
BRDA:96,20,1,0
BRDA:105,21,0,4
BRDA:105,21,1,1
BRDA:139,22,0,0
BRDA:139,22,1,1
BRDA:251,23,0,2
BRDA:251,23,1,0
BRDA:267,24,0,0
BRDA:267,25,0,0
BRDA:270,26,0,0
BRDA:270,27,0,0
BRDA:276,28,0,0
BRDA:276,28,1,1
BRDA:319,29,0,1
BRDA:319,29,1,0
BRDA:322,30,0,1
BRDA:322,30,1,0
BRF:61
BRH:29
end_of_record
TN:
SF:/home/ed/Aloes/device-manager/src/services/test-helper.js
FN:17,addressFactory
FN:45,userFactory
FN:60,buildMethods
FN:63,(anonymous_3)
FN:70,(anonymous_4)
FN:75,(anonymous_5)
FN:79,(anonymous_6)
FN:83,fileFactory
FN:98,fileMetaFactory
FN:119,deviceFactory
FN:138,sensorFactory
FN:150,(anonymous_11)
FN:174,measurementFactory
FN:195,clientFactory
FNF:14
FNH:12
FNDA:7,addressFactory
FNDA:9,userFactory
FNDA:2,buildMethods
FNDA:11,(anonymous_3)
FNDA:11,(anonymous_4)
FNDA:6,(anonymous_5)
FNDA:0,(anonymous_6)
FNDA:2,fileFactory
FNDA:3,fileMetaFactory
FNDA:17,deviceFactory
FNDA:8,sensorFactory
FNDA:223,(anonymous_11)
FNDA:0,measurementFactory
FNDA:4,clientFactory
DA:10,1
DA:11,1
DA:12,1
DA:13,1
DA:14,1
DA:15,1
DA:18,7
DA:20,7
DA:21,7
DA:23,0
DA:24,0
DA:26,7
DA:27,1
DA:28,6
DA:29,6
DA:31,7
DA:42,7
DA:46,9
DA:47,9
DA:48,9
DA:54,9
DA:55,9
DA:57,9
DA:61,2
DA:64,11
DA:73,11
DA:75,6
DA:77,5
DA:79,0
DA:84,2
DA:85,2
DA:86,2
DA:87,1
DA:88,1
DA:93,1
DA:95,1
DA:99,3
DA:100,3
DA:102,0
DA:103,0
DA:105,3
DA:107,3
DA:109,3
DA:120,17
DA:121,17
DA:123,0
DA:124,0
DA:126,17
DA:127,17
DA:128,17
DA:139,8
DA:140,8
DA:142,0
DA:143,0
DA:145,8
DA:146,8
DA:147,8
DA:148,8
DA:149,8
DA:150,223
DA:152,8
DA:153,1
DA:155,8
DA:175,0
DA:176,0
DA:178,0
DA:179,0
DA:181,0
DA:182,0
DA:197,4
DA:198,0
DA:201,4
DA:202,4
DA:206,0
DA:208,4
DA:223,1
LF:76
LH:59
BRDA:18,0,0,0
BRDA:18,0,1,7
BRDA:20,1,0,7
BRDA:20,1,1,0
BRDA:26,2,0,1
BRDA:26,2,1,6
BRDA:28,3,0,6
BRDA:28,3,1,0
BRDA:46,4,0,9
BRDA:46,4,1,9
BRDA:49,5,0,9
BRDA:49,5,1,0
BRDA:54,6,0,9
BRDA:54,6,1,0
BRDA:73,7,0,6
BRDA:73,7,1,5
BRDA:86,8,0,1
BRDA:86,8,1,1
BRDA:99,9,0,3
BRDA:99,9,1,0
BRDA:105,10,0,3
BRDA:105,10,1,0
BRDA:120,11,0,17
BRDA:120,11,1,0
BRDA:126,12,0,17
BRDA:126,12,1,3
BRDA:139,13,0,8
BRDA:139,13,1,0
BRDA:145,14,0,8
BRDA:145,14,1,1
BRDA:146,15,0,0
BRDA:146,15,1,8
BRDA:152,16,0,1
BRDA:152,16,1,7
BRDA:152,17,0,8
BRDA:152,17,1,8
BRDA:175,18,0,0
BRDA:175,18,1,0
BRDA:181,19,0,0
BRDA:181,19,1,0
BRDA:197,20,0,0
BRDA:197,20,1,4
BRDA:201,21,0,4
BRDA:201,21,1,0
BRF:44
BRH:28
end_of_record
TN:
SF:/home/ed/Aloes/device-manager/src/services/utils.js
FN:18,(anonymous_0)
FN:26,(anonymous_1)
FN:31,(anonymous_2)
FN:54,(anonymous_3)
FN:55,(anonymous_4)
FN:56,(anonymous_5)
FN:61,(anonymous_6)
FN:62,(anonymous_7)
FN:63,(anonymous_8)
FN:66,(anonymous_9)
FN:67,(anonymous_10)
FN:68,(anonymous_11)
FN:71,(anonymous_12)
FN:82,(anonymous_13)
FN:99,(anonymous_14)
FN:118,(anonymous_15)
FNF:16
FNH:13
FNDA:7,(anonymous_0)
FNDA:1,(anonymous_1)
FNDA:2,(anonymous_2)
FNDA:1,(anonymous_3)
FNDA:1,(anonymous_4)
FNDA:1,(anonymous_5)
FNDA:0,(anonymous_6)
FNDA:0,(anonymous_7)
FNDA:0,(anonymous_8)
FNDA:1,(anonymous_9)
FNDA:1,(anonymous_10)
FNDA:1,(anonymous_11)
FNDA:34,(anonymous_12)
FNDA:1,(anonymous_13)
FNDA:4,(anonymous_14)
FNDA:4,(anonymous_15)
DA:9,1
DA:11,1
DA:18,1
DA:19,7
DA:21,7
DA:23,7
DA:26,1
DA:27,1
DA:28,1
DA:29,1
DA:31,1
DA:32,2
DA:33,2
DA:34,2
DA:36,2
DA:38,2
DA:41,0
DA:43,0
DA:45,0
DA:46,0
DA:47,0
DA:50,0
DA:54,1
DA:55,1
DA:56,1
DA:57,1
DA:61,1
DA:62,0
DA:63,0
DA:66,1
DA:67,1
DA:68,1
DA:71,1
DA:72,34
DA:73,34
DA:74,34
DA:75,34
DA:76,34
DA:77,34
DA:78,34
DA:79,34
DA:82,1
DA:83,1
DA:84,1
DA:85,1
DA:87,2
DA:88,2
DA:90,1
DA:92,1
DA:96,1
DA:99,1
DA:100,4
DA:103,4
DA:104,2
DA:117,2
DA:118,2
DA:119,4
DA:122,2
DA:130,2
DA:133,4
DA:135,4
DA:137,0
LF:62
LH:53
BRDA:19,0,0,7
BRDA:19,0,1,0
BRDA:19,0,2,0
BRDA:19,0,3,0
BRDA:26,1,0,1
BRDA:26,2,0,1
BRDA:28,3,0,0
BRDA:28,3,1,1
BRDA:29,4,0,0
BRDA:29,4,1,1
BRDA:36,5,0,2
BRDA:36,5,1,0
BRDA:41,6,0,0
BRDA:41,6,1,0
BRDA:46,7,0,0
BRDA:46,7,1,0
BRDA:46,8,0,0
BRDA:46,8,1,0
BRDA:46,8,2,0
BRDA:57,9,0,0
BRDA:57,9,1,1
BRDA:61,10,0,0
BRDA:63,11,0,0
BRDA:63,11,1,0
BRDA:66,12,0,1
BRDA:68,13,0,0
BRDA:68,13,1,1
BRDA:72,14,0,34
BRDA:72,14,1,0
BRDA:73,15,0,34
BRDA:73,15,1,34
BRDA:74,16,0,34
BRDA:74,16,1,34
BRDA:88,17,0,1
BRDA:88,17,1,1
BRDA:103,18,0,2
BRDA:103,18,1,2
BRDA:103,19,0,4
BRDA:103,19,1,4
BRF:39
BRH:20
end_of_record
