TN:
SF:/home/ed/Aloes/device-manager/src/config.local.js
FNF:0
FNH:0
DA:1,1
LF:1
LH:1
BRF:0
BRH:0
end_of_record
TN:
SF:/home/ed/Aloes/device-manager/src/datasources.development.js
FNF:0
FNH:0
DA:1,1
LF:1
LH:1
BRDA:34,0,0,1
BRDA:34,0,1,0
BRDA:35,1,0,1
BRDA:35,1,1,0
BRDA:36,2,0,1
BRDA:36,2,1,0
BRDA:37,3,0,1
BRDA:37,3,1,0
BRDA:46,4,0,1
BRDA:46,4,1,0
BRF:10
BRH:5
end_of_record
TN:
SF:/home/ed/Aloes/device-manager/src/datasources.local.js
FNF:0
FNH:0
DA:1,1
LF:1
LH:1
BRDA:5,0,0,1
BRDA:5,0,1,1
BRDA:6,1,0,1
BRDA:6,1,1,1
BRDA:7,2,0,1
BRDA:7,2,1,1
BRDA:36,3,0,1
BRDA:36,3,1,1
BRDA:37,4,0,1
BRDA:37,4,1,1
BRDA:38,5,0,1
BRDA:38,5,1,1
BRDA:49,6,0,1
BRDA:49,6,1,0
BRDA:50,7,0,1
BRDA:50,7,1,0
BRDA:51,8,0,1
BRDA:51,8,1,0
BRDA:52,9,0,1
BRDA:52,9,1,0
BRDA:60,10,0,1
BRDA:60,10,1,1
BRDA:73,11,0,1
BRDA:73,11,1,1
BRDA:87,12,0,1
BRDA:87,12,1,1
BRDA:101,13,0,1
BRDA:101,13,1,1
BRDA:117,14,0,1
BRDA:117,14,1,0
BRF:30
BRH:25
end_of_record
TN:
SF:/home/ed/Aloes/device-manager/src/index.js
FN:15,(anonymous_0)
FN:22,(anonymous_1)
FN:47,(anonymous_2)
FN:52,(anonymous_3)
FN:70,(anonymous_4)
FNF:5
FNH:2
FNDA:1,(anonymous_0)
FNDA:0,(anonymous_1)
FNDA:1,(anonymous_2)
FNDA:0,(anonymous_3)
FNDA:0,(anonymous_4)
DA:15,1
DA:16,1
DA:17,1
DA:18,1
DA:19,1
DA:20,1
DA:22,0
DA:23,0
DA:27,1
DA:35,1
DA:40,1
DA:47,1
DA:48,1
DA:49,1
DA:50,0
DA:51,0
DA:52,0
DA:53,0
DA:54,0
DA:56,1
DA:58,0
DA:59,0
DA:60,0
DA:64,1
DA:65,1
DA:66,1
DA:68,0
DA:70,0
DA:71,0
DA:72,0
DA:73,0
DA:74,0
DA:75,0
DA:84,0
LF:34
LH:16
BRDA:17,0,0,1
BRDA:17,0,1,0
BRDA:19,1,0,0
BRDA:19,1,1,1
BRDA:49,2,0,0
BRDA:49,2,1,1
BRDA:49,3,0,1
BRDA:49,3,1,0
BRDA:64,4,0,1
BRDA:64,4,1,0
BRDA:64,5,0,1
BRDA:64,5,1,0
BRDA:72,6,0,0
BRDA:72,6,1,0
BRDA:72,7,0,0
BRDA:72,7,1,0
BRF:16
BRH:6
end_of_record
TN:
SF:/home/ed/Aloes/device-manager/src/middleware.local.js
FN:43,(anonymous_0)
FNF:1
FNH:0
FNDA:0,(anonymous_0)
DA:12,1
DA:44,0
LF:2
LH:1
BRF:0
BRH:0
end_of_record
TN:
SF:/home/ed/Aloes/device-manager/src/providers.js
FNF:0
FNH:0
DA:1,1
LF:1
LH:1
BRF:0
BRH:0
end_of_record
TN:
SF:/home/ed/Aloes/device-manager/src/boot/01-root.js
FN:1,(anonymous_0)
FNF:1
FNH:1
FNDA:1,(anonymous_0)
DA:2,1
DA:3,1
DA:4,1
LF:3
LH:3
BRF:0
BRH:0
end_of_record
TN:
SF:/home/ed/Aloes/device-manager/src/boot/02-authentication.js
FN:1,enableAuthentication
FNF:1
FNH:1
FNDA:1,enableAuthentication
DA:3,1
LF:1
LH:1
BRF:0
BRH:0
end_of_record
TN:
SF:/home/ed/Aloes/device-manager/src/boot/02-delete-device-props.js
FNF:0
FNH:0
LF:0
LH:0
BRF:0
BRH:0
end_of_record
TN:
SF:/home/ed/Aloes/device-manager/src/boot/03-create-oma-api.js
FN:4,createOmaApi
FN:16,(anonymous_1)
FN:22,(anonymous_2)
FN:29,(anonymous_3)
FNF:4
FNH:4
FNDA:1,createOmaApi
FNDA:62,(anonymous_1)
FNDA:113,(anonymous_2)
FNDA:62,(anonymous_3)
DA:5,1
DA:6,1
DA:7,0
DA:8,0
DA:10,1
DA:12,1
DA:13,0
DA:15,1
DA:16,1
DA:17,62
DA:18,62
DA:20,1
DA:22,1
DA:23,113
DA:24,113
DA:26,1
DA:27,1
DA:29,1
DA:30,62
DA:31,62
DA:33,1
DA:34,1
DA:35,1
DA:40,1
DA:46,0
DA:47,0
LF:26
LH:21
BRDA:6,0,0,0
BRDA:6,0,1,1
BRDA:7,1,0,0
BRDA:7,1,1,0
BRDA:8,2,0,0
BRDA:8,2,1,0
BRDA:8,3,0,0
BRDA:8,3,1,0
BRDA:12,4,0,0
BRDA:12,4,1,1
BRF:10
BRH:2
end_of_record
TN:
SF:/home/ed/Aloes/device-manager/src/boot/04-base-roles.js
FN:5,createBaseRoles
FNF:1
FNH:1
FNDA:1,createBaseRoles
DA:5,1
DA:6,1
DA:7,1
DA:8,0
DA:9,0
DA:11,1
DA:12,1
DA:13,1
DA:15,0
DA:16,0
LF:10
LH:6
BRDA:7,0,0,0
BRDA:7,0,1,1
BRDA:8,1,0,0
BRDA:8,1,1,0
BRDA:9,2,0,0
BRDA:9,2,1,0
BRDA:9,3,0,0
BRDA:9,3,1,0
BRF:8
BRH:1
end_of_record
TN:
SF:/home/ed/Aloes/device-manager/src/boot/05-sample-accounts.js
FN:5,createSampleAccounts
FN:12,(anonymous_1)
FNF:2
FNH:2
FNDA:1,createSampleAccounts
FNDA:1,(anonymous_1)
DA:5,1
DA:6,1
DA:7,1
DA:8,0
DA:9,0
DA:11,1
DA:12,1
DA:13,1
DA:14,0
DA:16,1
DA:18,1
DA:19,1
DA:20,1
DA:22,0
DA:23,0
LF:15
LH:10
BRDA:7,0,0,0
BRDA:7,0,1,1
BRDA:8,1,0,0
BRDA:8,1,1,0
BRDA:9,2,0,0
BRDA:9,2,1,0
BRDA:9,3,0,0
BRDA:9,3,1,0
BRDA:13,4,0,0
BRDA:13,4,1,1
BRF:10
BRH:2
end_of_record
TN:
SF:/home/ed/Aloes/device-manager/src/boot/06-create-containers.js
FN:4,(anonymous_0)
FN:15,(anonymous_1)
FN:18,(anonymous_2)
FN:37,(anonymous_3)
FN:41,(anonymous_4)
FNF:5
FNH:4
FNDA:1,(anonymous_0)
FNDA:1,(anonymous_1)
FNDA:2,(anonymous_2)
FNDA:1,(anonymous_3)
FNDA:0,(anonymous_4)
DA:4,1
DA:5,1
DA:6,1
DA:7,0
DA:8,0
DA:10,1
DA:11,1
DA:13,1
DA:15,1
DA:16,1
DA:17,1
DA:18,2
DA:21,1
DA:22,0
DA:25,1
DA:29,1
DA:31,1
DA:32,0
DA:34,1
DA:35,1
DA:38,1
DA:39,1
DA:42,0
DA:43,0
DA:44,0
DA:46,0
DA:49,1
DA:50,1
DA:54,1
DA:56,0
DA:57,0
LF:31
LH:21
BRDA:6,0,0,0
BRDA:6,0,1,1
BRDA:7,1,0,0
BRDA:7,1,1,0
BRDA:8,2,0,0
BRDA:8,2,1,0
BRDA:8,3,0,0
BRDA:8,3,1,0
BRDA:31,4,0,0
BRDA:31,4,1,1
BRDA:34,5,0,1
BRDA:34,5,1,0
BRDA:42,6,0,0
BRDA:42,6,1,0
BRF:14
BRH:3
end_of_record
TN:
SF:/home/ed/Aloes/device-manager/src/boot/07-set-current-user.js
FN:4,(anonymous_0)
FN:8,(anonymous_1)
FNF:2
FNH:2
FNDA:1,(anonymous_0)
FNDA:180,(anonymous_1)
DA:4,1
DA:5,1
DA:9,180
DA:10,180
DA:11,180
DA:14,180
DA:15,46
DA:16,134
DA:17,28
DA:18,28
DA:19,28
DA:23,180
DA:24,74
DA:28,74
DA:29,74
DA:30,74
DA:36,74
DA:41,0
DA:46,74
DA:53,106
DA:54,106
DA:55,106
DA:56,103
DA:60,103
DA:63,3
DA:76,3
DA:77,3
DA:78,3
DA:85,3
DA:91,0
DA:97,3
DA:99,0
DA:100,0
DA:104,1
LF:34
LH:30
BRDA:10,0,0,180
BRDA:10,0,1,129
BRDA:11,1,0,180
BRDA:11,1,1,0
BRDA:14,2,0,46
BRDA:14,2,1,134
BRDA:14,3,0,180
BRDA:14,3,1,46
BRDA:16,4,0,28
BRDA:16,4,1,106
BRDA:18,5,0,28
BRDA:18,5,1,0
BRDA:18,6,0,28
BRDA:18,6,1,28
BRDA:23,7,0,74
BRDA:23,7,1,106
BRDA:28,8,0,74
BRDA:28,8,1,0
BRDA:28,9,0,74
BRDA:28,9,1,74
BRDA:29,10,0,28
BRDA:29,10,1,46
BRDA:55,11,0,103
BRDA:55,11,1,3
BRDA:55,12,0,106
BRDA:55,12,1,3
BRDA:76,13,0,3
BRDA:76,13,1,0
BRDA:76,14,0,3
BRDA:76,14,1,3
BRDA:77,15,0,1
BRDA:77,15,1,2
BRF:32
BRH:28
end_of_record
TN:
SF:/home/ed/Aloes/device-manager/src/boot/08-auto-update.js
FN:3,autoUpdate
FNF:1
FNH:1
FNDA:1,autoUpdate
DA:4,1
DA:5,1
DA:6,0
DA:7,0
DA:9,1
DA:10,1
DA:11,1
DA:12,1
DA:14,0
DA:15,0
LF:10
LH:6
BRDA:5,0,0,0
BRDA:5,0,1,1
BRDA:6,1,0,0
BRDA:6,1,1,0
BRDA:7,2,0,0
BRDA:7,2,1,0
BRDA:7,3,0,0
BRDA:7,3,1,0
BRF:8
BRH:1
end_of_record
TN:
SF:/home/ed/Aloes/device-manager/src/boot/10-passport-config.js
FN:5,passportConfig
FN:23,(anonymous_1)
FNF:2
FNH:2
FNDA:1,passportConfig
FNDA:3,(anonymous_1)
DA:5,1
DA:6,1
DA:7,1
DA:8,0
DA:9,0
DA:11,1
DA:12,1
DA:13,1
DA:15,1
DA:17,1
DA:23,1
DA:24,3
DA:25,3
DA:29,3
DA:30,3
DA:31,3
DA:33,0
DA:37,1
DA:38,1
DA:40,0
DA:42,0
LF:21
LH:16
BRDA:7,0,0,0
BRDA:7,0,1,1
BRDA:8,1,0,0
BRDA:8,1,1,0
BRDA:9,2,0,0
BRDA:9,2,1,0
BRDA:9,3,0,0
BRDA:9,3,1,0
BRF:8
BRH:1
end_of_record
TN:
SF:/home/ed/Aloes/device-manager/src/boot/11-init-cache.js
FN:3,initCache
FNF:1
FNH:1
FNDA:1,initCache
DA:3,1
DA:4,1
DA:5,1
DA:6,0
DA:7,0
DA:9,1
DA:11,1
DA:15,1
DA:16,1
DA:18,0
DA:19,0
LF:11
LH:7
BRDA:5,0,0,0
BRDA:5,0,1,1
BRDA:6,1,0,0
BRDA:6,1,1,0
BRDA:7,2,0,0
BRDA:7,2,1,0
BRDA:7,3,0,0
BRDA:7,3,1,0
BRF:8
BRH:1
end_of_record
TN:
SF:/home/ed/Aloes/device-manager/src/boot/12-init-downsampling.js
FN:3,initializeDownSampling
FN:16,(anonymous_1)
FN:22,(anonymous_2)
FN:63,(anonymous_3)
FN:70,(anonymous_4)
FN:101,(anonymous_5)
FN:105,(anonymous_6)
FNF:7
FNH:3
FNDA:1,initializeDownSampling
FNDA:0,(anonymous_1)
FNDA:0,(anonymous_2)
FNDA:28,(anonymous_3)
FNDA:1,(anonymous_4)
FNDA:0,(anonymous_5)
FNDA:0,(anonymous_6)
DA:3,1
DA:4,1
DA:5,1
DA:6,0
DA:7,0
DA:9,1
DA:10,1
DA:11,1
DA:14,1
DA:16,1
DA:17,0
DA:18,0
DA:19,0
DA:22,0
DA:23,0
DA:24,0
DA:27,0
DA:28,0
DA:29,0
DA:30,0
DA:31,0
DA:32,0
DA:33,0
DA:35,0
DA:37,0
DA:39,0
DA:43,0
DA:44,0
DA:46,0
DA:47,0
DA:48,0
DA:50,0
DA:51,0
DA:53,0
DA:54,0
DA:57,0
DA:59,0
DA:63,1
DA:64,28
DA:65,28
DA:66,1
DA:67,1
DA:70,1
DA:71,1
DA:72,1
DA:73,1
DA:78,0
DA:80,0
DA:82,1
DA:86,1
DA:89,1
DA:95,0
DA:96,0
DA:101,0
DA:102,0
DA:103,0
DA:104,0
DA:105,0
DA:106,0
DA:107,0
DA:108,0
DA:109,0
DA:113,0
DA:115,0
DA:117,0
DA:119,0
DA:122,0
DA:123,0
DA:125,27
DA:128,1
DA:129,0
DA:131,1
DA:132,1
LF:73
LH:24
BRDA:5,0,0,0
BRDA:5,0,1,1
BRDA:6,1,0,0
BRDA:6,1,1,0
BRDA:7,2,0,0
BRDA:7,2,1,0
BRDA:7,3,0,0
BRDA:7,3,1,0
BRDA:32,4,0,0
BRDA:32,4,1,0
BRDA:48,5,0,0
BRDA:48,5,1,0
BRDA:65,6,0,1
BRDA:65,6,1,27
BRDA:65,7,0,28
BRDA:65,7,1,28
BRDA:65,7,2,28
BRDA:103,8,0,0
BRDA:103,8,1,0
BRDA:106,9,0,0
BRDA:106,9,1,0
BRF:21
BRH:6
end_of_record
TN:
SF:/home/ed/Aloes/device-manager/src/boot/13-device-watcher.js
FN:6,deviceWatcher
FN:14,(anonymous_1)
FN:16,(anonymous_2)
FN:17,(anonymous_3)
FN:18,(anonymous_4)
FNF:5
FNH:5
FNDA:1,deviceWatcher
FNDA:1,(anonymous_1)
FNDA:26,(anonymous_2)
FNDA:52,(anonymous_3)
FNDA:2,(anonymous_4)
DA:7,1
DA:8,1
DA:9,0
DA:10,0
DA:12,1
DA:14,1
DA:15,1
DA:16,1
DA:17,52
DA:18,26
DA:19,26
DA:21,1
DA:22,1
DA:24,0
DA:28,1
DA:29,1
DA:30,1
DA:31,1
DA:32,1
DA:34,1
DA:36,0
DA:37,0
LF:22
LH:17
BRDA:8,0,0,0
BRDA:8,0,1,1
BRDA:9,1,0,0
BRDA:9,1,1,0
BRDA:10,2,0,0
BRDA:10,2,1,0
BRDA:10,3,0,0
BRDA:10,3,1,0
BRF:8
BRH:1
end_of_record
TN:
SF:/home/ed/Aloes/device-manager/src/middleware/tracker.js
FN:3,(anonymous_0)
FN:4,tracker
FN:9,(anonymous_2)
FNF:3
FNH:3
FNDA:1,(anonymous_0)
FNDA:235,tracker
FNDA:235,(anonymous_2)
DA:3,1
DA:4,1
DA:5,235
DA:6,235
DA:8,235
DA:9,235
DA:10,235
DA:11,235
DA:12,235
DA:14,235
DA:16,235
DA:18,0
LF:12
LH:11
BRDA:5,0,0,235
BRDA:5,0,1,0
BRF:2
BRH:1
end_of_record
TN:
SF:/home/ed/Aloes/device-manager/src/models/address.js
FN:20,(anonymous_0)
FN:45,(anonymous_1)
FN:87,(anonymous_2)
FN:103,(anonymous_3)
FN:130,(anonymous_4)
FN:189,(anonymous_5)
FN:249,(anonymous_6)
FNF:7
FNH:7
FNDA:39,(anonymous_0)
FNDA:9,(anonymous_1)
FNDA:1,(anonymous_2)
FNDA:7,(anonymous_3)
FNDA:32,(anonymous_4)
FNDA:1,(anonymous_5)
FNDA:2,(anonymous_6)
DA:5,1
DA:7,1
DA:20,1
DA:21,39
DA:22,39
DA:23,39
DA:24,39
DA:34,39
DA:35,39
DA:37,0
DA:38,0
DA:40,0
DA:41,0
DA:45,1
DA:46,9
DA:47,9
DA:48,0
DA:50,0
DA:51,0
DA:52,0
DA:55,9
DA:56,2
DA:57,2
DA:58,0
DA:60,2
DA:61,2
DA:62,2
DA:63,1
DA:64,1
DA:65,1
DA:69,9
DA:71,0
DA:72,0
DA:87,1
DA:93,1
DA:103,1
DA:104,7
DA:105,7
DA:106,7
DA:107,7
DA:108,6
DA:109,1
DA:110,0
DA:111,1
DA:112,0
DA:113,1
DA:114,1
DA:116,7
DA:117,6
DA:119,7
DA:120,7
DA:121,7
DA:122,7
DA:123,0
DA:128,0
DA:130,7
DA:131,32
DA:132,6
DA:134,32
DA:135,6
DA:137,32
DA:138,7
DA:140,32
DA:141,7
DA:143,32
DA:144,7
DA:149,32
DA:150,7
DA:152,32
DA:155,7
DA:156,0
DA:161,0
DA:162,7
DA:163,6
DA:164,1
DA:165,0
DA:167,1
DA:172,1
DA:174,6
DA:175,6
DA:176,6
DA:178,1
DA:179,1
DA:189,1
DA:190,1
DA:191,1
DA:192,1
DA:193,0
DA:195,1
DA:200,1
DA:201,1
DA:203,1
DA:204,0
DA:206,1
DA:207,0
DA:209,1
DA:210,1
DA:212,1
DA:213,0
DA:215,1
DA:216,0
DA:220,1
DA:221,0
DA:223,1
DA:224,0
DA:227,1
DA:228,1
DA:229,0
DA:230,0
DA:232,1
DA:233,0
DA:235,1
DA:236,1
DA:238,0
DA:239,0
DA:249,1
DA:250,2
DA:251,2
DA:252,2
DA:253,0
DA:255,2
DA:259,2
DA:260,0
DA:262,2
DA:263,0
DA:265,2
DA:266,2
DA:267,2
DA:269,2
DA:270,2
DA:272,2
DA:273,2
DA:275,2
DA:276,2
DA:279,2
DA:280,2
DA:281,0
DA:282,0
DA:285,2
DA:286,0
DA:288,2
DA:289,2
DA:291,0
DA:292,0
DA:305,1
DA:315,1
DA:318,1
DA:319,1
DA:320,1
DA:321,1
DA:322,1
DA:323,1
DA:324,1
DA:325,1
DA:326,1
LF:155
LH:117
BRDA:23,0,0,39
BRDA:23,0,1,0
BRDA:23,1,0,39
BRDA:23,1,1,39
BRDA:47,2,0,0
BRDA:47,2,1,9
BRDA:48,3,0,0
BRDA:48,3,1,0
BRDA:50,4,0,0
BRDA:50,4,1,0
BRDA:55,5,0,2
BRDA:55,5,1,7
BRDA:55,6,0,9
BRDA:55,6,1,8
BRDA:56,7,0,2
BRDA:56,7,1,0
BRDA:57,8,0,0
BRDA:57,8,1,2
BRDA:57,9,0,2
BRDA:57,9,1,2
BRDA:62,10,0,1
BRDA:62,10,1,1
BRDA:63,11,0,0
BRDA:63,11,1,1
BRDA:107,12,0,6
BRDA:107,12,1,1
BRDA:107,13,0,7
BRDA:107,13,1,6
BRDA:109,14,0,0
BRDA:109,14,1,1
BRDA:109,15,0,1
BRDA:109,15,1,1
BRDA:111,16,0,0
BRDA:111,16,1,1
BRDA:111,17,0,1
BRDA:111,17,1,0
BRDA:113,18,0,1
BRDA:113,18,1,0
BRDA:116,19,0,6
BRDA:116,19,1,1
BRDA:116,20,0,7
BRDA:116,20,1,6
BRDA:122,21,0,0
BRDA:122,21,1,7
BRDA:122,22,0,7
BRDA:122,22,1,7
BRDA:131,23,0,6
BRDA:131,23,1,26
BRDA:131,24,0,32
BRDA:131,24,1,22
BRDA:134,25,0,6
BRDA:134,25,1,26
BRDA:134,26,0,32
BRDA:134,26,1,16
BRDA:137,27,0,7
BRDA:137,27,1,25
BRDA:137,28,0,32
BRDA:137,28,1,7
BRDA:140,29,0,7
BRDA:140,29,1,25
BRDA:140,30,0,32
BRDA:140,30,1,9
BRDA:143,31,0,7
BRDA:143,31,1,25
BRDA:143,32,0,32
BRDA:143,32,1,7
BRDA:143,32,2,7
BRDA:149,33,0,7
BRDA:149,33,1,25
BRDA:149,34,0,32
BRDA:149,34,1,7
BRDA:155,35,0,0
BRDA:155,35,1,7
BRDA:155,36,0,7
BRDA:155,36,1,7
BRDA:162,37,0,6
BRDA:162,37,1,1
BRDA:162,38,0,7
BRDA:162,38,1,6
BRDA:164,39,0,0
BRDA:164,39,1,1
BRDA:164,40,0,1
BRDA:164,40,1,1
BRDA:192,41,0,0
BRDA:192,41,1,1
BRDA:192,42,0,1
BRDA:192,42,1,1
BRDA:200,43,0,1
BRDA:200,43,1,0
BRDA:203,44,0,0
BRDA:203,44,1,1
BRDA:206,45,0,0
BRDA:206,45,1,1
BRDA:209,46,0,1
BRDA:209,46,1,0
BRDA:212,47,0,0
BRDA:212,47,1,1
BRDA:215,48,0,0
BRDA:215,48,1,1
BRDA:220,49,0,0
BRDA:220,49,1,1
BRDA:223,50,0,0
BRDA:223,50,1,1
BRDA:228,51,0,0
BRDA:228,51,1,1
BRDA:228,52,0,1
BRDA:228,52,1,1
BRDA:232,53,0,0
BRDA:232,53,1,1
BRDA:232,54,0,1
BRDA:232,54,1,0
BRDA:232,54,2,0
BRDA:252,55,0,0
BRDA:252,55,1,2
BRDA:252,56,0,2
BRDA:252,56,1,2
BRDA:259,57,0,0
BRDA:259,57,1,2
BRDA:262,58,0,0
BRDA:262,58,1,2
BRDA:266,59,0,2
BRDA:266,59,1,0
BRDA:269,60,0,2
BRDA:269,60,1,0
BRDA:272,61,0,2
BRDA:272,61,1,0
BRDA:275,62,0,2
BRDA:275,62,1,0
BRDA:280,63,0,0
BRDA:280,63,1,2
BRDA:280,64,0,2
BRDA:280,64,1,2
BRDA:285,65,0,0
BRDA:285,65,1,2
BRDA:285,66,0,2
BRDA:285,66,1,0
BRDA:285,66,2,0
BRF:137
BRH:97
end_of_record
TN:
SF:/home/ed/Aloes/device-manager/src/models/application.js
FN:15,(anonymous_0)
FN:20,(anonymous_1)
FN:26,(anonymous_2)
FN:46,(anonymous_3)
FN:87,(anonymous_4)
FN:112,(anonymous_5)
FN:129,(anonymous_6)
FN:134,(anonymous_7)
FN:160,(anonymous_8)
FN:168,(anonymous_9)
FN:186,(anonymous_10)
FN:195,(anonymous_11)
FN:203,(anonymous_12)
FN:298,(anonymous_13)
FN:318,(anonymous_14)
FN:356,(anonymous_15)
FN:375,(anonymous_16)
FN:412,(anonymous_17)
FN:482,(anonymous_18)
FN:515,(anonymous_19)
FN:559,(anonymous_20)
FN:593,(anonymous_21)
FN:609,(anonymous_22)
FN:634,(anonymous_23)
FN:674,(anonymous_24)
FN:697,(anonymous_25)
FN:711,(anonymous_26)
FN:762,(anonymous_27)
FNF:28
FNH:7
FNDA:1,(anonymous_0)
FNDA:6,(anonymous_1)
FNDA:0,(anonymous_2)
FNDA:0,(anonymous_3)
FNDA:0,(anonymous_4)
FNDA:0,(anonymous_5)
FNDA:1,(anonymous_6)
FNDA:1,(anonymous_7)
FNDA:0,(anonymous_8)
FNDA:0,(anonymous_9)
FNDA:0,(anonymous_10)
FNDA:0,(anonymous_11)
FNDA:0,(anonymous_12)
FNDA:1,(anonymous_13)
FNDA:0,(anonymous_14)
FNDA:0,(anonymous_15)
FNDA:0,(anonymous_16)
FNDA:0,(anonymous_17)
FNDA:0,(anonymous_18)
FNDA:0,(anonymous_19)
FNDA:0,(anonymous_20)
FNDA:7,(anonymous_21)
FNDA:0,(anonymous_22)
FNDA:0,(anonymous_23)
FNDA:0,(anonymous_24)
FNDA:0,(anonymous_25)
FNDA:1,(anonymous_26)
FNDA:0,(anonymous_27)
DA:5,1
DA:7,1
DA:15,1
DA:16,1
DA:17,1
DA:18,1
DA:19,1
DA:20,6
DA:21,1
DA:22,1
DA:24,0
DA:25,0
DA:26,0
DA:27,0
DA:29,0
DA:30,0
DA:31,0
DA:33,0
DA:35,0
DA:36,0
DA:46,1
DA:47,0
DA:48,0
DA:49,0
DA:50,0
DA:51,0
DA:52,0
DA:54,0
DA:55,0
DA:56,0
DA:70,0
DA:71,0
DA:73,0
DA:75,0
DA:87,1
DA:88,0
DA:89,0
DA:96,0
DA:97,0
DA:98,0
DA:100,0
DA:112,1
DA:113,0
DA:114,0
DA:115,0
DA:116,0
DA:117,0
DA:119,0
DA:129,1
DA:130,1
DA:131,1
DA:132,1
DA:133,1
DA:134,1
DA:136,1
DA:138,0
DA:139,0
DA:140,0
DA:141,0
DA:143,0
DA:146,1
DA:148,0
DA:149,0
DA:160,1
DA:161,0
DA:162,0
DA:163,0
DA:165,0
DA:166,0
DA:167,0
DA:168,0
DA:169,0
DA:171,0
DA:172,0
DA:173,0
DA:175,0
DA:176,0
DA:186,1
DA:187,0
DA:188,0
DA:189,0
DA:190,0
DA:191,0
DA:193,0
DA:194,0
DA:195,0
DA:197,0
DA:199,0
DA:203,1
DA:204,0
DA:208,0
DA:215,0
DA:216,0
DA:217,0
DA:219,0
DA:220,0
DA:221,0
DA:222,0
DA:223,0
DA:225,0
DA:226,0
DA:229,0
DA:230,0
DA:231,0
DA:234,0
DA:235,0
DA:236,0
DA:237,0
DA:240,0
DA:241,0
DA:243,0
DA:244,0
DA:245,0
DA:246,0
DA:249,0
DA:250,0
DA:251,0
DA:252,0
DA:255,0
DA:256,0
DA:257,0
DA:258,0
DA:259,0
DA:260,0
DA:263,0
DA:264,0
DA:265,0
DA:266,0
DA:269,0
DA:270,0
DA:271,0
DA:272,0
DA:273,0
DA:278,0
DA:283,0
DA:285,0
DA:286,0
DA:298,1
DA:299,1
DA:300,1
DA:301,1
DA:303,1
DA:304,1
DA:305,1
DA:306,1
DA:308,1
DA:309,1
DA:318,1
DA:319,0
DA:320,0
DA:321,0
DA:329,0
DA:330,0
DA:333,0
DA:335,0
DA:337,0
DA:338,0
DA:339,0
DA:341,0
DA:342,0
DA:344,0
DA:346,0
DA:347,0
DA:356,1
DA:357,0
DA:365,0
DA:366,0
DA:375,1
DA:376,0
DA:377,0
DA:378,0
DA:379,0
DA:380,0
DA:381,0
DA:383,0
DA:384,0
DA:386,0
DA:394,0
DA:395,0
DA:397,0
DA:399,0
DA:400,0
DA:412,1
DA:413,0
DA:414,0
DA:415,0
DA:421,0
DA:423,0
DA:424,0
DA:425,0
DA:426,0
DA:428,0
DA:429,0
DA:432,0
DA:434,0
DA:435,0
DA:437,0
DA:441,0
DA:442,0
DA:443,0
DA:445,0
DA:446,0
DA:447,0
DA:448,0
DA:450,0
DA:451,0
DA:452,0
DA:453,0
DA:455,0
DA:462,0
DA:464,0
DA:468,0
DA:470,0
DA:471,0
DA:482,1
DA:483,0
DA:485,0
DA:486,0
DA:487,0
DA:488,0
DA:489,0
DA:490,0
DA:491,0
DA:493,0
DA:495,0
DA:496,0
DA:497,0
DA:499,0
DA:500,0
DA:501,0
DA:503,0
DA:504,0
DA:515,1
DA:516,0
DA:517,0
DA:518,0
DA:520,0
DA:521,0
DA:522,0
DA:523,0
DA:528,0
DA:530,0
DA:531,0
DA:532,0
DA:535,0
DA:536,0
DA:537,0
DA:538,0
DA:539,0
DA:541,0
DA:542,0
DA:543,0
DA:546,0
DA:547,0
DA:548,0
DA:550,0
DA:551,0
DA:553,0
DA:554,0
DA:555,0
DA:559,0
DA:560,0
DA:562,0
DA:566,0
DA:567,0
DA:568,0
DA:569,0
DA:570,0
DA:572,0
DA:574,0
DA:575,0
DA:593,1
DA:594,7
DA:595,7
DA:596,7
DA:597,7
DA:600,0
DA:601,0
DA:609,0
DA:610,0
DA:611,0
DA:617,0
DA:618,0
DA:619,0
DA:621,0
DA:623,7
DA:624,7
DA:634,1
DA:635,0
DA:636,0
DA:637,0
DA:638,0
DA:639,0
DA:641,0
DA:642,0
DA:643,0
DA:644,0
DA:649,0
DA:650,0
DA:651,0
DA:652,0
DA:654,0
DA:656,0
DA:659,0
DA:661,0
DA:662,0
DA:674,1
DA:675,0
DA:676,0
DA:677,0
DA:678,0
DA:679,0
DA:680,0
DA:682,0
DA:684,0
DA:697,1
DA:698,0
DA:699,0
DA:700,0
DA:701,0
DA:702,0
DA:703,0
DA:704,0
DA:705,0
DA:707,0
DA:711,1
DA:712,1
DA:713,1
DA:714,0
DA:715,0
DA:717,1
DA:718,1
DA:719,1
DA:721,0
DA:722,0
DA:736,1
DA:747,1
DA:758,1
DA:760,1
DA:762,1
DA:763,0
DA:765,0
LF:342
LH:61
BRDA:17,0,0,0
BRDA:17,0,1,1
BRDA:17,1,0,1
BRDA:17,1,1,1
BRDA:18,2,0,1
BRDA:18,2,1,0
BRDA:24,3,0,0
BRDA:24,3,1,0
BRDA:50,4,0,0
BRDA:50,4,1,0
BRDA:54,5,0,0
BRDA:54,5,1,0
BRDA:70,6,0,0
BRDA:70,6,1,0
BRDA:96,7,0,0
BRDA:96,7,1,0
BRDA:115,8,0,0
BRDA:115,8,1,0
BRDA:131,9,0,1
BRDA:131,9,1,0
BRDA:134,10,0,1
BRDA:134,10,1,0
BRDA:136,11,0,0
BRDA:136,11,1,1
BRDA:138,12,0,0
BRDA:138,12,1,0
BRDA:138,13,0,0
BRDA:138,13,1,0
BRDA:140,14,0,0
BRDA:140,14,1,0
BRDA:162,15,0,0
BRDA:162,15,1,0
BRDA:162,16,0,0
BRDA:162,16,1,0
BRDA:162,16,2,0
BRDA:167,17,0,0
BRDA:167,17,1,0
BRDA:167,18,0,0
BRDA:167,18,1,0
BRDA:189,19,0,0
BRDA:189,19,1,0
BRDA:189,20,0,0
BRDA:189,20,1,0
BRDA:189,20,2,0
BRDA:208,21,0,0
BRDA:208,21,1,0
BRDA:209,22,0,0
BRDA:209,22,1,0
BRDA:209,22,2,0
BRDA:215,23,0,0
BRDA:215,23,1,0
BRDA:216,24,0,0
BRDA:216,24,1,0
BRDA:216,25,0,0
BRDA:216,25,1,0
BRDA:220,26,0,0
BRDA:220,26,1,0
BRDA:220,27,0,0
BRDA:220,27,1,0
BRDA:221,28,0,0
BRDA:221,28,1,0
BRDA:222,29,0,0
BRDA:222,29,1,0
BRDA:225,30,0,0
BRDA:225,30,1,0
BRDA:229,31,0,0
BRDA:229,31,1,0
BRDA:230,32,0,0
BRDA:230,32,1,0
BRDA:234,33,0,0
BRDA:234,33,1,0
BRDA:235,34,0,0
BRDA:235,34,1,0
BRDA:236,35,0,0
BRDA:236,35,1,0
BRDA:236,36,0,0
BRDA:236,36,1,0
BRDA:241,37,0,0
BRDA:241,37,1,0
BRDA:243,38,0,0
BRDA:243,38,1,0
BRDA:245,39,0,0
BRDA:245,39,1,0
BRDA:249,40,0,0
BRDA:249,40,1,0
BRDA:250,41,0,0
BRDA:250,41,1,0
BRDA:251,42,0,0
BRDA:251,42,1,0
BRDA:251,43,0,0
BRDA:251,43,1,0
BRDA:256,44,0,0
BRDA:256,44,1,0
BRDA:257,45,0,0
BRDA:257,45,1,0
BRDA:259,46,0,0
BRDA:259,46,1,0
BRDA:263,47,0,0
BRDA:263,47,1,0
BRDA:263,48,0,0
BRDA:263,48,1,0
BRDA:264,49,0,0
BRDA:264,49,1,0
BRDA:265,50,0,0
BRDA:265,50,1,0
BRDA:265,51,0,0
BRDA:265,51,1,0
BRDA:270,52,0,0
BRDA:270,52,1,0
BRDA:271,53,0,0
BRDA:271,53,1,0
BRDA:272,54,0,0
BRDA:272,54,1,0
BRDA:320,55,0,0
BRDA:320,55,1,0
BRDA:320,56,0,0
BRDA:320,56,1,0
BRDA:326,57,0,0
BRDA:326,57,1,0
BRDA:329,58,0,0
BRDA:329,58,1,0
BRDA:329,59,0,0
BRDA:329,59,1,0
BRDA:329,59,2,0
BRDA:333,60,0,0
BRDA:333,60,1,0
BRDA:333,61,0,0
BRDA:333,61,1,0
BRDA:337,62,0,0
BRDA:337,62,1,0
BRDA:378,63,0,0
BRDA:378,63,1,0
BRDA:379,64,0,0
BRDA:379,64,1,0
BRDA:380,65,0,0
BRDA:380,65,1,0
BRDA:384,66,0,0
BRDA:384,66,1,0
BRDA:384,67,0,0
BRDA:384,67,1,0
BRDA:415,68,0,0
BRDA:415,68,1,0
BRDA:416,69,0,0
BRDA:416,69,1,0
BRDA:416,69,2,0
BRDA:416,69,3,0
BRDA:428,70,0,0
BRDA:428,70,1,0
BRDA:432,71,0,0
BRDA:432,71,1,0
BRDA:432,71,2,0
BRDA:432,71,3,0
BRDA:432,71,4,0
BRDA:432,71,5,0
BRDA:434,72,0,0
BRDA:434,72,1,0
BRDA:441,73,0,0
BRDA:441,73,1,0
BRDA:441,74,0,0
BRDA:441,74,1,0
BRDA:446,75,0,0
BRDA:446,75,1,0
BRDA:446,76,0,0
BRDA:446,76,1,0
BRDA:451,77,0,0
BRDA:451,77,1,0
BRDA:451,78,0,0
BRDA:451,78,1,0
BRDA:485,79,0,0
BRDA:485,79,1,0
BRDA:488,80,0,0
BRDA:488,80,1,0
BRDA:490,81,0,0
BRDA:490,81,1,0
BRDA:496,82,0,0
BRDA:496,82,1,0
BRDA:496,83,0,0
BRDA:496,83,1,0
BRDA:517,84,0,0
BRDA:517,84,1,0
BRDA:517,85,0,0
BRDA:517,85,1,0
BRDA:517,85,2,0
BRDA:517,85,3,0
BRDA:523,86,0,0
BRDA:523,86,1,0
BRDA:524,87,0,0
BRDA:524,87,1,0
BRDA:524,87,2,0
BRDA:531,88,0,0
BRDA:531,88,1,0
BRDA:537,89,0,0
BRDA:537,89,1,0
BRDA:538,90,0,0
BRDA:538,90,1,0
BRDA:542,91,0,0
BRDA:542,91,1,0
BRDA:547,92,0,0
BRDA:547,92,1,0
BRDA:550,93,0,0
BRDA:550,93,1,0
BRDA:596,94,0,7
BRDA:596,94,1,0
BRDA:610,95,0,0
BRDA:610,95,1,0
BRDA:610,96,0,0
BRDA:610,96,1,0
BRDA:617,97,0,0
BRDA:617,97,1,0
BRDA:617,98,0,0
BRDA:617,98,1,0
BRDA:636,99,0,0
BRDA:636,99,1,0
BRDA:636,100,0,0
BRDA:636,100,1,0
BRDA:637,101,0,0
BRDA:637,101,1,0
BRDA:637,102,0,0
BRDA:637,102,1,0
BRDA:642,103,0,0
BRDA:642,103,1,0
BRDA:642,104,0,0
BRDA:642,104,1,0
BRDA:649,105,0,0
BRDA:649,105,1,0
BRDA:649,106,0,0
BRDA:649,106,1,0
BRDA:676,107,0,0
BRDA:676,107,1,0
BRDA:676,108,0,0
BRDA:676,108,1,0
BRDA:679,109,0,0
BRDA:679,109,1,0
BRDA:679,110,0,0
BRDA:679,110,1,0
BRDA:700,111,0,0
BRDA:700,111,1,0
BRDA:700,112,0,0
BRDA:700,112,1,0
BRDA:704,113,0,0
BRDA:704,113,1,0
BRDA:704,114,0,0
BRDA:704,114,1,0
BRDA:713,115,0,0
BRDA:713,115,1,1
BRDA:714,116,0,0
BRDA:714,116,1,0
BRDA:715,117,0,0
BRDA:715,117,1,0
BRDA:715,118,0,0
BRDA:715,118,1,0
BRF:251
BRH:9
end_of_record
TN:
SF:/home/ed/Aloes/device-manager/src/models/client.js
FN:14,(anonymous_0)
FN:28,(anonymous_1)
FN:54,(anonymous_2)
FN:71,(anonymous_3)
FNF:4
FNH:2
FNDA:1,(anonymous_0)
FNDA:0,(anonymous_1)
FNDA:0,(anonymous_2)
FNDA:1,(anonymous_3)
DA:14,1
DA:15,1
DA:17,1
DA:18,1
DA:19,1
DA:20,1
DA:28,1
DA:30,0
DA:31,0
DA:33,0
DA:35,0
DA:36,0
DA:37,0
DA:39,0
DA:40,0
DA:42,0
DA:45,0
DA:54,1
DA:55,0
DA:56,0
DA:57,0
DA:58,0
DA:59,0
DA:60,0
DA:61,0
DA:64,0
DA:66,0
DA:67,0
DA:71,1
DA:72,1
DA:73,1
DA:74,1
DA:76,0
LF:33
LH:12
BRDA:30,0,0,0
BRDA:30,0,1,0
BRDA:30,1,0,0
BRDA:30,1,1,0
BRDA:39,2,0,0
BRDA:39,2,1,0
BRDA:59,3,0,0
BRDA:59,3,1,0
BRDA:59,4,0,0
BRDA:59,4,1,0
BRF:10
BRH:0
end_of_record
TN:
SF:/home/ed/Aloes/device-manager/src/models/device.js
FN:17,(anonymous_0)
FN:86,(anonymous_1)
FN:104,(anonymous_2)
FN:109,(anonymous_3)
FN:115,(anonymous_4)
FN:145,(anonymous_5)
FN:189,(anonymous_6)
FN:219,(anonymous_7)
FN:245,(anonymous_8)
FN:331,(anonymous_9)
FN:336,(anonymous_10)
FN:363,(anonymous_11)
FN:374,(anonymous_12)
FN:391,(anonymous_13)
FN:401,(anonymous_14)
FN:411,(anonymous_15)
FN:535,(anonymous_16)
FN:620,(anonymous_17)
FN:630,(anonymous_18)
FN:700,(anonymous_19)
FN:702,(anonymous_20)
FN:706,(anonymous_21)
FN:729,(anonymous_22)
FN:774,(anonymous_23)
FN:775,transportProtocolValidator
FN:778,(anonymous_25)
FN:784,messageProtocolValidator
FN:787,(anonymous_27)
FN:793,typeValidator
FN:824,(anonymous_29)
FN:853,(anonymous_30)
FN:885,(anonymous_31)
FN:904,(anonymous_32)
FN:940,(anonymous_33)
FN:969,(anonymous_34)
FN:974,(anonymous_35)
FN:993,(anonymous_36)
FN:1084,(anonymous_37)
FN:1134,(anonymous_38)
FN:1153,(anonymous_39)
FN:1154,(anonymous_40)
FN:1184,(anonymous_41)
FN:1192,(anonymous_42)
FN:1228,(anonymous_43)
FN:1231,(anonymous_44)
FN:1232,(anonymous_45)
FN:1247,(anonymous_46)
FN:1268,(anonymous_47)
FN:1330,(anonymous_48)
FN:1354,(anonymous_49)
FN:1414,(anonymous_50)
FN:1430,(anonymous_51)
FN:1456,(anonymous_52)
FN:1489,(anonymous_53)
FN:1537,(anonymous_54)
FN:1547,(anonymous_55)
FN:1573,(anonymous_56)
FN:1592,(anonymous_57)
FN:1648,(anonymous_58)
FN:1650,(anonymous_59)
FNF:60
FNH:48
FNDA:19,(anonymous_0)
FNDA:19,(anonymous_1)
FNDA:43,(anonymous_2)
FNDA:144,(anonymous_3)
FNDA:114,(anonymous_4)
FNDA:19,(anonymous_5)
FNDA:16,(anonymous_6)
FNDA:3,(anonymous_7)
FNDA:4,(anonymous_8)
FNDA:43,(anonymous_9)
FNDA:47,(anonymous_10)
FNDA:23,(anonymous_11)
FNDA:7,(anonymous_12)
FNDA:14,(anonymous_13)
FNDA:21,(anonymous_14)
FNDA:30,(anonymous_15)
FNDA:2,(anonymous_16)
FNDA:0,(anonymous_17)
FNDA:0,(anonymous_18)
FNDA:0,(anonymous_19)
FNDA:0,(anonymous_20)
FNDA:0,(anonymous_21)
FNDA:0,(anonymous_22)
FNDA:1,(anonymous_23)
FNDA:42,transportProtocolValidator
FNDA:84,(anonymous_25)
FNDA:42,messageProtocolValidator
FNDA:84,(anonymous_27)
FNDA:42,typeValidator
FNDA:48,(anonymous_29)
FNDA:0,(anonymous_30)
FNDA:0,(anonymous_31)
FNDA:2,(anonymous_32)
FNDA:1,(anonymous_33)
FNDA:2,(anonymous_34)
FNDA:2,(anonymous_35)
FNDA:1,(anonymous_36)
FNDA:1,(anonymous_37)
FNDA:0,(anonymous_38)
FNDA:0,(anonymous_39)
FNDA:0,(anonymous_40)
FNDA:1,(anonymous_41)
FNDA:2,(anonymous_42)
FNDA:2,(anonymous_43)
FNDA:10,(anonymous_44)
FNDA:50,(anonymous_45)
FNDA:2,(anonymous_46)
FNDA:7,(anonymous_47)
FNDA:2,(anonymous_48)
FNDA:1,(anonymous_49)
FNDA:15,(anonymous_50)
FNDA:18,(anonymous_51)
FNDA:1,(anonymous_52)
FNDA:1,(anonymous_53)
FNDA:0,(anonymous_54)
FNDA:5,(anonymous_55)
FNDA:2,(anonymous_56)
FNDA:1,(anonymous_57)
FNDA:30,(anonymous_58)
FNDA:9,(anonymous_59)
DA:8,1
DA:9,1
DA:17,1
DA:18,19
DA:19,19
DA:21,0
DA:22,0
DA:23,0
DA:24,0
DA:25,0
DA:29,0
DA:33,0
DA:34,0
DA:38,0
DA:42,0
DA:44,0
DA:46,19
DA:47,0
DA:48,19
DA:49,0
DA:50,0
DA:51,0
DA:55,0
DA:59,0
DA:60,0
DA:64,0
DA:68,0
DA:70,19
DA:74,19
DA:76,0
DA:86,1
DA:87,19
DA:88,19
DA:89,19
DA:90,19
DA:92,19
DA:94,0
DA:104,1
DA:105,43
DA:106,43
DA:107,43
DA:108,24
DA:109,144
DA:110,24
DA:111,24
DA:113,19
DA:114,19
DA:115,19
DA:116,114
DA:118,19
DA:119,19
DA:120,19
DA:123,19
DA:124,19
DA:126,19
DA:127,19
DA:132,0
DA:134,0
DA:135,0
DA:145,1
DA:146,19
DA:147,19
DA:148,19
DA:149,19
DA:150,19
DA:151,16
DA:152,16
DA:154,19
DA:155,16
DA:156,16
DA:171,19
DA:172,16
DA:173,16
DA:175,19
DA:177,0
DA:178,0
DA:189,1
DA:190,16
DA:191,16
DA:199,16
DA:201,16
DA:202,0
DA:203,0
DA:205,16
DA:207,0
DA:208,0
DA:219,1
DA:220,3
DA:222,3
DA:223,3
DA:224,3
DA:225,0
DA:238,3
DA:240,0
DA:241,0
DA:245,1
DA:246,4
DA:247,4
DA:251,4
DA:253,4
DA:255,4
DA:256,1
DA:257,1
DA:259,1
DA:260,0
DA:261,0
DA:262,0
DA:263,0
DA:264,0
DA:266,0
DA:268,0
DA:272,4
DA:274,1
DA:275,0
DA:276,1
DA:277,1
DA:281,1
DA:282,1
DA:283,0
DA:284,0
DA:285,0
DA:286,0
DA:288,1
DA:289,1
DA:290,1
DA:291,1
DA:293,0
DA:297,0
DA:298,0
DA:299,0
DA:303,1
DA:304,1
DA:305,1
DA:306,0
DA:307,0
DA:308,0
DA:309,0
DA:313,4
DA:314,1
DA:315,1
DA:318,4
DA:320,0
DA:321,0
DA:331,1
DA:332,43
DA:333,43
DA:334,24
DA:335,24
DA:336,47
DA:339,7
DA:341,19
DA:342,19
DA:343,19
DA:344,16
DA:346,3
DA:349,43
DA:351,0
DA:352,0
DA:363,1
DA:364,23
DA:365,23
DA:366,0
DA:368,23
DA:369,23
DA:372,23
DA:373,23
DA:374,23
DA:375,23
DA:377,23
DA:378,23
DA:380,0
DA:381,0
DA:391,1
DA:392,14
DA:393,14
DA:394,14
DA:395,2
DA:396,2
DA:398,12
DA:399,12
DA:400,12
DA:401,21
DA:404,14
DA:406,0
DA:407,0
DA:411,1
DA:412,30
DA:413,30
DA:420,4
DA:421,4
DA:422,0
DA:424,4
DA:425,4
DA:426,1
DA:427,1
DA:428,0
DA:430,1
DA:431,1
DA:434,4
DA:435,4
DA:436,3
DA:439,4
DA:440,4
DA:441,1
DA:443,26
DA:444,2
DA:445,2
DA:446,0
DA:448,2
DA:449,2
DA:450,1
DA:451,1
DA:452,1
DA:455,24
DA:456,0
DA:457,0
DA:458,0
DA:460,0
DA:461,0
DA:462,0
DA:463,0
DA:465,24
DA:466,1
DA:467,1
DA:468,0
DA:471,1
DA:472,1
DA:474,1
DA:475,1
DA:476,1
DA:477,0
DA:480,23
DA:481,2
DA:482,2
DA:483,0
DA:486,2
DA:487,2
DA:488,2
DA:489,2
DA:490,2
DA:491,1
DA:494,21
DA:495,2
DA:496,2
DA:497,0
DA:500,2
DA:501,2
DA:502,2
DA:503,2
DA:504,0
DA:509,0
DA:514,30
DA:516,0
DA:517,0
DA:535,1
DA:536,2
DA:537,2
DA:538,0
DA:539,0
DA:541,2
DA:542,2
DA:543,1
DA:544,0
DA:545,0
DA:547,0
DA:548,0
DA:549,0
DA:553,2
DA:554,2
DA:556,2
DA:561,1
DA:566,1
DA:567,1
DA:569,0
DA:571,1
DA:572,0
DA:573,0
DA:576,1
DA:583,1
DA:585,1
DA:586,1
DA:590,1
DA:591,1
DA:592,1
DA:594,0
DA:597,0
DA:598,0
DA:600,0
DA:603,1
DA:604,0
DA:605,0
DA:607,1
DA:608,1
DA:609,1
DA:610,1
DA:612,0
DA:613,0
DA:616,0
DA:620,1
DA:621,0
DA:622,0
DA:624,0
DA:625,0
DA:627,0
DA:630,1
DA:631,0
DA:632,0
DA:633,0
DA:634,0
DA:644,0
DA:645,0
DA:648,0
DA:649,0
DA:661,0
DA:664,0
DA:665,0
DA:668,0
DA:669,0
DA:675,0
DA:685,0
DA:688,0
DA:689,0
DA:691,0
DA:694,0
DA:698,0
DA:700,0
DA:701,0
DA:702,0
DA:703,0
DA:704,0
DA:706,0
DA:707,0
DA:708,0
DA:711,0
DA:712,0
DA:713,0
DA:714,0
DA:716,0
DA:719,0
DA:720,0
DA:721,0
DA:723,0
DA:725,0
DA:729,1
DA:730,0
DA:731,0
DA:732,0
DA:734,0
DA:736,0
DA:774,1
DA:776,42
DA:778,84
DA:780,0
DA:785,42
DA:787,84
DA:789,0
DA:794,42
DA:795,0
DA:799,1
DA:803,1
DA:807,1
DA:811,1
DA:812,1
DA:813,1
DA:824,1
DA:825,48
DA:827,48
DA:828,0
DA:830,48
DA:838,48
DA:839,48
DA:841,0
DA:845,48
DA:852,48
DA:853,0
DA:854,0
DA:855,0
DA:856,0
DA:857,0
DA:858,0
DA:859,0
DA:861,0
DA:864,0
DA:867,48
DA:868,48
DA:871,48
DA:873,0
DA:875,0
DA:876,0
DA:885,1
DA:886,0
DA:894,0
DA:895,0
DA:904,1
DA:905,2
DA:906,2
DA:907,2
DA:908,2
DA:909,2
DA:910,2
DA:911,1
DA:912,1
DA:914,1
DA:922,1
DA:923,1
DA:925,0
DA:926,0
DA:928,1
DA:929,1
DA:940,1
DA:941,1
DA:942,1
DA:946,1
DA:947,0
DA:948,0
DA:950,1
DA:951,1
DA:952,1
DA:953,1
DA:955,0
DA:957,1
DA:959,0
DA:960,0
DA:969,1
DA:970,2
DA:971,2
DA:972,2
DA:973,2
DA:974,2
DA:975,2
DA:977,2
DA:978,2
DA:980,0
DA:982,0
DA:993,1
DA:994,1
DA:995,1
DA:996,1
DA:997,1
DA:1003,1
DA:1021,1
DA:1022,1
DA:1026,1
DA:1027,1
DA:1032,1
DA:1033,0
DA:1035,1
DA:1038,1
DA:1039,0
DA:1041,1
DA:1042,1
DA:1046,1
DA:1047,0
DA:1051,1
DA:1052,0
DA:1057,1
DA:1058,1
DA:1059,0
DA:1064,0
DA:1067,1
DA:1071,1
DA:1073,0
DA:1074,0
DA:1084,1
DA:1085,1
DA:1086,1
DA:1087,1
DA:1089,1
DA:1090,1
DA:1092,1
DA:1107,1
DA:1123,1
DA:1124,0
DA:1126,1
DA:1127,1
DA:1129,0
DA:1130,0
DA:1132,0
DA:1133,0
DA:1134,0
DA:1135,0
DA:1151,0
DA:1152,0
DA:1153,0
DA:1154,0
DA:1155,0
DA:1156,0
DA:1159,0
DA:1165,1
DA:1167,1
DA:1168,0
DA:1170,1
DA:1171,1
DA:1173,0
DA:1174,0
DA:1184,1
DA:1185,1
DA:1186,1
DA:1187,1
DA:1189,1
DA:1190,1
DA:1191,1
DA:1192,1
DA:1193,2
DA:1209,1
DA:1211,1
DA:1212,0
DA:1214,1
DA:1215,1
DA:1217,0
DA:1218,0
DA:1228,1
DA:1229,2
DA:1230,2
DA:1231,2
DA:1232,50
DA:1234,2
DA:1235,2
DA:1237,0
DA:1247,1
DA:1248,2
DA:1250,2
DA:1251,2
DA:1252,2
DA:1253,2
DA:1254,2
DA:1256,0
DA:1257,0
DA:1268,1
DA:1269,7
DA:1270,7
DA:1271,0
DA:1273,7
DA:1274,7
DA:1275,7
DA:1276,6
DA:1279,6
DA:1280,6
DA:1281,6
DA:1282,6
DA:1284,6
DA:1285,4
DA:1286,4
DA:1288,4
DA:1289,4
DA:1290,3
DA:1292,4
DA:1294,2
DA:1295,2
DA:1296,2
DA:1298,2
DA:1299,1
DA:1301,1
DA:1304,2
DA:1306,6
DA:1307,6
DA:1313,6
DA:1315,1
DA:1317,0
DA:1318,0
DA:1330,1
DA:1331,2
DA:1332,2
DA:1333,2
DA:1334,0
DA:1335,0
DA:1339,2
DA:1342,0
DA:1343,0
DA:1354,1
DA:1355,1
DA:1356,1
DA:1357,1
DA:1359,0
DA:1364,0
DA:1367,0
DA:1368,0
DA:1377,0
DA:1378,0
DA:1380,1
DA:1381,1
DA:1383,0
DA:1384,0
DA:1387,0
DA:1389,0
DA:1391,0
DA:1393,1
DA:1396,0
DA:1414,1
DA:1415,15
DA:1416,15
DA:1417,15
DA:1418,6
DA:1419,6
DA:1421,9
DA:1422,9
DA:1430,9
DA:1431,18
DA:1432,8
DA:1438,9
DA:1439,1
DA:1440,1
DA:1442,8
DA:1443,8
DA:1445,7
DA:1446,7
DA:1456,1
DA:1457,1
DA:1458,1
DA:1459,1
DA:1469,1
DA:1471,1
DA:1472,1
DA:1473,1
DA:1475,0
DA:1476,0
DA:1478,0
DA:1479,0
DA:1489,1
DA:1490,1
DA:1491,1
DA:1492,1
DA:1509,1
DA:1511,1
DA:1512,1
DA:1513,1
DA:1516,1
DA:1517,1
DA:1519,0
DA:1521,0
DA:1522,0
DA:1524,0
DA:1525,0
DA:1537,1
DA:1547,1
DA:1548,5
DA:1549,5
DA:1550,5
DA:1551,5
DA:1552,5
DA:1553,0
DA:1555,5
DA:1557,0
DA:1558,0
DA:1573,1
DA:1574,2
DA:1575,2
DA:1576,2
DA:1577,2
DA:1578,2
DA:1579,2
DA:1580,2
DA:1581,2
DA:1582,2
DA:1583,1
DA:1584,1
DA:1585,1
DA:1588,0
DA:1592,1
DA:1593,1
DA:1594,1
DA:1595,0
DA:1596,0
DA:1598,1
DA:1600,1
DA:1602,0
DA:1603,0
DA:1616,1
DA:1627,1
DA:1638,1
DA:1648,30
DA:1650,1
DA:1651,9
DA:1653,9
DA:1701,1
DA:1702,1
DA:1703,1
DA:1705,1
DA:1707,1
DA:1708,1
DA:1709,1
DA:1710,1
DA:1711,1
DA:1712,1
DA:1714,1
DA:1715,1
LF:686
LH:442
BRDA:19,0,0,0
BRDA:19,0,1,19
BRDA:19,0,2,0
BRDA:21,1,0,0
BRDA:21,1,1,0
BRDA:21,2,0,0
BRDA:21,2,1,0
BRDA:23,3,0,0
BRDA:23,3,1,0
BRDA:23,4,0,0
BRDA:23,4,1,0
BRDA:23,4,2,0
BRDA:24,5,0,0
BRDA:24,5,1,0
BRDA:33,6,0,0
BRDA:33,6,1,0
BRDA:46,7,0,0
BRDA:46,7,1,19
BRDA:46,8,0,19
BRDA:46,8,1,0
BRDA:48,9,0,0
BRDA:48,9,1,19
BRDA:48,10,0,19
BRDA:48,10,1,0
BRDA:48,10,2,0
BRDA:50,11,0,0
BRDA:50,11,1,0
BRDA:59,12,0,0
BRDA:59,12,1,0
BRDA:88,13,0,19
BRDA:88,13,1,0
BRDA:88,14,0,19
BRDA:88,14,1,19
BRDA:106,15,0,0
BRDA:106,15,1,43
BRDA:106,16,0,43
BRDA:106,16,1,43
BRDA:107,17,0,24
BRDA:107,17,1,19
BRDA:113,18,0,19
BRDA:113,18,1,0
BRDA:119,19,0,19
BRDA:119,19,1,0
BRDA:119,20,0,19
BRDA:119,20,1,19
BRDA:123,21,0,19
BRDA:123,21,1,0
BRDA:123,22,0,19
BRDA:123,22,1,19
BRDA:150,23,0,16
BRDA:150,23,1,3
BRDA:150,24,0,19
BRDA:150,24,1,3
BRDA:154,25,0,16
BRDA:154,25,1,3
BRDA:154,26,0,19
BRDA:154,26,1,3
BRDA:171,27,0,16
BRDA:171,27,1,3
BRDA:201,28,0,0
BRDA:201,28,1,16
BRDA:201,29,0,16
BRDA:201,29,1,16
BRDA:224,30,0,0
BRDA:224,30,1,3
BRDA:224,31,0,3
BRDA:224,31,1,0
BRDA:255,32,0,1
BRDA:255,32,1,3
BRDA:259,33,0,0
BRDA:259,33,1,1
BRDA:259,34,0,1
BRDA:259,34,1,0
BRDA:259,34,2,0
BRDA:263,35,0,0
BRDA:263,35,1,0
BRDA:272,36,0,1
BRDA:272,36,1,3
BRDA:274,37,0,0
BRDA:274,37,1,1
BRDA:276,38,0,1
BRDA:276,38,1,0
BRDA:281,39,0,1
BRDA:281,39,1,0
BRDA:282,40,0,0
BRDA:282,40,1,1
BRDA:285,41,0,0
BRDA:285,41,1,0
BRDA:288,42,0,1
BRDA:288,42,1,0
BRDA:289,43,0,1
BRDA:289,43,1,0
BRDA:293,44,0,0
BRDA:293,44,1,0
BRDA:294,45,0,0
BRDA:294,45,1,0
BRDA:297,46,0,0
BRDA:297,46,1,0
BRDA:303,47,0,1
BRDA:303,47,1,0
BRDA:306,48,0,0
BRDA:306,48,1,0
BRDA:306,49,0,0
BRDA:306,49,1,0
BRDA:306,49,2,0
BRDA:313,50,0,1
BRDA:313,50,1,3
BRDA:313,51,0,4
BRDA:313,51,1,1
BRDA:333,52,0,24
BRDA:333,52,1,19
BRDA:336,53,0,7
BRDA:336,53,1,17
BRDA:339,54,0,6
BRDA:339,54,1,1
BRDA:341,55,0,19
BRDA:341,55,1,0
BRDA:341,56,0,19
BRDA:341,56,1,19
BRDA:343,57,0,16
BRDA:343,57,1,3
BRDA:365,58,0,0
BRDA:365,58,1,23
BRDA:365,59,0,23
BRDA:365,59,1,23
BRDA:365,59,2,23
BRDA:373,60,0,23
BRDA:373,60,1,0
BRDA:373,61,0,23
BRDA:373,61,1,23
BRDA:394,62,0,2
BRDA:394,62,1,12
BRDA:394,63,0,14
BRDA:394,63,1,14
BRDA:394,63,2,2
BRDA:400,64,0,8
BRDA:400,64,1,4
BRDA:400,65,0,12
BRDA:400,65,1,12
BRDA:413,66,0,4
BRDA:413,66,1,26
BRDA:414,67,0,30
BRDA:414,67,1,27
BRDA:414,67,2,26
BRDA:420,68,0,4
BRDA:420,68,1,0
BRDA:421,69,0,0
BRDA:421,69,1,4
BRDA:421,70,0,4
BRDA:421,70,1,4
BRDA:425,71,0,1
BRDA:425,71,1,3
BRDA:425,72,0,4
BRDA:425,72,1,4
BRDA:426,73,0,1
BRDA:426,73,1,0
BRDA:427,74,0,0
BRDA:427,74,1,1
BRDA:430,75,0,1
BRDA:430,75,1,0
BRDA:434,76,0,4
BRDA:434,76,1,0
BRDA:435,77,0,3
BRDA:435,77,1,1
BRDA:440,78,0,1
BRDA:440,78,1,3
BRDA:440,79,0,4
BRDA:440,79,1,1
BRDA:443,80,0,2
BRDA:443,80,1,24
BRDA:443,81,0,26
BRDA:443,81,1,25
BRDA:444,82,0,2
BRDA:444,82,1,0
BRDA:445,83,0,0
BRDA:445,83,1,2
BRDA:445,84,0,2
BRDA:445,84,1,2
BRDA:449,85,0,1
BRDA:449,85,1,1
BRDA:450,86,0,0
BRDA:450,86,1,1
BRDA:455,87,0,0
BRDA:455,87,1,24
BRDA:456,88,0,0
BRDA:456,88,1,0
BRDA:457,89,0,0
BRDA:457,89,1,0
BRDA:457,90,0,0
BRDA:457,90,1,0
BRDA:461,91,0,0
BRDA:461,91,1,0
BRDA:462,92,0,0
BRDA:462,92,1,0
BRDA:465,93,0,1
BRDA:465,93,1,23
BRDA:466,94,0,1
BRDA:466,94,1,0
BRDA:467,95,0,0
BRDA:467,95,1,1
BRDA:467,96,0,1
BRDA:467,96,1,1
BRDA:472,97,0,0
BRDA:472,97,1,1
BRDA:474,98,0,1
BRDA:474,98,1,0
BRDA:476,99,0,0
BRDA:476,99,1,1
BRDA:480,100,0,2
BRDA:480,100,1,21
BRDA:481,101,0,2
BRDA:481,101,1,0
BRDA:482,102,0,0
BRDA:482,102,1,2
BRDA:482,103,0,2
BRDA:482,103,1,2
BRDA:487,104,0,0
BRDA:487,104,1,2
BRDA:488,105,0,2
BRDA:488,105,1,0
BRDA:490,106,0,1
BRDA:490,106,1,1
BRDA:494,107,0,2
BRDA:494,107,1,19
BRDA:494,108,0,21
BRDA:494,108,1,20
BRDA:495,109,0,2
BRDA:495,109,1,0
BRDA:496,110,0,0
BRDA:496,110,1,2
BRDA:496,111,0,2
BRDA:496,111,1,2
BRDA:501,112,0,2
BRDA:501,112,1,0
BRDA:502,113,0,2
BRDA:502,113,1,0
BRDA:503,114,0,0
BRDA:503,114,1,2
BRDA:537,115,0,0
BRDA:537,115,1,2
BRDA:537,116,0,2
BRDA:537,116,1,2
BRDA:537,116,2,2
BRDA:537,116,3,2
BRDA:542,117,0,1
BRDA:542,117,1,1
BRDA:543,118,0,0
BRDA:543,118,1,1
BRDA:545,119,0,0
BRDA:545,119,1,0
BRDA:545,120,0,0
BRDA:545,120,1,0
BRDA:556,121,0,1
BRDA:556,121,1,1
BRDA:557,122,0,2
BRDA:557,122,1,2
BRDA:557,122,2,1
BRDA:557,122,3,0
BRDA:571,123,0,0
BRDA:571,123,1,1
BRDA:571,124,0,1
BRDA:571,124,1,1
BRDA:585,125,0,1
BRDA:585,125,1,0
BRDA:585,126,0,1
BRDA:585,126,1,1
BRDA:585,126,2,1
BRDA:590,127,0,1
BRDA:590,127,1,0
BRDA:603,128,0,0
BRDA:603,128,1,1
BRDA:603,129,0,1
BRDA:603,129,1,1
BRDA:620,130,0,0
BRDA:621,131,0,0
BRDA:621,131,1,0
BRDA:624,132,0,0
BRDA:624,132,1,0
BRDA:624,133,0,0
BRDA:624,133,1,0
BRDA:634,134,0,0
BRDA:634,134,1,0
BRDA:635,135,0,0
BRDA:635,135,1,0
BRDA:635,135,2,0
BRDA:635,135,3,0
BRDA:635,135,4,0
BRDA:635,135,5,0
BRDA:635,135,6,0
BRDA:635,135,7,0
BRDA:664,136,0,0
BRDA:664,136,1,0
BRDA:664,137,0,0
BRDA:664,137,1,0
BRDA:688,138,0,0
BRDA:688,138,1,0
BRDA:688,139,0,0
BRDA:688,139,1,0
BRDA:688,139,2,0
BRDA:720,140,0,0
BRDA:720,140,1,0
BRDA:720,141,0,0
BRDA:720,141,1,0
BRDA:731,142,0,0
BRDA:731,142,1,0
BRDA:776,143,0,0
BRDA:776,143,1,42
BRDA:777,144,0,42
BRDA:777,144,1,42
BRDA:785,145,0,0
BRDA:785,145,1,42
BRDA:786,146,0,42
BRDA:786,146,1,42
BRDA:794,147,0,0
BRDA:794,147,1,42
BRDA:794,148,0,42
BRDA:794,148,1,42
BRDA:827,149,0,0
BRDA:827,149,1,48
BRDA:827,150,0,48
BRDA:827,150,1,48
BRDA:835,151,0,48
BRDA:835,151,1,0
BRDA:838,152,0,48
BRDA:838,152,1,0
BRDA:838,153,0,48
BRDA:838,153,1,48
BRDA:838,153,2,48
BRDA:839,154,0,0
BRDA:839,154,1,48
BRDA:839,155,0,48
BRDA:839,155,1,0
BRDA:839,155,2,0
BRDA:845,156,0,8
BRDA:845,156,1,40
BRDA:852,157,0,0
BRDA:852,157,1,48
BRDA:852,158,0,48
BRDA:852,158,1,48
BRDA:907,159,0,0
BRDA:907,159,1,2
BRDA:909,160,0,2
BRDA:909,160,1,0
BRDA:909,161,0,2
BRDA:909,161,1,2
BRDA:910,162,0,1
BRDA:910,162,1,1
BRDA:946,163,0,0
BRDA:946,163,1,1
BRDA:946,164,0,1
BRDA:946,164,1,1
BRDA:950,165,0,1
BRDA:950,165,1,0
BRDA:950,166,0,1
BRDA:950,166,1,1
BRDA:969,167,0,0
BRDA:973,168,0,2
BRDA:973,168,1,0
BRDA:973,169,0,2
BRDA:973,169,1,2
BRDA:996,170,0,1
BRDA:996,170,1,0
BRDA:1021,171,0,1
BRDA:1021,171,1,0
BRDA:1021,172,0,1
BRDA:1021,172,1,1
BRDA:1026,173,0,1
BRDA:1026,173,1,0
BRDA:1026,174,0,1
BRDA:1026,174,1,1
BRDA:1032,175,0,0
BRDA:1032,175,1,1
BRDA:1032,176,0,1
BRDA:1032,176,1,0
BRDA:1035,177,0,0
BRDA:1035,177,1,1
BRDA:1035,178,0,1
BRDA:1035,178,1,0
BRDA:1038,179,0,0
BRDA:1038,179,1,1
BRDA:1038,180,0,1
BRDA:1038,180,1,0
BRDA:1041,181,0,1
BRDA:1041,181,1,0
BRDA:1041,182,0,1
BRDA:1041,182,1,1
BRDA:1046,183,0,0
BRDA:1046,183,1,1
BRDA:1046,184,0,1
BRDA:1046,184,1,0
BRDA:1051,185,0,0
BRDA:1051,185,1,1
BRDA:1051,186,0,1
BRDA:1051,186,1,0
BRDA:1058,187,0,0
BRDA:1058,187,1,1
BRDA:1058,188,0,1
BRDA:1058,188,1,1
BRDA:1058,188,2,1
BRDA:1087,189,0,0
BRDA:1087,189,1,1
BRDA:1123,190,0,0
BRDA:1123,190,1,1
BRDA:1123,191,0,1
BRDA:1123,191,1,1
BRDA:1129,192,0,0
BRDA:1129,192,1,0
BRDA:1133,193,0,0
BRDA:1133,193,1,0
BRDA:1152,194,0,0
BRDA:1152,194,1,0
BRDA:1152,195,0,0
BRDA:1152,195,1,0
BRDA:1155,196,0,0
BRDA:1155,196,1,0
BRDA:1167,197,0,0
BRDA:1167,197,1,1
BRDA:1167,198,0,1
BRDA:1167,198,1,0
BRDA:1167,198,2,0
BRDA:1191,199,0,1
BRDA:1191,199,1,0
BRDA:1211,200,0,0
BRDA:1211,200,1,1
BRDA:1211,201,0,1
BRDA:1211,201,1,0
BRDA:1211,201,2,0
BRDA:1228,202,0,2
BRDA:1229,203,0,0
BRDA:1229,203,1,2
BRDA:1229,204,0,2
BRDA:1229,204,1,2
BRDA:1230,205,0,2
BRDA:1230,205,1,0
BRDA:1250,206,0,0
BRDA:1250,206,1,2
BRDA:1251,207,0,0
BRDA:1251,207,1,2
BRDA:1251,208,0,2
BRDA:1251,208,1,2
BRDA:1251,208,2,2
BRDA:1251,208,3,0
BRDA:1270,209,0,0
BRDA:1270,209,1,7
BRDA:1270,210,0,7
BRDA:1270,210,1,7
BRDA:1270,210,2,7
BRDA:1270,210,3,7
BRDA:1275,211,0,6
BRDA:1275,211,1,1
BRDA:1275,212,0,7
BRDA:1275,212,1,7
BRDA:1275,212,2,7
BRDA:1284,213,0,4
BRDA:1284,213,1,2
BRDA:1285,214,0,4
BRDA:1285,214,1,0
BRDA:1289,215,0,3
BRDA:1289,215,1,1
BRDA:1295,216,0,2
BRDA:1295,216,1,0
BRDA:1298,217,0,1
BRDA:1298,217,1,1
BRDA:1333,218,0,0
BRDA:1333,218,1,2
BRDA:1333,219,0,2
BRDA:1333,219,1,2
BRDA:1333,219,2,2
BRDA:1333,219,3,2
BRDA:1333,219,4,2
BRDA:1333,219,5,2
BRDA:1357,220,0,0
BRDA:1357,220,1,0
BRDA:1357,220,2,0
BRDA:1357,220,3,1
BRDA:1357,220,4,0
BRDA:1357,220,5,0
BRDA:1357,220,6,0
BRDA:1357,220,7,0
BRDA:1417,221,0,6
BRDA:1417,221,1,9
BRDA:1417,222,0,15
BRDA:1417,222,1,9
BRDA:1431,223,0,8
BRDA:1431,223,1,10
BRDA:1431,224,0,18
BRDA:1431,224,1,18
BRDA:1438,225,0,1
BRDA:1438,225,1,8
BRDA:1438,226,0,9
BRDA:1438,226,1,8
BRDA:1438,226,2,8
BRDA:1471,227,0,1
BRDA:1471,227,1,0
BRDA:1471,228,0,1
BRDA:1471,228,1,1
BRDA:1511,229,0,1
BRDA:1511,229,1,0
BRDA:1511,230,0,1
BRDA:1511,230,1,1
BRDA:1511,230,2,1
BRDA:1516,231,0,1
BRDA:1516,231,1,0
BRDA:1516,232,0,1
BRDA:1516,232,1,1
BRDA:1549,233,0,0
BRDA:1549,233,1,5
BRDA:1549,234,0,5
BRDA:1549,234,1,5
BRDA:1552,235,0,0
BRDA:1552,235,1,5
BRDA:1552,236,0,5
BRDA:1552,236,1,5
BRDA:1552,236,2,5
BRDA:1575,237,0,0
BRDA:1575,237,1,2
BRDA:1575,238,0,2
BRDA:1575,238,1,2
BRDA:1581,239,0,0
BRDA:1581,239,1,2
BRDA:1582,240,0,1
BRDA:1582,240,1,1
BRDA:1582,241,0,2
BRDA:1582,241,1,1
BRDA:1584,242,0,1
BRDA:1584,242,1,0
BRDA:1594,243,0,0
BRDA:1594,243,1,1
BRDA:1595,244,0,0
BRDA:1595,244,1,0
BRDA:1596,245,0,0
BRDA:1596,245,1,0
BRDA:1596,246,0,0
BRDA:1596,246,1,0
BRF:534
BRH:316
end_of_record
TN:
SF:/home/ed/Aloes/device-manager/src/models/files.js
FN:10,(anonymous_0)
FN:11,(anonymous_1)
FN:12,(anonymous_2)
FN:15,(anonymous_3)
FN:16,(anonymous_4)
FN:17,(anonymous_5)
FN:20,(anonymous_6)
FN:21,(anonymous_7)
FN:22,(anonymous_8)
FN:27,(anonymous_9)
FN:28,(anonymous_10)
FN:29,(anonymous_11)
FN:34,(anonymous_12)
FN:35,(anonymous_13)
FN:36,(anonymous_14)
FN:41,(anonymous_15)
FN:42,(anonymous_16)
FN:43,(anonymous_17)
FN:48,(anonymous_18)
FN:49,(anonymous_19)
FN:61,(anonymous_20)
FN:73,(anonymous_21)
FN:74,(anonymous_22)
FN:75,(anonymous_23)
FN:80,(anonymous_24)
FN:81,(anonymous_25)
FN:82,(anonymous_26)
FN:93,(anonymous_27)
FN:118,(anonymous_28)
FN:144,(anonymous_29)
FN:152,(anonymous_30)
FN:162,(anonymous_31)
FN:196,(anonymous_32)
FN:204,(anonymous_33)
FN:229,(anonymous_34)
FN:260,(anonymous_35)
FN:261,(anonymous_36)
FN:275,(anonymous_37)
FN:308,(anonymous_38)
FN:347,(anonymous_39)
FN:354,(anonymous_40)
FN:356,(anonymous_41)
FN:359,(anonymous_42)
FN:380,(anonymous_43)
FN:382,(anonymous_44)
FN:384,(anonymous_45)
FN:386,(anonymous_46)
FN:388,(anonymous_47)
FN:391,(anonymous_48)
FN:393,(anonymous_49)
FN:402,(anonymous_50)
FNF:51
FNH:34
FNDA:18,(anonymous_0)
FNDA:18,(anonymous_1)
FNDA:18,(anonymous_2)
FNDA:0,(anonymous_3)
FNDA:0,(anonymous_4)
FNDA:0,(anonymous_5)
FNDA:0,(anonymous_6)
FNDA:0,(anonymous_7)
FNDA:0,(anonymous_8)
FNDA:6,(anonymous_9)
FNDA:6,(anonymous_10)
FNDA:6,(anonymous_11)
FNDA:0,(anonymous_12)
FNDA:0,(anonymous_13)
FNDA:0,(anonymous_14)
FNDA:2,(anonymous_15)
FNDA:2,(anonymous_16)
FNDA:2,(anonymous_17)
FNDA:5,(anonymous_18)
FNDA:5,(anonymous_19)
FNDA:5,(anonymous_20)
FNDA:6,(anonymous_21)
FNDA:6,(anonymous_22)
FNDA:6,(anonymous_23)
FNDA:16,(anonymous_24)
FNDA:16,(anonymous_25)
FNDA:16,(anonymous_26)
FNDA:9,(anonymous_27)
FNDA:6,(anonymous_28)
FNDA:3,(anonymous_29)
FNDA:4,(anonymous_30)
FNDA:13,(anonymous_31)
FNDA:1,(anonymous_32)
FNDA:7,(anonymous_33)
FNDA:2,(anonymous_34)
FNDA:0,(anonymous_35)
FNDA:0,(anonymous_36)
FNDA:2,(anonymous_37)
FNDA:5,(anonymous_38)
FNDA:3,(anonymous_39)
FNDA:3,(anonymous_40)
FNDA:4,(anonymous_41)
FNDA:3,(anonymous_42)
FNDA:18,(anonymous_43)
FNDA:0,(anonymous_44)
FNDA:0,(anonymous_45)
FNDA:0,(anonymous_46)
FNDA:0,(anonymous_47)
FNDA:16,(anonymous_48)
FNDA:0,(anonymous_49)
FNDA:0,(anonymous_50)
DA:6,1
DA:7,1
DA:10,1
DA:11,18
DA:12,18
DA:15,1
DA:16,0
DA:17,0
DA:20,1
DA:21,0
DA:22,0
DA:23,0
DA:27,1
DA:28,6
DA:29,6
DA:30,6
DA:34,1
DA:35,0
DA:36,0
DA:37,0
DA:41,1
DA:42,2
DA:43,2
DA:44,2
DA:48,1
DA:49,5
DA:50,5
DA:51,5
DA:52,5
DA:53,5
DA:54,5
DA:55,5
DA:56,5
DA:57,0
DA:59,5
DA:60,5
DA:61,5
DA:62,5
DA:70,5
DA:73,1
DA:74,6
DA:75,6
DA:76,6
DA:80,1
DA:81,16
DA:82,16
DA:83,16
DA:93,1
DA:94,9
DA:95,9
DA:96,1
DA:97,1
DA:101,1
DA:102,8
DA:103,8
DA:107,9
DA:110,9
DA:111,9
DA:113,0
DA:114,0
DA:118,1
DA:119,6
DA:120,6
DA:121,0
DA:123,6
DA:124,6
DA:125,6
DA:126,6
DA:127,6
DA:130,0
DA:132,6
DA:134,0
DA:144,1
DA:145,3
DA:146,3
DA:147,2
DA:148,2
DA:150,1
DA:151,1
DA:152,4
DA:154,3
DA:155,3
DA:157,0
DA:158,0
DA:162,1
DA:163,13
DA:164,13
DA:169,7
DA:170,7
DA:171,0
DA:174,7
DA:175,7
DA:176,5
DA:177,0
DA:181,13
DA:183,0
DA:184,0
DA:196,1
DA:197,1
DA:199,1
DA:200,1
DA:201,1
DA:202,1
DA:204,1
DA:205,7
DA:206,7
DA:207,7
DA:208,1
DA:210,6
DA:216,7
DA:218,0
DA:229,1
DA:230,2
DA:231,2
DA:233,2
DA:235,2
DA:241,2
DA:242,2
DA:243,2
DA:251,2
DA:252,2
DA:253,0
DA:255,2
DA:256,2
DA:257,2
DA:259,0
DA:261,0
DA:262,0
DA:263,0
DA:265,0
DA:266,0
DA:269,0
DA:270,0
DA:275,2
DA:276,2
DA:277,0
DA:279,2
DA:280,2
DA:283,2
DA:284,2
DA:287,0
DA:291,2
DA:293,2
DA:295,0
DA:296,0
DA:308,1
DA:309,5
DA:310,5
DA:311,5
DA:318,5
DA:319,5
DA:320,5
DA:321,5
DA:332,5
DA:333,5
DA:335,0
DA:336,0
DA:347,1
DA:348,3
DA:350,3
DA:351,3
DA:352,3
DA:353,3
DA:354,3
DA:355,3
DA:356,3
DA:357,4
DA:359,3
DA:360,3
DA:361,3
DA:362,3
DA:363,3
DA:365,3
DA:367,3
DA:370,3
DA:371,3
DA:374,0
DA:376,0
DA:380,18
DA:382,1
DA:384,1
DA:386,1
DA:388,1
DA:389,0
DA:391,16
DA:393,1
DA:394,0
DA:402,1
DA:403,0
DA:404,0
DA:412,0
DA:414,0
DA:415,0
DA:416,0
DA:417,0
DA:418,0
DA:422,0
DA:423,0
DA:424,0
DA:426,0
DA:429,0
DA:430,0
DA:431,0
DA:432,0
DA:435,0
DA:437,0
DA:438,0
DA:451,1
DA:462,1
DA:472,1
LF:210
LH:151
BRDA:12,0,0,2
BRDA:12,0,1,16
BRDA:17,1,0,0
BRDA:17,1,1,0
BRDA:23,2,0,0
BRDA:23,2,1,0
BRDA:30,3,0,0
BRDA:30,3,1,6
BRDA:34,4,0,0
BRDA:37,5,0,0
BRDA:37,5,1,0
BRDA:44,6,0,0
BRDA:44,6,1,2
BRDA:54,7,0,0
BRDA:54,7,1,5
BRDA:54,8,0,5
BRDA:54,8,1,5
BRDA:56,9,0,0
BRDA:56,9,1,5
BRDA:76,10,0,0
BRDA:76,10,1,6
BRDA:83,11,0,0
BRDA:83,11,1,16
BRDA:95,12,0,1
BRDA:95,12,1,8
BRDA:97,13,0,1
BRDA:97,13,1,0
BRDA:102,14,0,8
BRDA:102,14,1,0
BRDA:107,15,0,9
BRDA:107,15,1,8
BRDA:107,15,2,0
BRDA:120,16,0,0
BRDA:120,16,1,6
BRDA:120,17,0,6
BRDA:120,17,1,6
BRDA:120,17,2,6
BRDA:126,18,0,6
BRDA:126,18,1,0
BRDA:126,19,0,6
BRDA:126,19,1,6
BRDA:146,20,0,2
BRDA:146,20,1,1
BRDA:146,21,0,3
BRDA:146,21,1,3
BRDA:146,21,2,2
BRDA:164,22,0,7
BRDA:164,22,1,6
BRDA:165,23,0,13
BRDA:165,23,1,11
BRDA:165,23,2,9
BRDA:169,24,0,7
BRDA:169,24,1,0
BRDA:170,25,0,0
BRDA:170,25,1,7
BRDA:170,26,0,7
BRDA:170,26,1,7
BRDA:175,27,0,5
BRDA:175,27,1,2
BRDA:176,28,0,0
BRDA:176,28,1,5
BRDA:176,29,0,5
BRDA:176,29,1,5
BRDA:207,30,0,1
BRDA:207,30,1,6
BRDA:207,31,0,7
BRDA:207,31,1,1
BRDA:241,32,0,2
BRDA:241,32,1,0
BRDA:241,33,0,2
BRDA:241,33,1,2
BRDA:252,34,0,0
BRDA:252,34,1,2
BRDA:252,35,0,2
BRDA:252,35,1,0
BRDA:256,36,0,2
BRDA:256,36,1,0
BRDA:256,37,0,2
BRDA:256,37,1,2
BRDA:257,38,0,0
BRDA:257,38,1,2
BRDA:262,39,0,0
BRDA:262,39,1,0
BRDA:262,40,0,0
BRDA:262,40,1,0
BRDA:265,41,0,0
BRDA:265,41,1,0
BRDA:276,42,0,0
BRDA:276,42,1,2
BRDA:276,43,0,2
BRDA:276,43,1,0
BRDA:279,44,0,2
BRDA:279,44,1,0
BRDA:320,45,0,0
BRDA:320,45,1,5
BRDA:320,46,0,5
BRDA:320,46,1,5
BRDA:353,47,0,3
BRDA:353,47,1,0
BRDA:353,48,0,3
BRDA:353,48,1,3
BRDA:404,49,0,0
BRDA:404,49,1,0
BRDA:405,50,0,0
BRDA:405,50,1,0
BRDA:405,50,2,0
BRDA:405,50,3,0
BRDA:405,50,4,0
BRDA:405,50,5,0
BRDA:422,51,0,0
BRDA:422,51,1,0
BRDA:429,52,0,0
BRDA:429,52,1,0
BRDA:429,53,0,0
BRDA:429,53,1,0
BRDA:431,54,0,0
BRDA:431,54,1,0
BRF:117
BRH:64
end_of_record
TN:
SF:/home/ed/Aloes/device-manager/src/models/measurement.js
FN:19,(anonymous_0)
FN:20,typeValidator
FN:29,resourceValidator
FN:59,(anonymous_3)
FN:79,(anonymous_4)
FN:103,(anonymous_5)
FN:147,(anonymous_6)
FN:148,(anonymous_7)
FN:149,(anonymous_8)
FN:153,(anonymous_9)
FN:158,(anonymous_10)
FN:168,(anonymous_11)
FN:169,(anonymous_12)
FN:172,(anonymous_13)
FN:174,(anonymous_14)
FN:192,(anonymous_15)
FN:193,(anonymous_16)
FN:196,(anonymous_17)
FN:198,(anonymous_18)
FN:216,(anonymous_19)
FN:219,(anonymous_20)
FN:221,(anonymous_21)
FN:247,(anonymous_22)
FN:260,(anonymous_23)
FN:271,(anonymous_24)
FN:297,(anonymous_25)
FN:334,(anonymous_26)
FN:351,(anonymous_27)
FN:377,(anonymous_28)
FN:392,(anonymous_29)
FN:408,(anonymous_30)
FN:436,(anonymous_31)
FN:459,(anonymous_32)
FN:473,(anonymous_33)
FN:504,(anonymous_34)
FN:512,(anonymous_35)
FNF:36
FNH:4
FNDA:1,(anonymous_0)
FNDA:0,typeValidator
FNDA:0,resourceValidator
FNDA:0,(anonymous_3)
FNDA:0,(anonymous_4)
FNDA:0,(anonymous_5)
FNDA:1,(anonymous_6)
FNDA:0,(anonymous_7)
FNDA:0,(anonymous_8)
FNDA:0,(anonymous_9)
FNDA:0,(anonymous_10)
FNDA:0,(anonymous_11)
FNDA:0,(anonymous_12)
FNDA:0,(anonymous_13)
FNDA:0,(anonymous_14)
FNDA:0,(anonymous_15)
FNDA:0,(anonymous_16)
FNDA:0,(anonymous_17)
FNDA:0,(anonymous_18)
FNDA:0,(anonymous_19)
FNDA:0,(anonymous_20)
FNDA:0,(anonymous_21)
FNDA:0,(anonymous_22)
FNDA:0,(anonymous_23)
FNDA:0,(anonymous_24)
FNDA:0,(anonymous_25)
FNDA:0,(anonymous_26)
FNDA:0,(anonymous_27)
FNDA:0,(anonymous_28)
FNDA:0,(anonymous_29)
FNDA:13,(anonymous_30)
FNDA:0,(anonymous_31)
FNDA:13,(anonymous_32)
FNDA:0,(anonymous_33)
FNDA:0,(anonymous_34)
FNDA:0,(anonymous_35)
DA:6,1
DA:19,1
DA:21,0
DA:22,0
DA:23,0
DA:26,0
DA:30,0
DA:31,0
DA:32,0
DA:35,0
DA:38,1
DA:39,1
DA:40,1
DA:42,1
DA:46,1
DA:59,1
DA:60,0
DA:61,0
DA:70,0
DA:71,0
DA:78,0
DA:79,0
DA:80,0
DA:81,0
DA:82,0
DA:83,0
DA:84,0
DA:87,0
DA:88,0
DA:90,0
DA:92,0
DA:93,0
DA:103,1
DA:104,0
DA:105,0
DA:115,0
DA:117,0
DA:118,0
DA:119,0
DA:121,0
DA:124,0
DA:134,0
DA:135,0
DA:137,0
DA:140,0
DA:142,0
DA:143,0
DA:147,1
DA:148,1
DA:149,0
DA:150,0
DA:151,0
DA:153,0
DA:154,0
DA:158,1
DA:159,0
DA:160,0
DA:161,0
DA:163,0
DA:165,0
DA:166,0
DA:167,0
DA:168,0
DA:169,0
DA:170,0
DA:171,0
DA:172,0
DA:173,0
DA:174,0
DA:175,0
DA:176,0
DA:181,0
DA:182,0
DA:183,0
DA:186,0
DA:191,0
DA:192,0
DA:193,0
DA:194,0
DA:195,0
DA:196,0
DA:197,0
DA:198,0
DA:199,0
DA:200,0
DA:205,0
DA:206,0
DA:207,0
DA:210,0
DA:216,0
DA:217,0
DA:218,0
DA:219,0
DA:220,0
DA:221,0
DA:222,0
DA:223,0
DA:228,0
DA:229,0
DA:230,0
DA:233,0
DA:239,0
DA:240,0
DA:242,0
DA:246,0
DA:247,0
DA:248,0
DA:249,0
DA:251,0
DA:252,0
DA:253,0
DA:255,0
DA:259,0
DA:260,0
DA:262,0
DA:263,0
DA:265,0
DA:266,0
DA:271,1
DA:272,0
DA:273,0
DA:274,0
DA:275,0
DA:278,0
DA:279,0
DA:280,0
DA:281,0
DA:282,0
DA:284,0
DA:285,0
DA:287,0
DA:288,0
DA:289,0
DA:290,0
DA:292,0
DA:293,0
DA:297,1
DA:298,0
DA:299,0
DA:301,0
DA:302,0
DA:304,0
DA:305,0
DA:308,0
DA:309,0
DA:310,0
DA:311,0
DA:312,0
DA:314,0
DA:315,0
DA:317,0
DA:318,0
DA:319,0
DA:321,0
DA:324,0
DA:326,0
DA:327,0
DA:329,0
DA:330,0
DA:334,1
DA:335,0
DA:336,0
DA:337,0
DA:339,0
DA:340,0
DA:341,0
DA:344,0
DA:346,0
DA:347,0
DA:351,1
DA:352,0
DA:353,0
DA:354,0
DA:355,0
DA:357,0
DA:358,0
DA:359,0
DA:360,0
DA:361,0
DA:362,0
DA:364,0
DA:365,0
DA:367,0
DA:368,0
DA:369,0
DA:370,0
DA:372,0
DA:373,0
DA:377,1
DA:378,0
DA:379,0
DA:380,0
DA:381,0
DA:383,0
DA:384,0
DA:386,0
DA:387,0
DA:388,0
DA:389,0
DA:391,0
DA:392,0
DA:393,0
DA:394,0
DA:395,0
DA:397,0
DA:400,0
DA:401,0
DA:403,0
DA:404,0
DA:408,1
DA:409,13
DA:410,13
DA:411,0
DA:413,13
DA:414,13
DA:415,13
DA:416,13
DA:417,13
DA:418,13
DA:421,0
DA:423,13
DA:424,13
DA:436,1
DA:437,0
DA:438,0
DA:439,0
DA:440,0
DA:442,0
DA:443,0
DA:444,0
DA:445,0
DA:446,0
DA:447,0
DA:449,0
DA:450,0
DA:451,0
DA:452,0
DA:454,0
DA:455,0
DA:459,1
DA:460,13
DA:461,13
DA:462,0
DA:464,13
DA:465,13
DA:466,13
DA:468,0
DA:469,0
DA:473,1
DA:474,0
DA:475,0
DA:476,0
DA:478,0
DA:479,0
DA:481,0
DA:482,0
DA:483,0
DA:484,0
DA:485,0
DA:486,0
DA:488,0
DA:489,0
DA:491,0
DA:492,0
DA:494,0
DA:495,0
DA:496,0
DA:498,0
DA:499,0
DA:504,1
DA:506,0
DA:507,0
DA:508,0
DA:509,0
DA:512,1
DA:513,0
DA:515,0
DA:518,1
DA:519,1
DA:520,1
DA:523,1
LF:281
LH:42
BRDA:21,0,0,0
BRDA:21,0,1,0
BRDA:21,1,0,0
BRDA:21,1,1,0
BRDA:22,2,0,0
BRDA:22,2,1,0
BRDA:30,3,0,0
BRDA:30,3,1,0
BRDA:30,4,0,0
BRDA:30,4,1,0
BRDA:31,5,0,0
BRDA:31,5,1,0
BRDA:66,6,0,0
BRDA:66,6,1,0
BRDA:70,7,0,0
BRDA:70,7,1,0
BRDA:70,8,0,0
BRDA:70,8,1,0
BRDA:70,8,2,0
BRDA:78,9,0,0
BRDA:78,9,1,0
BRDA:78,10,0,0
BRDA:78,10,1,0
BRDA:105,11,0,0
BRDA:105,11,1,0
BRDA:106,12,0,0
BRDA:106,12,1,0
BRDA:106,12,2,0
BRDA:106,12,3,0
BRDA:106,12,4,0
BRDA:106,12,5,0
BRDA:106,12,6,0
BRDA:106,12,7,0
BRDA:119,13,0,0
BRDA:119,13,1,0
BRDA:134,14,0,0
BRDA:134,14,1,0
BRDA:150,15,0,0
BRDA:150,15,1,0
BRDA:150,16,0,0
BRDA:150,16,1,0
BRDA:154,17,0,0
BRDA:154,17,1,0
BRDA:160,18,0,0
BRDA:160,18,1,0
BRDA:160,19,0,0
BRDA:160,19,1,0
BRDA:166,20,0,0
BRDA:166,20,1,0
BRDA:167,21,0,0
BRDA:167,21,1,0
BRDA:170,22,0,0
BRDA:170,22,1,0
BRDA:171,23,0,0
BRDA:171,23,1,0
BRDA:173,24,0,0
BRDA:173,24,1,0
BRDA:175,25,0,0
BRDA:175,25,1,0
BRDA:181,26,0,0
BRDA:181,26,1,0
BRDA:182,27,0,0
BRDA:182,27,1,0
BRDA:191,28,0,0
BRDA:191,28,1,0
BRDA:194,29,0,0
BRDA:194,29,1,0
BRDA:195,30,0,0
BRDA:195,30,1,0
BRDA:197,31,0,0
BRDA:197,31,1,0
BRDA:199,32,0,0
BRDA:199,32,1,0
BRDA:205,33,0,0
BRDA:205,33,1,0
BRDA:206,34,0,0
BRDA:206,34,1,0
BRDA:217,35,0,0
BRDA:217,35,1,0
BRDA:218,36,0,0
BRDA:218,36,1,0
BRDA:220,37,0,0
BRDA:220,37,1,0
BRDA:222,38,0,0
BRDA:222,38,1,0
BRDA:228,39,0,0
BRDA:228,39,1,0
BRDA:229,40,0,0
BRDA:229,40,1,0
BRDA:239,41,0,0
BRDA:239,41,1,0
BRDA:239,42,0,0
BRDA:239,42,1,0
BRDA:274,43,0,0
BRDA:274,43,1,0
BRDA:274,44,0,0
BRDA:274,44,1,0
BRDA:278,45,0,0
BRDA:278,45,1,0
BRDA:280,46,0,0
BRDA:280,46,1,0
BRDA:280,47,0,0
BRDA:280,47,1,0
BRDA:284,48,0,0
BRDA:284,48,1,0
BRDA:301,49,0,0
BRDA:301,49,1,0
BRDA:301,50,0,0
BRDA:301,50,1,0
BRDA:304,51,0,0
BRDA:304,51,1,0
BRDA:304,52,0,0
BRDA:304,52,1,0
BRDA:308,53,0,0
BRDA:308,53,1,0
BRDA:310,54,0,0
BRDA:310,54,1,0
BRDA:310,55,0,0
BRDA:310,55,1,0
BRDA:314,56,0,0
BRDA:314,56,1,0
BRDA:317,57,0,0
BRDA:317,57,1,0
BRDA:318,58,0,0
BRDA:318,58,1,0
BRDA:336,59,0,0
BRDA:336,59,1,0
BRDA:336,60,0,0
BRDA:336,60,1,0
BRDA:354,61,0,0
BRDA:354,61,1,0
BRDA:354,62,0,0
BRDA:354,62,1,0
BRDA:358,63,0,0
BRDA:358,63,1,0
BRDA:360,64,0,0
BRDA:360,64,1,0
BRDA:360,65,0,0
BRDA:360,65,1,0
BRDA:364,66,0,0
BRDA:364,66,1,0
BRDA:380,67,0,0
BRDA:380,67,1,0
BRDA:380,68,0,0
BRDA:380,68,1,0
BRDA:383,69,0,0
BRDA:383,69,1,0
BRDA:383,70,0,0
BRDA:383,70,1,0
BRDA:388,71,0,0
BRDA:388,71,1,0
BRDA:410,72,0,0
BRDA:410,72,1,13
BRDA:410,73,0,13
BRDA:410,73,1,13
BRDA:439,74,0,0
BRDA:439,74,1,0
BRDA:439,75,0,0
BRDA:439,75,1,0
BRDA:443,76,0,0
BRDA:443,76,1,0
BRDA:445,77,0,0
BRDA:445,77,1,0
BRDA:445,78,0,0
BRDA:445,78,1,0
BRDA:449,79,0,0
BRDA:449,79,1,0
BRDA:461,80,0,0
BRDA:461,80,1,13
BRDA:461,81,0,13
BRDA:461,81,1,13
BRDA:475,82,0,0
BRDA:475,82,1,0
BRDA:475,83,0,0
BRDA:475,83,1,0
BRDA:478,84,0,0
BRDA:478,84,1,0
BRDA:478,85,0,0
BRDA:478,85,1,0
BRDA:482,86,0,0
BRDA:482,86,1,0
BRDA:484,87,0,0
BRDA:484,87,1,0
BRDA:484,88,0,0
BRDA:484,88,1,0
BRDA:488,89,0,0
BRDA:488,89,1,0
BRDA:491,90,0,0
BRDA:491,90,1,0
BRDA:506,91,0,0
BRDA:506,91,1,0
BRDA:507,92,0,0
BRDA:507,92,1,0
BRDA:508,93,0,0
BRDA:508,93,1,0
BRF:195
BRH:6
end_of_record
TN:
SF:/home/ed/Aloes/device-manager/src/models/oma-object.js
FN:15,(anonymous_0)
FNF:1
FNH:1
FNDA:1,(anonymous_0)
DA:15,1
DA:17,1
DA:18,1
DA:19,1
DA:20,1
DA:21,1
DA:22,1
DA:23,1
DA:24,1
DA:25,1
DA:26,1
DA:27,1
DA:28,1
DA:29,1
LF:14
LH:14
BRF:0
BRH:0
end_of_record
TN:
SF:/home/ed/Aloes/device-manager/src/models/oma-resource.js
FN:18,(anonymous_0)
FNF:1
FNH:1
FNDA:1,(anonymous_0)
DA:18,1
DA:21,1
DA:22,1
DA:23,1
DA:24,1
DA:25,1
DA:26,1
DA:27,1
DA:28,1
DA:29,1
DA:30,1
DA:31,1
DA:32,1
DA:33,1
LF:14
LH:14
BRF:0
BRH:0
end_of_record
TN:
SF:/home/ed/Aloes/device-manager/src/models/oma-views.js
FN:9,(anonymous_0)
FNF:1
FNH:1
FNDA:1,(anonymous_0)
DA:9,1
DA:12,1
DA:13,1
DA:14,1
DA:15,1
DA:16,1
DA:17,1
DA:18,1
DA:19,1
DA:20,1
DA:21,1
DA:22,1
DA:23,1
DA:24,1
LF:14
LH:14
BRF:0
BRH:0
end_of_record
TN:
SF:/home/ed/Aloes/device-manager/src/models/scheduler.js
FN:19,(anonymous_0)
FN:29,(anonymous_1)
FN:47,(anonymous_2)
FN:69,(anonymous_3)
FN:70,(anonymous_4)
FN:71,(anonymous_5)
FN:83,(anonymous_6)
FN:84,(anonymous_7)
FN:85,(anonymous_8)
FN:90,(anonymous_9)
FN:105,(anonymous_10)
FN:128,(anonymous_11)
FN:170,(anonymous_12)
FN:219,(anonymous_13)
FN:265,(anonymous_14)
FN:298,(anonymous_15)
FN:347,(anonymous_16)
FN:378,(anonymous_17)
FN:417,(anonymous_18)
FN:454,(anonymous_19)
FN:509,(anonymous_20)
FN:532,(anonymous_21)
FN:559,(anonymous_22)
FN:585,(anonymous_23)
FN:591,(anonymous_24)
FN:631,(anonymous_25)
FN:705,(anonymous_26)
FN:719,(anonymous_27)
FN:772,(anonymous_28)
FN:782,(anonymous_29)
FN:808,(anonymous_30)
FN:831,(anonymous_31)
FN:843,(anonymous_32)
FN:843,(anonymous_33)
FN:845,(anonymous_34)
FNF:35
FNH:9
FNDA:1,(anonymous_0)
FNDA:0,(anonymous_1)
FNDA:0,(anonymous_2)
FNDA:0,(anonymous_3)
FNDA:0,(anonymous_4)
FNDA:0,(anonymous_5)
FNDA:0,(anonymous_6)
FNDA:0,(anonymous_7)
FNDA:0,(anonymous_8)
FNDA:0,(anonymous_9)
FNDA:0,(anonymous_10)
FNDA:0,(anonymous_11)
FNDA:0,(anonymous_12)
FNDA:0,(anonymous_13)
FNDA:0,(anonymous_14)
FNDA:0,(anonymous_15)
FNDA:0,(anonymous_16)
FNDA:0,(anonymous_17)
FNDA:0,(anonymous_18)
FNDA:0,(anonymous_19)
FNDA:6,(anonymous_20)
FNDA:6,(anonymous_21)
FNDA:0,(anonymous_22)
FNDA:6,(anonymous_23)
FNDA:0,(anonymous_24)
FNDA:0,(anonymous_25)
FNDA:0,(anonymous_26)
FNDA:0,(anonymous_27)
FNDA:0,(anonymous_28)
FNDA:1,(anonymous_29)
FNDA:1,(anonymous_30)
FNDA:0,(anonymous_31)
FNDA:1,(anonymous_32)
FNDA:1,(anonymous_33)
FNDA:1,(anonymous_34)
DA:8,1
DA:9,1
DA:10,1
DA:12,1
DA:19,1
DA:29,1
DA:30,0
DA:31,0
DA:41,0
DA:42,0
DA:46,0
DA:47,0
DA:48,0
DA:49,0
DA:50,0
DA:51,0
DA:52,0
DA:53,0
DA:55,0
DA:59,0
DA:60,0
DA:62,0
DA:64,0
DA:65,0
DA:69,1
DA:70,0
DA:71,0
DA:72,0
DA:83,1
DA:84,0
DA:85,0
DA:86,0
DA:90,1
DA:91,0
DA:93,0
DA:94,0
DA:95,0
DA:96,0
DA:97,0
DA:98,0
DA:100,0
DA:101,0
DA:105,1
DA:106,0
DA:107,0
DA:108,0
DA:110,0
DA:111,0
DA:112,0
DA:114,0
DA:115,0
DA:116,0
DA:117,0
DA:120,0
DA:121,0
DA:123,0
DA:124,0
DA:128,1
DA:129,0
DA:130,0
DA:131,0
DA:132,0
DA:133,0
DA:135,0
DA:138,0
DA:139,0
DA:144,0
DA:145,0
DA:146,0
DA:148,0
DA:152,0
DA:153,0
DA:155,0
DA:156,0
DA:157,0
DA:159,0
DA:160,0
DA:170,1
DA:171,0
DA:172,0
DA:173,0
DA:175,0
DA:176,0
DA:177,0
DA:178,0
DA:179,0
DA:180,0
DA:181,0
DA:182,0
DA:184,0
DA:187,0
DA:188,0
DA:189,0
DA:190,0
DA:191,0
DA:192,0
DA:195,0
DA:196,0
DA:197,0
DA:198,0
DA:199,0
DA:200,0
DA:203,0
DA:204,0
DA:205,0
DA:206,0
DA:207,0
DA:209,0
DA:211,0
DA:212,0
DA:214,0
DA:215,0
DA:219,1
DA:220,0
DA:221,0
DA:222,0
DA:223,0
DA:224,0
DA:225,0
DA:227,0
DA:242,0
DA:243,0
DA:244,0
DA:245,0
DA:246,0
DA:247,0
DA:255,0
DA:256,0
DA:258,0
DA:260,0
DA:261,0
DA:265,1
DA:266,0
DA:267,0
DA:268,0
DA:270,0
DA:271,0
DA:272,0
DA:274,0
DA:279,0
DA:281,0
DA:282,0
DA:289,0
DA:290,0
DA:291,0
DA:293,0
DA:294,0
DA:298,1
DA:299,0
DA:300,0
DA:302,0
DA:303,0
DA:305,0
DA:308,0
DA:309,0
DA:310,0
DA:311,0
DA:312,0
DA:314,0
DA:315,0
DA:317,0
DA:320,0
DA:321,0
DA:322,0
DA:324,0
DA:327,0
DA:328,0
DA:329,0
DA:332,0
DA:333,0
DA:334,0
DA:336,0
DA:337,0
DA:347,1
DA:348,0
DA:349,0
DA:350,0
DA:352,0
DA:358,0
DA:359,0
DA:361,0
DA:362,0
DA:378,1
DA:379,0
DA:381,0
DA:382,0
DA:384,0
DA:385,0
DA:387,0
DA:388,0
DA:390,0
DA:391,0
DA:393,0
DA:394,0
DA:396,0
DA:403,0
DA:407,0
DA:408,0
DA:410,0
DA:412,0
DA:413,0
DA:417,1
DA:418,0
DA:420,0
DA:421,0
DA:423,0
DA:424,0
DA:426,0
DA:427,0
DA:429,0
DA:436,0
DA:437,0
DA:439,0
DA:441,0
DA:442,0
DA:454,1
DA:455,0
DA:456,0
DA:457,0
DA:460,0
DA:463,0
DA:464,0
DA:467,0
DA:470,0
DA:473,0
DA:482,0
DA:485,0
DA:488,0
DA:491,0
DA:492,0
DA:494,0
DA:496,0
DA:498,0
DA:499,0
DA:509,1
DA:510,6
DA:511,6
DA:512,6
DA:513,6
DA:515,6
DA:516,6
DA:519,0
DA:522,6
DA:532,1
DA:533,6
DA:534,6
DA:535,6
DA:536,6
DA:537,0
DA:538,0
DA:539,0
DA:540,0
DA:546,6
DA:548,0
DA:549,0
DA:559,1
DA:560,0
DA:561,0
DA:562,0
DA:563,0
DA:564,0
DA:565,0
DA:566,0
DA:569,0
DA:571,0
DA:572,0
DA:585,1
DA:586,6
DA:587,6
DA:588,6
DA:590,6
DA:591,6
DA:592,0
DA:593,0
DA:595,0
DA:596,0
DA:600,0
DA:601,0
DA:604,0
DA:605,0
DA:606,0
DA:607,0
DA:608,0
DA:610,0
DA:613,6
DA:614,6
DA:615,6
DA:617,0
DA:618,0
DA:631,1
DA:632,0
DA:634,0
DA:635,0
DA:637,0
DA:640,0
DA:641,0
DA:642,0
DA:643,0
DA:645,0
DA:646,0
DA:650,0
DA:651,0
DA:654,0
DA:656,0
DA:657,0
DA:666,0
DA:667,0
DA:668,0
DA:670,0
DA:681,0
DA:682,0
DA:683,0
DA:684,0
DA:685,0
DA:686,0
DA:687,0
DA:688,0
DA:689,0
DA:690,0
DA:692,0
DA:694,0
DA:695,0
DA:705,1
DA:706,0
DA:707,0
DA:708,0
DA:709,0
DA:711,0
DA:712,0
DA:715,0
DA:719,1
DA:720,0
DA:721,0
DA:722,0
DA:723,0
DA:724,0
DA:725,0
DA:729,0
DA:730,0
DA:733,0
DA:734,0
DA:737,0
DA:738,0
DA:739,0
DA:741,0
DA:751,0
DA:753,0
DA:754,0
DA:755,0
DA:756,0
DA:762,0
DA:763,0
DA:765,0
DA:767,0
DA:768,0
DA:772,1
DA:773,0
DA:774,0
DA:775,0
DA:778,0
DA:782,1
DA:783,1
DA:784,1
DA:785,1
DA:786,0
DA:788,1
DA:789,1
DA:790,1
DA:791,1
DA:793,0
DA:808,1
DA:809,1
DA:810,1
DA:816,1
DA:817,0
DA:818,0
DA:820,1
DA:821,0
DA:822,0
DA:824,1
DA:826,0
DA:827,0
DA:831,1
DA:832,0
DA:837,0
DA:838,0
DA:840,0
DA:843,1
DA:845,1
DA:846,1
DA:847,1
DA:848,0
DA:849,0
DA:851,1
DA:852,1
DA:854,0
DA:855,0
DA:859,1
DA:860,1
DA:861,1
DA:862,1
DA:863,1
DA:864,1
LF:403
LH:74
BRDA:36,0,0,0
BRDA:36,0,1,0
BRDA:41,1,0,0
BRDA:41,1,1,0
BRDA:41,2,0,0
BRDA:41,2,1,0
BRDA:41,2,2,0
BRDA:46,3,0,0
BRDA:46,3,1,0
BRDA:46,4,0,0
BRDA:46,4,1,0
BRDA:72,5,0,0
BRDA:72,5,1,0
BRDA:86,6,0,0
BRDA:86,6,1,0
BRDA:94,7,0,0
BRDA:94,7,1,0
BRDA:94,8,0,0
BRDA:94,8,1,0
BRDA:110,9,0,0
BRDA:110,9,1,0
BRDA:114,10,0,0
BRDA:114,10,1,0
BRDA:120,11,0,0
BRDA:120,11,1,0
BRDA:120,12,0,0
BRDA:120,12,1,0
BRDA:128,13,0,0
BRDA:132,14,0,0
BRDA:132,14,1,0
BRDA:132,15,0,0
BRDA:132,15,1,0
BRDA:138,16,0,0
BRDA:138,16,1,0
BRDA:139,17,0,0
BRDA:139,17,1,0
BRDA:145,18,0,0
BRDA:145,18,1,0
BRDA:145,19,0,0
BRDA:145,19,1,0
BRDA:172,20,0,0
BRDA:172,20,1,0
BRDA:172,21,0,0
BRDA:172,21,1,0
BRDA:172,21,2,0
BRDA:177,22,0,0
BRDA:177,22,1,0
BRDA:177,23,0,0
BRDA:177,23,1,0
BRDA:178,24,0,0
BRDA:178,24,1,0
BRDA:178,25,0,0
BRDA:178,25,1,0
BRDA:184,26,0,0
BRDA:184,26,1,0
BRDA:184,26,2,0
BRDA:184,26,3,0
BRDA:221,27,0,0
BRDA:221,27,1,0
BRDA:221,28,0,0
BRDA:221,28,1,0
BRDA:224,29,0,0
BRDA:224,29,1,0
BRDA:244,30,0,0
BRDA:244,30,1,0
BRDA:244,31,0,0
BRDA:244,31,1,0
BRDA:244,31,2,0
BRDA:270,32,0,0
BRDA:270,32,1,0
BRDA:270,33,0,0
BRDA:270,33,1,0
BRDA:298,34,0,0
BRDA:302,35,0,0
BRDA:302,35,1,0
BRDA:302,36,0,0
BRDA:302,36,1,0
BRDA:309,37,0,0
BRDA:309,37,1,0
BRDA:311,38,0,0
BRDA:311,38,1,0
BRDA:314,39,0,0
BRDA:314,39,1,0
BRDA:314,40,0,0
BRDA:314,40,1,0
BRDA:320,41,0,0
BRDA:320,41,1,0
BRDA:321,42,0,0
BRDA:321,42,1,0
BRDA:349,43,0,0
BRDA:349,43,1,0
BRDA:349,44,0,0
BRDA:349,44,1,0
BRDA:349,44,2,0
BRDA:382,45,0,0
BRDA:382,45,1,0
BRDA:382,45,2,0
BRDA:382,45,3,0
BRDA:382,45,4,0
BRDA:404,46,0,0
BRDA:404,46,1,0
BRDA:407,47,0,0
BRDA:407,47,1,0
BRDA:407,48,0,0
BRDA:407,48,1,0
BRDA:421,49,0,0
BRDA:421,49,1,0
BRDA:421,49,2,0
BRDA:436,50,0,0
BRDA:436,50,1,0
BRDA:436,51,0,0
BRDA:436,51,1,0
BRDA:457,52,0,0
BRDA:457,52,1,0
BRDA:457,52,2,0
BRDA:457,52,3,0
BRDA:457,52,4,0
BRDA:457,52,5,0
BRDA:457,52,6,0
BRDA:457,52,7,0
BRDA:457,52,8,0
BRDA:457,52,9,0
BRDA:515,53,0,6
BRDA:515,53,1,0
BRDA:537,54,0,0
BRDA:537,54,1,0
BRDA:537,55,0,0
BRDA:537,55,1,0
BRDA:564,56,0,0
BRDA:564,56,1,0
BRDA:564,57,0,0
BRDA:564,57,1,0
BRDA:600,58,0,0
BRDA:600,58,1,0
BRDA:641,59,0,0
BRDA:641,59,1,0
BRDA:641,60,0,0
BRDA:641,60,1,0
BRDA:642,61,0,0
BRDA:642,61,1,0
BRDA:650,62,0,0
BRDA:650,62,1,0
BRDA:660,63,0,0
BRDA:660,63,1,0
BRDA:667,64,0,0
BRDA:667,64,1,0
BRDA:682,65,0,0
BRDA:682,65,1,0
BRDA:682,66,0,0
BRDA:682,66,1,0
BRDA:707,67,0,0
BRDA:707,67,1,0
BRDA:708,68,0,0
BRDA:708,68,1,0
BRDA:708,69,0,0
BRDA:708,69,1,0
BRDA:708,69,2,0
BRDA:723,70,0,0
BRDA:723,70,1,0
BRDA:723,71,0,0
BRDA:723,71,1,0
BRDA:729,72,0,0
BRDA:729,72,1,0
BRDA:733,73,0,0
BRDA:733,73,1,0
BRDA:733,74,0,0
BRDA:733,74,1,0
BRDA:738,75,0,0
BRDA:738,75,1,0
BRDA:754,76,0,0
BRDA:754,76,1,0
BRDA:754,77,0,0
BRDA:754,77,1,0
BRDA:754,77,2,0
BRDA:785,78,0,0
BRDA:785,78,1,1
BRDA:785,79,0,1
BRDA:785,79,1,0
BRDA:816,80,0,0
BRDA:816,80,1,1
BRDA:817,81,0,0
BRDA:817,81,1,0
BRDA:818,82,0,0
BRDA:818,82,1,0
BRDA:818,83,0,0
BRDA:818,83,1,0
BRDA:820,84,0,0
BRDA:820,84,1,1
BRDA:820,85,0,1
BRDA:820,85,1,0
BRDA:837,86,0,0
BRDA:837,86,1,0
BRDA:837,87,0,0
BRDA:837,87,1,0
BRDA:847,88,0,0
BRDA:847,88,1,1
BRDA:848,89,0,0
BRDA:848,89,1,0
BRDA:849,90,0,0
BRDA:849,90,1,0
BRDA:849,91,0,0
BRDA:849,91,1,0
BRF:202
BRH:7
end_of_record
TN:
SF:/home/ed/Aloes/device-manager/src/models/sensor-resource.js
FN:9,(anonymous_0)
FN:25,(anonymous_1)
FN:48,(anonymous_2)
FN:51,(anonymous_3)
FN:76,(anonymous_4)
FN:96,(anonymous_5)
FN:117,(anonymous_6)
FN:124,(anonymous_7)
FN:135,(anonymous_8)
FN:155,(anonymous_9)
FN:176,(anonymous_10)
FN:206,(anonymous_11)
FNF:12
FNH:8
FNDA:1,(anonymous_0)
FNDA:1,(anonymous_1)
FNDA:12,(anonymous_2)
FNDA:72,(anonymous_3)
FNDA:13,(anonymous_4)
FNDA:0,(anonymous_5)
FNDA:2,(anonymous_6)
FNDA:0,(anonymous_7)
FNDA:0,(anonymous_8)
FNDA:4,(anonymous_9)
FNDA:4,(anonymous_10)
FNDA:0,(anonymous_11)
DA:9,1
DA:10,1
DA:11,1
DA:13,1
DA:14,1
DA:15,1
DA:16,1
DA:25,1
DA:26,1
DA:27,1
DA:28,1
DA:29,1
DA:30,1
DA:31,1
DA:33,0
DA:35,0
DA:36,0
DA:48,1
DA:49,12
DA:50,12
DA:51,72
DA:52,12
DA:53,12
DA:54,12
DA:56,12
DA:57,0
DA:59,12
DA:61,12
DA:62,12
DA:64,0
DA:65,0
DA:76,1
DA:77,13
DA:78,13
DA:79,13
DA:80,13
DA:81,13
DA:83,0
DA:84,0
DA:96,1
DA:97,0
DA:98,0
DA:99,0
DA:100,0
DA:102,0
DA:103,0
DA:104,0
DA:106,0
DA:107,0
DA:117,1
DA:118,2
DA:119,2
DA:120,2
DA:121,2
DA:122,2
DA:124,0
DA:125,0
DA:126,0
DA:127,0
DA:128,0
DA:130,0
DA:132,0
DA:133,2
DA:135,2
DA:136,0
DA:138,2
DA:141,2
DA:143,0
DA:144,0
DA:155,1
DA:156,4
DA:157,4
DA:158,4
DA:159,4
DA:161,4
DA:162,4
DA:164,0
DA:167,4
DA:176,1
DA:177,4
DA:178,4
DA:181,4
DA:182,4
DA:183,4
DA:184,0
DA:185,0
DA:186,0
DA:187,0
DA:193,4
DA:195,0
DA:196,0
DA:206,1
DA:207,0
DA:208,0
DA:209,0
DA:212,0
DA:213,0
DA:214,0
DA:215,0
DA:216,0
DA:217,0
DA:225,0
DA:226,0
DA:233,0
DA:235,0
DA:236,0
LF:106
LH:58
BRDA:29,0,0,1
BRDA:29,0,1,0
BRDA:29,1,0,1
BRDA:29,1,1,1
BRDA:53,2,0,12
BRDA:53,2,1,0
BRDA:56,3,0,0
BRDA:56,3,1,12
BRDA:56,4,0,12
BRDA:56,4,1,0
BRDA:99,5,0,0
BRDA:99,5,1,0
BRDA:117,6,0,0
BRDA:121,7,0,2
BRDA:121,7,1,0
BRDA:121,8,0,2
BRDA:121,8,1,2
BRDA:122,9,0,0
BRDA:122,9,1,2
BRDA:126,10,0,0
BRDA:126,10,1,0
BRDA:126,11,0,0
BRDA:126,11,1,0
BRDA:133,12,0,2
BRDA:133,12,1,0
BRDA:161,13,0,4
BRDA:161,13,1,0
BRDA:184,14,0,0
BRDA:184,14,1,0
BRDA:184,15,0,0
BRDA:184,15,1,0
BRDA:214,16,0,0
BRDA:214,16,1,0
BRDA:214,17,0,0
BRDA:214,17,1,0
BRF:35
BRH:12
end_of_record
TN:
SF:/home/ed/Aloes/device-manager/src/models/sensor.js
FN:16,(anonymous_0)
FN:21,(anonymous_1)
FN:25,(anonymous_2)
FN:47,(anonymous_3)
FN:215,(anonymous_4)
FN:272,(anonymous_5)
FN:288,(anonymous_6)
FN:319,(anonymous_7)
FN:329,(anonymous_8)
FN:339,(anonymous_9)
FN:430,(anonymous_10)
FN:431,typeValidator
FN:436,(anonymous_12)
FN:439,(anonymous_13)
FN:443,resourceValidator
FN:452,(anonymous_15)
FN:455,(anonymous_16)
FN:459,transportProtocolValidator
FN:462,(anonymous_18)
FN:468,messageProtocolValidator
FN:471,(anonymous_20)
FN:510,(anonymous_21)
FN:551,(anonymous_22)
FN:582,(anonymous_23)
FN:627,(anonymous_24)
FN:664,(anonymous_25)
FN:708,(anonymous_26)
FN:782,(anonymous_27)
FN:857,(anonymous_28)
FN:903,(anonymous_29)
FN:949,(anonymous_30)
FN:964,(anonymous_31)
FN:1005,(anonymous_32)
FN:1008,(anonymous_33)
FN:1009,(anonymous_34)
FN:1028,(anonymous_35)
FN:1086,(anonymous_36)
FNF:37
FNH:31
FNDA:10,(anonymous_0)
FNDA:60,(anonymous_1)
FNDA:0,(anonymous_2)
FNDA:1,(anonymous_3)
FNDA:1,(anonymous_4)
FNDA:10,(anonymous_5)
FNDA:14,(anonymous_6)
FNDA:10,(anonymous_7)
FNDA:5,(anonymous_8)
FNDA:12,(anonymous_9)
FNDA:1,(anonymous_10)
FNDA:10,typeValidator
FNDA:10,(anonymous_12)
FNDA:0,(anonymous_13)
FNDA:10,resourceValidator
FNDA:10,(anonymous_15)
FNDA:0,(anonymous_16)
FNDA:10,transportProtocolValidator
FNDA:20,(anonymous_18)
FNDA:10,messageProtocolValidator
FNDA:20,(anonymous_20)
FNDA:15,(anonymous_21)
FNDA:0,(anonymous_22)
FNDA:1,(anonymous_23)
FNDA:0,(anonymous_24)
FNDA:1,(anonymous_25)
FNDA:1,(anonymous_26)
FNDA:0,(anonymous_27)
FNDA:2,(anonymous_28)
FNDA:2,(anonymous_29)
FNDA:1,(anonymous_30)
FNDA:1,(anonymous_31)
FNDA:2,(anonymous_32)
FNDA:10,(anonymous_33)
FNDA:40,(anonymous_34)
FNDA:1,(anonymous_35)
FNDA:7,(anonymous_36)
DA:7,1
DA:8,1
DA:16,1
DA:17,10
DA:18,10
DA:19,10
DA:20,10
DA:21,60
DA:22,10
DA:23,0
DA:24,0
DA:25,0
DA:26,0
DA:27,0
DA:29,10
DA:31,0
DA:32,0
DA:47,1
DA:48,1
DA:52,1
DA:53,1
DA:54,0
DA:57,0
DA:58,0
DA:61,0
DA:62,0
DA:64,0
DA:66,0
DA:69,0
DA:70,0
DA:73,0
DA:74,0
DA:77,0
DA:78,0
DA:81,0
DA:82,0
DA:84,0
DA:87,1
DA:89,1
DA:92,0
DA:93,0
DA:96,0
DA:97,0
DA:99,1
DA:101,1
DA:103,0
DA:106,0
DA:107,0
DA:110,0
DA:111,0
DA:114,0
DA:115,0
DA:117,0
DA:119,0
DA:121,0
DA:124,0
DA:125,0
DA:128,0
DA:129,0
DA:132,0
DA:133,0
DA:136,0
DA:137,0
DA:140,0
DA:141,0
DA:144,0
DA:145,0
DA:148,0
DA:149,0
DA:151,0
DA:153,0
DA:155,0
DA:158,0
DA:159,0
DA:162,0
DA:163,0
DA:166,0
DA:167,0
DA:170,0
DA:171,0
DA:173,0
DA:175,0
DA:177,0
DA:179,0
DA:181,0
DA:182,0
DA:184,0
DA:185,0
DA:186,0
DA:187,0
DA:189,0
DA:191,0
DA:195,1
DA:198,1
DA:215,1
DA:216,1
DA:217,1
DA:220,1
DA:221,1
DA:223,1
DA:224,1
DA:225,1
DA:226,0
DA:227,0
DA:228,0
DA:229,0
DA:230,0
DA:233,0
DA:234,0
DA:237,1
DA:240,0
DA:242,0
DA:243,0
DA:244,0
DA:247,0
DA:252,0
DA:253,0
DA:254,0
DA:255,0
DA:256,0
DA:257,0
DA:259,1
DA:261,0
DA:262,0
DA:272,1
DA:273,10
DA:274,10
DA:275,10
DA:276,0
DA:278,10
DA:279,10
DA:281,10
DA:283,0
DA:284,0
DA:288,1
DA:289,14
DA:290,14
DA:291,1
DA:293,13
DA:294,13
DA:295,13
DA:302,13
DA:304,13
DA:305,13
DA:306,13
DA:308,1
DA:309,1
DA:319,1
DA:320,10
DA:321,10
DA:322,10
DA:323,9
DA:324,9
DA:326,1
DA:327,1
DA:328,1
DA:329,5
DA:332,10
DA:334,0
DA:335,0
DA:339,1
DA:340,12
DA:341,12
DA:348,2
DA:349,2
DA:350,0
DA:352,2
DA:353,2
DA:354,0
DA:355,0
DA:356,0
DA:358,0
DA:359,0
DA:388,10
DA:389,1
DA:390,1
DA:391,0
DA:393,1
DA:394,1
DA:395,1
DA:396,1
DA:399,12
DA:401,0
DA:402,0
DA:430,1
DA:432,10
DA:433,0
DA:435,10
DA:437,10
DA:439,0
DA:444,10
DA:449,0
DA:451,10
DA:453,10
DA:455,0
DA:460,10
DA:462,20
DA:464,0
DA:469,10
DA:471,20
DA:473,0
DA:477,1
DA:478,1
DA:479,1
DA:480,1
DA:481,1
DA:483,1
DA:487,1
DA:491,1
DA:495,1
DA:499,1
DA:510,1
DA:511,15
DA:512,15
DA:513,15
DA:514,0
DA:515,15
DA:516,0
DA:518,15
DA:526,15
DA:527,15
DA:534,15
DA:535,0
DA:536,0
DA:537,0
DA:538,0
DA:543,0
DA:546,0
DA:550,15
DA:551,0
DA:552,0
DA:553,0
DA:554,0
DA:555,0
DA:556,0
DA:557,0
DA:559,0
DA:562,0
DA:565,15
DA:566,15
DA:568,0
DA:570,0
DA:571,0
DA:582,1
DA:583,1
DA:584,1
DA:587,1
DA:588,1
DA:617,1
DA:620,1
DA:621,1
DA:622,1
DA:623,0
DA:624,0
DA:625,0
DA:626,0
DA:627,0
DA:629,0
DA:630,0
DA:632,0
DA:634,0
DA:636,0
DA:637,0
DA:638,0
DA:639,0
DA:640,0
DA:641,0
DA:642,0
DA:643,0
DA:644,0
DA:647,0
DA:649,0
DA:651,0
DA:652,0
DA:664,1
DA:665,1
DA:666,1
DA:672,1
DA:673,1
DA:674,1
DA:675,1
DA:678,1
DA:679,0
DA:680,0
DA:681,0
DA:682,0
DA:684,0
DA:685,0
DA:686,0
DA:687,0
DA:688,0
DA:689,0
DA:691,0
DA:693,0
DA:694,0
DA:708,1
DA:709,1
DA:710,1
DA:716,1
DA:717,0
DA:718,0
DA:720,1
DA:721,0
DA:722,0
DA:725,1
DA:726,1
DA:727,1
DA:728,1
DA:729,0
DA:731,1
DA:732,1
DA:737,1
DA:742,1
DA:745,1
DA:746,1
DA:747,1
DA:750,1
DA:751,1
DA:752,1
DA:754,1
DA:758,0
DA:759,0
DA:762,1
DA:763,1
DA:764,1
DA:766,0
DA:767,0
DA:769,0
DA:770,0
DA:782,1
DA:783,0
DA:784,0
DA:787,0
DA:788,0
DA:789,0
DA:790,0
DA:792,0
DA:802,0
DA:803,0
DA:805,0
DA:857,1
DA:858,2
DA:859,2
DA:861,2
DA:863,1
DA:864,1
DA:867,0
DA:868,0
DA:870,0
DA:871,0
DA:873,1
DA:874,1
DA:877,0
DA:879,0
DA:880,0
DA:882,0
DA:884,0
DA:886,2
DA:889,0
DA:890,0
DA:903,1
DA:904,2
DA:905,2
DA:910,2
DA:911,1
DA:912,1
DA:917,0
DA:920,2
DA:921,2
DA:922,2
DA:923,1
DA:924,1
DA:926,0
DA:929,2
DA:932,2
DA:934,0
DA:935,0
DA:938,0
DA:939,0
DA:949,1
DA:950,1
DA:951,1
DA:952,1
DA:954,1
DA:964,1
DA:965,1
DA:972,1
DA:975,1
DA:976,0
DA:978,1
DA:980,1
DA:983,1
DA:984,1
DA:985,0
DA:987,1
DA:988,1
DA:989,0
DA:991,1
DA:992,1
DA:994,0
DA:995,0
DA:1005,1
DA:1006,2
DA:1007,2
DA:1008,2
DA:1009,40
DA:1011,2
DA:1012,2
DA:1014,0
DA:1028,1
DA:1029,1
DA:1030,1
DA:1031,1
DA:1033,1
DA:1034,1
DA:1035,1
DA:1036,1
DA:1037,1
DA:1039,0
DA:1052,1
DA:1063,1
DA:1074,1
DA:1084,1
DA:1086,1
DA:1087,7
DA:1088,7
DA:1136,1
DA:1137,1
DA:1138,1
DA:1140,1
DA:1141,1
DA:1142,1
DA:1143,1
DA:1144,1
DA:1145,1
DA:1146,1
LF:436
LH:222
BRDA:18,0,0,0
BRDA:18,0,1,10
BRDA:18,1,0,10
BRDA:18,1,1,10
BRDA:19,2,0,10
BRDA:19,2,1,0
BRDA:23,3,0,0
BRDA:23,3,1,0
BRDA:52,4,0,0
BRDA:52,4,1,1
BRDA:52,5,0,1
BRDA:52,5,1,1
BRDA:53,6,0,0
BRDA:53,6,1,1
BRDA:53,7,0,1
BRDA:53,7,1,1
BRDA:54,8,0,0
BRDA:54,8,1,0
BRDA:54,8,2,0
BRDA:54,8,3,0
BRDA:54,8,4,0
BRDA:54,8,5,0
BRDA:54,8,6,0
BRDA:61,9,0,0
BRDA:61,9,1,0
BRDA:87,10,0,1
BRDA:87,10,1,0
BRDA:87,10,2,0
BRDA:87,10,3,0
BRDA:87,10,4,0
BRDA:87,10,5,0
BRDA:87,10,6,0
BRDA:89,11,0,0
BRDA:89,11,1,0
BRDA:89,11,2,1
BRDA:103,12,0,0
BRDA:103,12,1,0
BRDA:103,12,2,0
BRDA:103,12,3,0
BRDA:121,13,0,0
BRDA:121,13,1,0
BRDA:121,13,2,0
BRDA:121,13,3,0
BRDA:121,13,4,0
BRDA:121,13,5,0
BRDA:121,13,6,0
BRDA:121,13,7,0
BRDA:155,14,0,0
BRDA:155,14,1,0
BRDA:155,14,2,0
BRDA:155,14,3,0
BRDA:155,14,4,0
BRDA:170,15,0,0
BRDA:170,15,1,0
BRDA:184,16,0,0
BRDA:184,16,1,0
BRDA:186,17,0,0
BRDA:186,17,1,0
BRDA:224,18,0,0
BRDA:224,18,1,1
BRDA:224,19,0,1
BRDA:224,19,1,1
BRDA:225,20,0,0
BRDA:225,20,1,1
BRDA:228,21,0,0
BRDA:228,21,1,0
BRDA:228,22,0,0
BRDA:228,22,1,0
BRDA:230,23,0,0
BRDA:230,23,1,0
BRDA:230,24,0,0
BRDA:230,24,1,0
BRDA:237,25,0,1
BRDA:237,25,1,0
BRDA:240,26,0,0
BRDA:240,26,1,0
BRDA:242,27,0,0
BRDA:242,27,1,0
BRDA:253,28,0,0
BRDA:253,28,1,0
BRDA:275,29,0,0
BRDA:275,29,1,10
BRDA:278,30,0,10
BRDA:278,30,1,0
BRDA:278,31,0,10
BRDA:278,31,1,10
BRDA:290,32,0,1
BRDA:290,32,1,13
BRDA:290,33,0,14
BRDA:290,33,1,13
BRDA:290,33,2,13
BRDA:322,34,0,9
BRDA:322,34,1,1
BRDA:322,35,0,10
BRDA:322,35,1,10
BRDA:322,35,2,9
BRDA:328,36,0,1
BRDA:328,36,1,0
BRDA:328,37,0,1
BRDA:328,37,1,1
BRDA:341,38,0,2
BRDA:341,38,1,10
BRDA:342,39,0,12
BRDA:342,39,1,10
BRDA:342,39,2,10
BRDA:348,40,0,2
BRDA:348,40,1,0
BRDA:349,41,0,0
BRDA:349,41,1,2
BRDA:349,42,0,2
BRDA:349,42,1,2
BRDA:353,43,0,0
BRDA:353,43,1,2
BRDA:353,44,0,2
BRDA:353,44,1,2
BRDA:354,45,0,0
BRDA:354,45,1,0
BRDA:355,46,0,0
BRDA:355,46,1,0
BRDA:358,47,0,0
BRDA:358,47,1,0
BRDA:388,48,0,1
BRDA:388,48,1,9
BRDA:388,49,0,10
BRDA:388,49,1,9
BRDA:389,50,0,1
BRDA:389,50,1,0
BRDA:390,51,0,0
BRDA:390,51,1,1
BRDA:390,52,0,1
BRDA:390,52,1,1
BRDA:394,53,0,1
BRDA:394,53,1,0
BRDA:395,54,0,0
BRDA:395,54,1,1
BRDA:432,55,0,0
BRDA:432,55,1,10
BRDA:432,56,0,10
BRDA:432,56,1,10
BRDA:432,56,2,10
BRDA:437,57,0,0
BRDA:437,57,1,10
BRDA:444,58,0,0
BRDA:444,58,1,10
BRDA:445,59,0,10
BRDA:445,59,1,10
BRDA:445,59,2,10
BRDA:453,60,0,0
BRDA:453,60,1,10
BRDA:460,61,0,0
BRDA:460,61,1,10
BRDA:461,62,0,10
BRDA:461,62,1,10
BRDA:469,63,0,0
BRDA:469,63,1,10
BRDA:470,64,0,10
BRDA:470,64,1,10
BRDA:512,65,0,15
BRDA:512,65,1,0
BRDA:513,66,0,0
BRDA:513,66,1,15
BRDA:513,67,0,15
BRDA:513,67,1,2
BRDA:515,68,0,0
BRDA:515,68,1,15
BRDA:526,69,0,15
BRDA:526,69,1,0
BRDA:526,70,0,15
BRDA:526,70,1,15
BRDA:526,70,2,15
BRDA:534,71,0,0
BRDA:534,71,1,15
BRDA:534,72,0,15
BRDA:534,72,1,2
BRDA:534,72,2,2
BRDA:538,73,0,0
BRDA:538,73,1,0
BRDA:539,74,0,0
BRDA:539,74,1,0
BRDA:539,74,2,0
BRDA:550,75,0,0
BRDA:550,75,1,15
BRDA:550,76,0,15
BRDA:550,76,1,14
BRDA:587,77,0,1
BRDA:587,77,1,0
BRDA:587,78,0,1
BRDA:587,78,1,1
BRDA:587,78,2,1
BRDA:590,79,0,1
BRDA:590,79,1,0
BRDA:602,80,0,1
BRDA:602,80,1,0
BRDA:603,81,0,1
BRDA:603,81,1,1
BRDA:604,82,0,1
BRDA:604,82,1,0
BRDA:605,83,0,1
BRDA:605,83,1,0
BRDA:606,84,0,1
BRDA:606,84,1,0
BRDA:607,85,0,1
BRDA:607,85,1,0
BRDA:623,86,0,0
BRDA:623,86,1,0
BRDA:623,87,0,0
BRDA:623,87,1,0
BRDA:629,88,0,0
BRDA:629,88,1,0
BRDA:673,89,0,1
BRDA:673,89,1,0
BRDA:673,90,0,1
BRDA:673,90,1,1
BRDA:679,91,0,0
BRDA:679,91,1,0
BRDA:679,92,0,0
BRDA:679,92,1,0
BRDA:681,93,0,0
BRDA:681,93,1,0
BRDA:716,94,0,0
BRDA:716,94,1,1
BRDA:720,95,0,0
BRDA:720,95,1,1
BRDA:720,96,0,1
BRDA:720,96,1,1
BRDA:720,96,2,1
BRDA:726,97,0,1
BRDA:726,97,1,0
BRDA:728,98,0,0
BRDA:728,98,1,1
BRDA:728,99,0,1
BRDA:728,99,1,1
BRDA:746,100,0,1
BRDA:746,100,1,0
BRDA:751,101,0,1
BRDA:751,101,1,0
BRDA:751,102,0,1
BRDA:751,102,1,1
BRDA:754,103,0,0
BRDA:754,103,1,1
BRDA:755,104,0,1
BRDA:755,104,1,1
BRDA:789,105,0,0
BRDA:789,105,1,0
BRDA:792,106,0,0
BRDA:792,106,1,0
BRDA:861,107,0,1
BRDA:861,107,1,0
BRDA:861,107,2,0
BRDA:861,107,3,1
BRDA:861,107,4,0
BRDA:861,107,5,0
BRDA:861,107,6,0
BRDA:861,107,7,0
BRDA:906,108,0,2
BRDA:906,108,1,1
BRDA:907,109,0,2
BRDA:907,109,1,1
BRDA:910,110,0,1
BRDA:910,110,1,1
BRDA:910,111,0,2
BRDA:910,111,1,1
BRDA:920,112,0,2
BRDA:920,112,1,0
BRDA:920,113,0,2
BRDA:920,113,1,2
BRDA:922,114,0,1
BRDA:922,114,1,1
BRDA:923,115,0,1
BRDA:923,115,1,0
BRDA:923,116,0,1
BRDA:923,116,1,1
BRDA:952,117,0,0
BRDA:952,117,1,1
BRDA:975,118,0,0
BRDA:975,118,1,1
BRDA:975,119,0,1
BRDA:975,119,1,1
BRDA:984,120,0,0
BRDA:984,120,1,1
BRDA:984,121,0,1
BRDA:984,121,1,1
BRDA:988,122,0,0
BRDA:988,122,1,1
BRDA:988,123,0,1
BRDA:988,123,1,0
BRDA:988,123,2,0
BRDA:1005,124,0,2
BRDA:1006,125,0,0
BRDA:1006,125,1,2
BRDA:1006,126,0,2
BRDA:1006,126,1,2
BRDA:1007,127,0,2
BRDA:1007,127,1,0
BRDA:1030,128,0,0
BRDA:1030,128,1,1
BRDA:1030,129,0,1
BRDA:1030,129,1,1
BRDA:1036,130,0,0
BRDA:1036,130,1,1
BRDA:1036,131,0,1
BRDA:1036,131,1,1
BRDA:1036,131,2,0
BRF:303
BRH:157
end_of_record
TN:
SF:/home/ed/Aloes/device-manager/src/models/team.js
FN:3,(anonymous_0)
FN:6,(anonymous_1)
FN:26,(anonymous_2)
FNF:3
FNH:1
FNDA:1,(anonymous_0)
FNDA:0,(anonymous_1)
FNDA:0,(anonymous_2)
DA:3,1
DA:4,1
DA:6,1
DA:7,0
DA:8,0
DA:9,0
DA:10,0
DA:17,0
DA:18,0
DA:21,0
DA:23,0
DA:26,1
DA:27,0
DA:28,0
DA:29,0
DA:30,0
DA:31,0
DA:38,0
DA:39,0
DA:41,0
DA:43,0
DA:45,0
LF:22
LH:4
BRDA:8,0,0,0
BRDA:8,0,1,0
BRDA:9,1,0,0
BRDA:9,1,1,0
BRDA:17,2,0,0
BRDA:17,2,1,0
BRDA:17,3,0,0
BRDA:17,3,1,0
BRDA:17,3,2,0
BRDA:30,4,0,0
BRDA:30,4,1,0
BRDA:30,5,0,0
BRDA:30,5,1,0
BRDA:38,6,0,0
BRDA:38,6,1,0
BRDA:38,7,0,0
BRDA:38,7,1,0
BRDA:38,7,2,0
BRF:18
BRH:0
end_of_record
TN:
SF:/home/ed/Aloes/device-manager/src/models/user.js
FN:9,(anonymous_0)
FN:52,(anonymous_1)
FN:89,(anonymous_2)
FN:123,(anonymous_3)
FN:163,(anonymous_4)
FN:172,(anonymous_5)
FN:182,(anonymous_6)
FN:251,(anonymous_7)
FN:264,(anonymous_8)
FN:294,(anonymous_9)
FN:324,(anonymous_10)
FN:358,(anonymous_11)
FN:392,(anonymous_12)
FN:407,(anonymous_13)
FN:494,(anonymous_14)
FN:496,(anonymous_15)
FNF:16
FNH:13
FNDA:16,(anonymous_0)
FNDA:37,(anonymous_1)
FNDA:37,(anonymous_2)
FNDA:16,(anonymous_3)
FNDA:6,(anonymous_4)
FNDA:16,(anonymous_5)
FNDA:116,(anonymous_6)
FNDA:1,(anonymous_7)
FNDA:1,(anonymous_8)
FNDA:1,(anonymous_9)
FNDA:1,(anonymous_10)
FNDA:1,(anonymous_11)
FNDA:0,(anonymous_12)
FNDA:0,(anonymous_13)
FNDA:116,(anonymous_14)
FNDA:0,(anonymous_15)
DA:7,1
DA:9,1
DA:10,16
DA:11,16
DA:12,16
DA:13,16
DA:24,16
DA:25,16
DA:27,0
DA:28,0
DA:29,0
DA:33,16
DA:34,16
DA:39,16
DA:41,0
DA:42,0
DA:52,1
DA:53,37
DA:55,37
DA:56,37
DA:57,5
DA:59,5
DA:60,5
DA:61,4
DA:63,5
DA:64,5
DA:65,32
DA:66,32
DA:67,32
DA:68,32
DA:69,22
DA:71,10
DA:74,37
DA:75,37
DA:76,37
DA:78,0
DA:79,0
DA:89,1
DA:90,37
DA:91,37
DA:92,37
DA:95,5
DA:97,32
DA:98,16
DA:99,16
DA:101,0
DA:102,0
DA:107,0
DA:111,32
DA:112,16
DA:113,16
DA:115,32
DA:116,32
DA:118,0
DA:119,0
DA:123,1
DA:124,16
DA:125,16
DA:127,16
DA:129,12
DA:131,16
DA:132,16
DA:134,16
DA:135,8
DA:137,16
DA:138,0
DA:140,16
DA:141,0
DA:143,16
DA:144,16
DA:146,0
DA:149,16
DA:150,16
DA:152,0
DA:153,0
DA:163,1
DA:164,6
DA:165,6
DA:166,6
DA:167,0
DA:168,0
DA:170,6
DA:171,6
DA:172,16
DA:174,6
DA:175,6
DA:177,0
DA:178,0
DA:182,1
DA:183,116
DA:184,116
DA:191,5
DA:192,5
DA:193,5
DA:194,5
DA:195,5
DA:198,5
DA:200,5
DA:202,5
DA:203,1
DA:204,1
DA:206,4
DA:207,1
DA:208,1
DA:210,111
DA:211,5
DA:212,5
DA:213,5
DA:214,5
DA:216,5
DA:217,2
DA:218,2
DA:220,106
DA:221,91
DA:222,91
DA:224,91
DA:225,91
DA:226,91
DA:228,0
DA:229,0
DA:232,21
DA:234,4
DA:235,4
DA:251,1
DA:253,1
DA:264,1
DA:265,1
DA:266,1
DA:267,1
DA:275,1
DA:276,0
DA:277,0
DA:280,1
DA:281,1
DA:283,0
DA:284,0
DA:294,1
DA:295,1
DA:296,1
DA:297,1
DA:304,1
DA:305,0
DA:306,0
DA:308,1
DA:309,1
DA:310,1
DA:312,0
DA:313,0
DA:324,1
DA:325,1
DA:326,1
DA:328,1
DA:329,0
DA:330,0
DA:332,1
DA:333,1
DA:334,0
DA:335,0
DA:337,1
DA:338,1
DA:339,0
DA:340,0
DA:342,1
DA:343,1
DA:345,0
DA:346,0
DA:358,1
DA:359,1
DA:361,1
DA:362,0
DA:363,0
DA:365,1
DA:366,1
DA:367,1
DA:368,1
DA:369,0
DA:370,0
DA:372,1
DA:373,1
DA:374,0
DA:375,0
DA:377,1
DA:379,1
DA:381,0
DA:382,0
DA:392,1
DA:393,0
DA:394,0
DA:395,0
DA:396,0
DA:397,0
DA:399,0
DA:400,0
DA:402,0
DA:403,0
DA:407,1
DA:408,0
DA:409,0
DA:410,0
DA:411,0
DA:413,0
DA:414,0
DA:416,0
DA:417,0
DA:427,1
DA:435,1
DA:443,1
DA:451,1
DA:462,1
DA:473,1
DA:484,1
DA:494,116
DA:496,1
DA:497,0
DA:498,0
DA:499,0
DA:512,1
DA:513,1
DA:514,1
DA:515,1
DA:517,1
DA:518,1
DA:519,1
DA:520,1
DA:521,1
DA:522,1
DA:523,1
DA:524,1
DA:525,1
DA:526,1
DA:528,1
DA:529,1
DA:530,1
DA:531,1
DA:532,1
DA:533,1
DA:534,1
DA:535,1
DA:536,1
DA:537,1
DA:539,1
DA:540,1
DA:541,1
DA:542,1
DA:543,1
DA:544,1
DA:545,1
DA:546,1
DA:547,1
DA:548,1
DA:550,1
DA:551,1
DA:552,1
DA:553,1
DA:554,1
DA:555,1
DA:556,1
DA:557,1
DA:558,1
DA:559,1
DA:560,1
DA:561,1
DA:563,1
DA:564,1
DA:565,1
DA:566,1
DA:567,1
DA:568,1
DA:569,1
DA:570,1
DA:572,1
DA:573,1
DA:574,1
DA:575,1
DA:576,1
DA:577,1
DA:578,1
DA:579,1
DA:581,1
DA:582,1
DA:583,1
DA:584,1
DA:585,1
DA:586,1
DA:587,1
DA:588,1
LF:286
LH:219
BRDA:12,0,0,16
BRDA:12,0,1,0
BRDA:12,1,0,16
BRDA:12,1,1,16
BRDA:28,2,0,0
BRDA:28,2,1,0
BRDA:33,3,0,16
BRDA:33,3,1,0
BRDA:56,4,0,5
BRDA:56,4,1,32
BRDA:60,5,0,4
BRDA:60,5,1,1
BRDA:60,6,0,5
BRDA:60,6,1,1
BRDA:65,7,0,32
BRDA:65,7,1,0
BRDA:68,8,0,22
BRDA:68,8,1,10
BRDA:74,9,0,37
BRDA:74,9,1,32
BRDA:74,9,2,0
BRDA:92,10,0,5
[...]
DA:818,0
LF:310
LH:220
BRDA:28,0,0,1
BRDA:28,0,1,0
BRDA:28,1,0,1
BRDA:28,1,1,0
BRDA:48,2,0,0
BRDA:48,2,1,0
BRDA:48,3,0,0
BRDA:48,3,1,0
BRDA:63,4,0,1
BRDA:63,4,1,0
BRDA:63,5,0,1
BRDA:63,5,1,0
BRDA:104,6,0,74
BRDA:104,6,1,160
BRDA:119,7,0,0
BRDA:119,7,1,18
BRDA:120,8,0,18
BRDA:120,8,1,0
BRDA:134,9,0,0
BRDA:134,9,1,13
BRDA:134,10,0,13
BRDA:134,10,1,13
BRDA:164,11,0,0
BRDA:164,11,1,9
BRDA:164,12,0,9
BRDA:164,12,1,9
BRDA:168,13,0,9
BRDA:168,13,1,0
BRDA:184,14,0,10
BRDA:184,14,1,0
BRDA:184,15,0,10
BRDA:184,15,1,10
BRDA:188,16,0,0
BRDA:188,16,1,9
BRDA:188,17,0,9
BRDA:188,17,1,9
BRDA:196,18,0,7
BRDA:196,18,1,2
BRDA:198,19,0,0
BRDA:198,19,1,7
BRDA:198,20,0,7
BRDA:198,20,1,7
BRDA:198,20,2,7
BRDA:233,21,0,11
BRDA:233,21,1,0
BRDA:233,22,0,11
BRDA:233,22,1,11
BRDA:264,23,0,14
BRDA:264,23,1,0
BRDA:267,24,0,0
BRDA:267,24,1,14
BRDA:267,25,0,14
BRDA:267,25,1,14
BRDA:269,26,0,1
BRDA:269,26,1,13
BRDA:269,27,0,14
BRDA:269,27,1,13
BRDA:269,27,2,13
BRDA:269,27,3,13
BRDA:273,28,0,1
BRDA:273,28,1,12
BRDA:274,29,0,13
BRDA:274,29,1,1
BRDA:274,29,2,1
BRDA:290,30,0,11
BRDA:290,30,1,0
BRDA:296,31,0,5
BRDA:296,31,1,7
BRDA:296,32,0,12
BRDA:296,32,1,12
BRDA:296,32,2,12
BRDA:302,33,0,0
BRDA:302,33,1,7
BRDA:309,34,0,1
BRDA:309,34,1,0
BRDA:326,35,0,0
BRDA:326,35,1,70
BRDA:329,36,0,70
BRDA:329,36,1,0
BRDA:330,37,0,0
BRDA:330,37,1,70
BRDA:336,38,0,66
BRDA:336,38,1,4
BRDA:337,39,0,70
BRDA:337,39,1,66
BRDA:337,39,2,66
BRDA:337,39,3,0
BRDA:346,40,0,3
BRDA:346,40,1,1
BRDA:346,41,0,4
BRDA:346,41,1,4
BRDA:353,42,0,0
BRDA:353,42,1,1
BRDA:353,43,0,1
BRDA:353,43,1,0
BRDA:359,44,0,0
BRDA:359,44,1,1
BRDA:359,45,0,1
BRDA:359,45,1,0
BRDA:381,46,0,0
BRDA:381,46,1,3
BRDA:385,47,0,3
BRDA:385,47,1,0
BRDA:386,48,0,0
BRDA:386,48,1,3
BRDA:391,49,0,3
BRDA:391,49,1,0
BRDA:392,50,0,3
BRDA:392,50,1,3
BRDA:392,50,2,3
BRDA:392,50,3,2
BRDA:392,50,4,1
BRDA:392,50,5,1
BRDA:405,51,0,0
BRDA:405,51,1,0
BRDA:405,52,0,0
BRDA:405,52,1,0
BRDA:411,53,0,0
BRDA:411,53,1,0
BRDA:411,54,0,0
BRDA:411,54,1,0
BRDA:417,55,0,0
BRDA:417,55,1,0
BRDA:417,56,0,0
BRDA:417,56,1,0
BRDA:465,57,0,85
BRDA:465,57,1,69
BRDA:466,58,0,66
BRDA:466,58,1,3
BRDA:468,59,0,66
BRDA:468,59,1,0
BRDA:474,60,0,0
BRDA:474,60,1,0
BRDA:480,61,0,3
BRDA:480,61,1,0
BRDA:480,62,0,3
BRDA:480,62,1,3
BRDA:483,63,0,0
BRDA:483,63,1,2
BRDA:483,64,0,2
BRDA:483,64,1,2
BRDA:487,65,0,0
BRDA:487,65,1,2
BRDA:487,66,0,2
BRDA:487,66,1,2
BRDA:487,66,2,2
BRDA:492,67,0,2
BRDA:492,67,1,0
BRDA:494,68,0,0
BRDA:494,68,1,0
BRDA:494,69,0,0
BRDA:494,69,1,0
BRDA:529,70,0,0
BRDA:529,70,1,75
BRDA:531,71,0,0
BRDA:531,71,1,75
BRDA:533,72,0,0
BRDA:533,72,1,75
BRDA:535,73,0,75
BRDA:535,73,1,0
BRDA:537,74,0,0
BRDA:537,74,1,75
BRDA:559,75,0,0
BRDA:559,75,1,1
BRDA:566,76,0,9
BRDA:566,76,1,5
BRDA:568,77,0,9
BRDA:568,77,1,0
BRDA:578,78,0,69
BRDA:578,78,1,1
BRDA:585,79,0,3
BRDA:585,79,1,0
BRDA:677,80,0,1
BRDA:677,80,1,0
BRDA:693,81,0,1
BRDA:693,81,1,0
BRDA:695,82,0,0
BRDA:695,82,1,1
BRDA:709,83,0,0
BRDA:709,83,1,1
BRDA:709,84,0,1
BRDA:709,84,1,0
BRDA:765,85,0,0
BRDA:765,85,1,1
BRDA:765,86,0,1
BRDA:765,86,1,1
BRDA:778,87,0,1
BRDA:778,87,1,0
BRDA:778,88,0,1
BRDA:778,88,1,0
BRDA:786,89,0,0
BRDA:786,89,1,0
BRDA:786,90,0,0
BRDA:786,90,1,0
BRDA:807,91,0,0
BRDA:807,91,1,1
BRDA:807,92,0,1
BRDA:807,92,1,0
BRF:198
BRH:119
end_of_record
TN:
SF:/home/ed/Aloes/device-manager/src/services/delta-timer.js
FN:3,(anonymous_0)
FN:11,(anonymous_1)
FN:30,(anonymous_2)
FN:41,(anonymous_3)
FN:51,(anonymous_4)
FNF:5
FNH:3
FNDA:1,(anonymous_0)
FNDA:7,(anonymous_1)
FNDA:1,(anonymous_2)
FNDA:0,(anonymous_3)
FNDA:0,(anonymous_4)
DA:3,1
DA:4,1
DA:6,1
DA:7,1
DA:8,1
DA:9,1
DA:11,1
DA:12,7
DA:13,7
DA:14,7
DA:15,7
DA:16,7
DA:17,7
DA:18,7
DA:19,7
DA:20,7
DA:21,7
DA:22,7
DA:23,7
DA:24,7
DA:26,0
DA:30,1
DA:31,1
DA:32,1
DA:33,1
DA:34,1
DA:35,1
DA:37,0
DA:41,1
DA:42,0
DA:43,0
DA:44,0
DA:45,0
DA:47,0
DA:51,1
DA:52,0
DA:53,0
DA:54,0
DA:57,1
DA:58,1
DA:59,1
DA:60,1
DA:62,0
LF:43
LH:32
BRDA:23,0,0,6
BRDA:23,0,1,1
BRF:2
BRH:2
end_of_record
TN:
SF:/home/ed/Aloes/device-manager/src/services/logger.js
FN:26,(anonymous_0)
FN:46,(anonymous_1)
FN:92,(anonymous_2)
FNF:3
FNH:3
FNDA:2234,(anonymous_0)
FNDA:2234,(anonymous_1)
FNDA:2420,(anonymous_2)
DA:4,1
DA:23,1
DA:24,1
DA:26,1
DA:28,2234
DA:29,2234
DA:30,1465
DA:33,39
DA:35,1426
DA:37,769
DA:38,769
DA:40,2234
DA:41,133
DA:43,2234
DA:46,1
DA:47,2234
DA:49,417
DA:50,417
DA:52,135
DA:53,135
DA:55,0
DA:56,0
DA:58,257
DA:59,257
DA:61,0
DA:62,0
DA:64,470
DA:65,470
DA:67,379
DA:68,379
DA:70,9
DA:71,9
DA:73,245
DA:74,245
DA:76,71
DA:77,71
DA:79,47
DA:80,47
DA:82,39
DA:83,39
DA:85,4
DA:86,4
DA:88,161
DA:92,1
DA:93,2420
DA:94,2420
DA:95,2234
DA:96,2234
DA:97,2234
DA:98,0
DA:103,2234
DA:104,0
DA:105,0
DA:106,0
DA:109,2234
DA:110,186
DA:111,186
DA:114,0
LF:58
LH:49
BRDA:29,0,0,1465
BRDA:29,0,1,769
BRDA:30,1,0,39
BRDA:30,1,1,1426
BRDA:37,2,0,769
BRDA:37,2,1,0
BRDA:40,3,0,133
BRDA:40,3,1,2101
BRDA:40,4,0,2234
BRDA:40,4,1,2234
BRDA:47,5,0,417
BRDA:47,5,1,135
BRDA:47,5,2,0
BRDA:47,5,3,257
BRDA:47,5,4,0
BRDA:47,5,5,470
BRDA:47,5,6,379
BRDA:47,5,7,9
BRDA:47,5,8,245
BRDA:47,5,9,71
BRDA:47,5,10,47
BRDA:47,5,11,39
BRDA:47,5,12,4
BRDA:47,5,13,161
BRDA:93,6,0,2420
BRDA:93,6,1,1
BRDA:94,7,0,2234
BRDA:94,7,1,186
BRDA:97,8,0,0
BRDA:97,8,1,2234
BRDA:97,9,0,2234
BRDA:97,9,1,0
BRDA:103,10,0,0
BRDA:103,10,1,2234
BRDA:103,11,0,2234
BRDA:103,11,1,0
BRDA:105,12,0,0
BRDA:105,12,1,0
BRDA:110,13,0,186
BRDA:110,13,1,0
BRF:40
BRH:30
end_of_record
TN:
SF:/home/ed/Aloes/device-manager/src/services/mails.js
FN:66,(anonymous_0)
FN:67,(anonymous_1)
FN:68,(anonymous_2)
FN:77,(anonymous_3)
FN:103,(anonymous_4)
FN:104,(anonymous_5)
FN:105,(anonymous_6)
FN:114,(anonymous_7)
FN:147,(anonymous_8)
FN:171,(anonymous_9)
FN:189,(anonymous_10)
FNF:11
FNH:9
FNDA:1,(anonymous_0)
FNDA:1,(anonymous_1)
FNDA:1,(anonymous_2)
FNDA:1,(anonymous_3)
FNDA:16,(anonymous_4)
FNDA:16,(anonymous_5)
FNDA:16,(anonymous_6)
FNDA:16,(anonymous_7)
FNDA:1,(anonymous_8)
FNDA:0,(anonymous_9)
FNDA:0,(anonymous_10)
DA:5,1
DA:6,1
DA:7,1
DA:8,1
DA:9,1
DA:10,1
DA:12,1
DA:17,1
DA:32,1
DA:59,1
DA:66,1
DA:67,1
DA:68,1
DA:77,1
DA:78,1
DA:79,1
DA:80,1
DA:81,1
DA:85,1
DA:87,0
DA:88,0
DA:90,1
DA:91,1
DA:93,0
DA:94,0
DA:103,1
DA:104,16
DA:105,16
DA:114,1
DA:115,16
DA:116,16
DA:118,16
DA:128,16
DA:134,16
DA:135,16
DA:137,0
DA:138,0
DA:147,1
DA:148,1
DA:149,1
DA:158,1
DA:159,1
DA:161,0
DA:162,0
DA:171,1
DA:172,0
DA:173,0
DA:182,0
DA:183,0
DA:185,0
DA:189,1
DA:190,0
DA:191,0
DA:200,0
DA:201,0
DA:203,0
LF:56
LH:38
BRDA:24,0,0,0
BRDA:24,0,1,1
BRDA:68,1,0,0
BRDA:68,1,1,1
BRDA:85,2,0,0
BRDA:85,2,1,1
BRDA:85,3,0,1
BRDA:85,3,1,1
BRDA:85,3,2,1
BRDA:105,4,0,0
BRDA:105,4,1,16
BRF:11
BRH:7
end_of_record
TN:
SF:/home/ed/Aloes/device-manager/src/services/mqtt-client.js
FN:15,(anonymous_0)
FN:21,(anonymous_1)
FN:34,(anonymous_2)
FN:58,(anonymous_3)
FN:101,(anonymous_4)
FN:136,(anonymous_5)
FN:154,(anonymous_6)
FN:188,(anonymous_7)
FN:201,(anonymous_8)
FN:218,(anonymous_9)
FN:253,(anonymous_10)
FN:287,(anonymous_11)
FN:296,(anonymous_12)
FN:305,(anonymous_13)
FN:330,(anonymous_14)
FN:375,(anonymous_15)
FN:379,(anonymous_16)
FN:383,(anonymous_17)
FN:387,(anonymous_18)
FN:418,(anonymous_19)
FN:450,(anonymous_20)
FNF:21
FNH:15
FNDA:5,(anonymous_0)
FNDA:0,(anonymous_1)
FNDA:7,(anonymous_2)
FNDA:2,(anonymous_3)
FNDA:1,(anonymous_4)
FNDA:9,(anonymous_5)
FNDA:2,(anonymous_6)
FNDA:7,(anonymous_7)
FNDA:1,(anonymous_8)
FNDA:2,(anonymous_9)
FNDA:9,(anonymous_10)
FNDA:0,(anonymous_11)
FNDA:0,(anonymous_12)
FNDA:1,(anonymous_13)
FNDA:1,(anonymous_14)
FNDA:0,(anonymous_15)
FNDA:0,(anonymous_16)
FNDA:0,(anonymous_17)
FNDA:9,(anonymous_18)
FNDA:69,(anonymous_19)
FNDA:1,(anonymous_20)
DA:11,1
DA:15,1
DA:16,5
DA:19,1
DA:21,1
DA:22,0
DA:25,1
DA:34,1
DA:35,7
DA:36,7
DA:37,7
DA:38,7
DA:39,7
DA:40,0
DA:41,0
DA:44,7
DA:46,0
DA:58,1
DA:59,2
DA:60,2
DA:61,2
DA:62,2
DA:63,2
DA:64,0
DA:65,2
DA:66,0
DA:67,2
DA:68,2
DA:70,0
DA:77,2
DA:78,2
DA:85,1
DA:87,1
DA:89,0
DA:90,0
DA:101,1
DA:102,1
DA:103,1
DA:104,1
DA:106,0
DA:107,0
DA:108,0
DA:109,0
DA:110,0
DA:111,0
DA:112,0
DA:113,0
DA:114,0
DA:115,0
DA:117,0
DA:119,1
DA:120,1
DA:122,0
DA:123,0
DA:125,0
DA:126,0
DA:128,0
DA:130,1
DA:132,0
DA:136,1
DA:137,9
DA:138,9
DA:139,9
DA:140,0
DA:141,9
DA:142,9
DA:143,9
DA:146,9
DA:147,9
DA:149,0
DA:150,0
DA:154,1
DA:155,2
DA:156,2
DA:158,2
DA:159,0
DA:161,2
DA:162,2
DA:163,2
DA:168,2
DA:169,2
DA:171,0
DA:172,0
DA:173,0
DA:176,0
DA:188,1
DA:189,7
DA:190,7
DA:191,7
DA:192,7
DA:193,7
DA:194,7
DA:196,0
DA:197,0
DA:201,1
DA:202,1
DA:203,1
DA:204,1
DA:218,1
DA:219,2
DA:220,2
DA:221,2
DA:222,2
DA:223,2
DA:224,2
DA:225,2
DA:226,1
DA:230,1
DA:231,1
DA:232,0
DA:234,1
DA:236,1
DA:237,1
DA:239,0
DA:240,0
DA:253,1
DA:254,9
DA:255,9
DA:256,9
DA:257,9
DA:258,7
DA:259,2
DA:260,2
DA:261,2
DA:262,0
DA:263,0
DA:265,0
DA:267,0
DA:268,0
DA:280,1
DA:287,1
DA:288,0
DA:296,1
DA:297,0
DA:305,1
DA:306,1
DA:308,1
DA:309,1
DA:310,1
DA:312,0
DA:321,1
DA:330,1
DA:331,1
DA:333,1
DA:334,1
DA:338,0
DA:340,1
DA:341,1
DA:346,1
DA:360,1
DA:361,1
DA:362,0
DA:363,0
DA:364,0
DA:366,0
DA:368,1
DA:369,1
DA:373,1
DA:375,1
DA:376,0
DA:379,1
DA:380,0
DA:383,1
DA:384,0
DA:387,1
DA:388,9
DA:389,9
DA:392,1
DA:393,1
DA:394,1
DA:396,0
DA:398,0
DA:409,1
DA:418,1
DA:419,69
DA:420,69
DA:421,0
DA:422,69
DA:423,0
DA:424,69
DA:426,69
DA:427,69
DA:429,0
DA:433,69
DA:434,69
DA:435,67
DA:436,66
DA:437,66
DA:439,3
DA:440,3
DA:450,1
DA:451,1
DA:452,1
DA:453,1
DA:454,1
DA:461,1
DA:464,1
DA:465,1
DA:467,0
DA:468,0
DA:477,1
LF:201
LH:139
BRDA:37,0,0,7
BRDA:37,0,1,0
BRDA:37,1,0,7
BRDA:37,1,1,7
BRDA:38,2,0,7
BRDA:38,2,1,0
BRDA:40,3,0,0
BRDA:40,3,1,0
BRDA:62,4,0,2
BRDA:62,4,1,0
BRDA:62,5,0,2
BRDA:62,5,1,2
BRDA:63,6,0,0
BRDA:63,6,1,2
BRDA:63,7,0,2
BRDA:63,7,1,0
BRDA:65,8,0,0
BRDA:65,8,1,2
BRDA:65,9,0,2
BRDA:65,9,1,0
BRDA:67,10,0,2
BRDA:67,10,1,0
BRDA:67,11,0,2
BRDA:67,11,1,2
BRDA:78,12,0,1
BRDA:78,12,1,1
BRDA:79,13,0,2
BRDA:79,13,1,2
BRDA:79,13,2,2
BRDA:79,13,3,2
BRDA:79,13,4,1
BRDA:104,14,0,0
BRDA:104,14,1,1
BRDA:104,14,2,0
BRDA:104,14,3,0
BRDA:104,14,4,0
BRDA:106,15,0,0
BRDA:106,15,1,0
BRDA:106,16,0,0
BRDA:106,16,1,0
BRDA:108,17,0,0
BRDA:108,17,1,0
BRDA:108,18,0,0
BRDA:108,18,1,0
BRDA:110,19,0,0
BRDA:110,19,1,0
BRDA:110,20,0,0
BRDA:110,20,1,0
BRDA:112,21,0,0
BRDA:112,21,1,0
BRDA:112,22,0,0
BRDA:112,22,1,0
BRDA:114,23,0,0
BRDA:114,23,1,0
BRDA:114,24,0,0
BRDA:114,24,1,0
BRDA:139,25,0,0
BRDA:139,25,1,9
BRDA:141,26,0,9
BRDA:141,26,1,0
BRDA:142,27,0,9
BRDA:142,27,1,0
BRDA:158,28,0,0
BRDA:158,28,1,2
BRDA:161,29,0,2
BRDA:161,29,1,0
BRDA:162,30,0,2
BRDA:162,30,1,0
BRDA:162,31,0,2
BRDA:162,31,1,2
BRDA:172,32,0,0
BRDA:172,32,1,0
BRDA:204,33,0,1
BRDA:204,33,1,0
BRDA:225,34,0,1
BRDA:225,34,1,1
BRDA:225,35,0,2
BRDA:225,35,1,1
BRDA:231,36,0,0
BRDA:231,36,1,1
BRDA:231,37,0,1
BRDA:231,37,1,1
BRDA:257,38,0,7
BRDA:257,38,1,2
BRDA:259,39,0,2
BRDA:259,39,1,0
BRDA:262,40,0,0
BRDA:262,40,1,0
BRDA:333,41,0,1
BRDA:333,41,1,0
BRDA:334,42,0,0
BRDA:334,42,1,1
BRDA:360,43,0,1
BRDA:360,43,1,0
BRDA:361,44,0,0
BRDA:361,44,1,1
BRDA:363,45,0,0
BRDA:363,45,1,0
BRDA:418,46,0,0
BRDA:418,47,0,0
BRDA:420,48,0,0
BRDA:420,48,1,69
BRDA:422,49,0,0
BRDA:422,49,1,69
BRDA:424,50,0,69
BRDA:424,50,1,0
BRDA:434,51,0,2
BRDA:434,51,1,67
BRDA:452,52,0,1
BRDA:452,52,1,0
BRDA:452,53,0,1
BRDA:452,53,1,1
BRF:112
BRH:53
end_of_record
TN:
SF:/home/ed/Aloes/device-manager/src/services/role-manager.js
FN:11,(anonymous_0)
FN:20,(anonymous_1)
FN:23,(anonymous_2)
FN:30,(anonymous_3)
FN:49,(anonymous_4)
FN:50,(anonymous_5)
FN:56,(anonymous_6)
FN:67,(anonymous_7)
FN:70,(anonymous_8)
FN:85,(anonymous_9)
FN:97,(anonymous_10)
FN:99,(anonymous_11)
FN:133,(anonymous_12)
FN:143,(anonymous_13)
FN:151,(anonymous_14)
FN:152,(anonymous_15)
FNF:16
FNH:13
FNDA:60,(anonymous_0)
FNDA:1,(anonymous_1)
FNDA:2,(anonymous_2)
FNDA:2,(anonymous_3)
FNDA:97,(anonymous_4)
FNDA:97,(anonymous_5)
FNDA:97,(anonymous_6)
FNDA:97,(anonymous_7)
FNDA:299,(anonymous_8)
FNDA:46,(anonymous_9)
FNDA:47,(anonymous_10)
FNDA:23,(anonymous_11)
FNDA:1,(anonymous_12)
FNDA:0,(anonymous_13)
FNDA:0,(anonymous_14)
FNDA:0,(anonymous_15)
DA:6,1
DA:8,1
DA:11,60
DA:20,1
DA:21,1
DA:22,1
DA:23,1
DA:24,2
DA:25,2
DA:26,2
DA:28,1
DA:30,1
DA:31,2
DA:32,2
DA:34,1
DA:35,1
DA:37,0
DA:38,0
DA:49,1
DA:50,97
DA:51,97
DA:56,97
DA:67,1
DA:68,97
DA:69,97
DA:70,299
DA:72,0
DA:85,1
DA:86,46
DA:87,46
DA:88,23
DA:89,23
DA:92,23
DA:93,0
DA:95,23
DA:97,47
DA:99,23
DA:100,23
DA:101,22
DA:102,22
DA:104,1
DA:105,1
DA:106,1
DA:109,23
DA:110,23
DA:111,23
DA:112,22
DA:118,23
DA:120,0
DA:121,0
DA:133,1
DA:134,1
DA:135,1
DA:136,1
DA:137,1
DA:138,1
DA:143,1
DA:144,0
DA:145,0
DA:148,0
DA:149,0
DA:150,0
DA:151,0
DA:152,0
DA:154,0
DA:155,0
DA:156,0
DA:168,0
DA:169,0
DA:170,0
DA:173,0
DA:179,0
DA:182,0
DA:184,0
DA:187,0
LF:75
LH:51
BRDA:56,0,0,0
BRDA:56,0,1,97
BRDA:70,1,0,299
BRDA:70,1,1,194
BRDA:85,2,0,23
BRDA:87,3,0,23
BRDA:87,3,1,23
BRDA:92,4,0,0
BRDA:92,4,1,23
BRDA:100,5,0,22
BRDA:100,5,1,1
BRDA:111,6,0,22
BRDA:111,6,1,1
BRDA:111,7,0,23
BRDA:111,7,1,22
BRDA:136,8,0,1
BRDA:136,8,1,0
BRDA:136,9,0,1
BRDA:136,9,1,1
BRDA:169,10,0,0
BRDA:169,10,1,0
BRF:21
BRH:16
end_of_record
TN:
SF:/home/ed/Aloes/device-manager/src/services/server.js
FN:16,(anonymous_0)
FN:16,(anonymous_1)
FN:17,(anonymous_2)
FN:23,(anonymous_3)
FN:124,(anonymous_4)
FN:164,(anonymous_5)
FN:167,(anonymous_6)
FN:181,(anonymous_7)
FN:187,(anonymous_8)
FN:195,(anonymous_9)
FN:232,(anonymous_10)
FN:255,(anonymous_11)
FN:258,(anonymous_12)
FN:262,(anonymous_13)
FN:263,(anonymous_14)
FN:264,(anonymous_15)
FN:267,(anonymous_16)
FN:274,(anonymous_17)
FN:307,(anonymous_18)
FNF:19
FNH:15
FNDA:1,(anonymous_0)
FNDA:234,(anonymous_1)
FNDA:234,(anonymous_2)
FNDA:11,(anonymous_3)
FNDA:1,(anonymous_4)
FNDA:1,(anonymous_5)
FNDA:0,(anonymous_6)
FNDA:0,(anonymous_7)
FNDA:0,(anonymous_8)
FNDA:11,(anonymous_9)
FNDA:1,(anonymous_10)
FNDA:69,(anonymous_11)
FNDA:69,(anonymous_12)
FNDA:1,(anonymous_13)
FNDA:1,(anonymous_14)
FNDA:1,(anonymous_15)
FNDA:0,(anonymous_16)
FNDA:1,(anonymous_17)
FNDA:1,(anonymous_18)
DA:14,1
DA:16,1
DA:17,234
DA:18,234
DA:20,0
DA:23,1
DA:24,11
DA:26,11
DA:27,11
DA:31,11
DA:32,11
DA:33,11
DA:34,11
DA:35,11
DA:37,0
DA:41,0
DA:42,0
DA:44,0
DA:48,11
DA:49,11
DA:51,0
DA:53,11
DA:54,0
DA:55,0
DA:56,0
DA:58,11
DA:61,11
DA:62,11
DA:63,11
DA:65,7
DA:67,11
DA:68,4
DA:69,4
DA:70,4
DA:71,4
DA:72,4
DA:75,7
DA:79,11
DA:80,7
DA:81,7
DA:83,7
DA:85,7
DA:86,0
DA:87,0
DA:88,0
DA:89,0
DA:91,0
DA:92,0
DA:93,0
DA:97,7
DA:101,11
DA:103,4
DA:106,11
DA:107,11
DA:109,0
DA:110,0
DA:111,0
DA:124,1
DA:125,1
DA:126,1
DA:127,1
DA:128,1
DA:131,1
DA:132,0
DA:133,0
DA:135,1
DA:136,1
DA:139,1
DA:140,1
DA:141,1
DA:143,1
DA:145,1
DA:146,1
DA:148,1
DA:155,1
DA:164,1
DA:167,1
DA:168,0
DA:169,0
DA:170,0
DA:178,0
DA:181,1
DA:182,0
DA:183,0
DA:184,0
DA:187,1
DA:188,0
DA:189,0
DA:190,0
DA:191,0
DA:192,0
DA:195,1
DA:196,11
DA:198,11
DA:199,11
DA:200,11
DA:201,11
DA:202,11
DA:203,11
DA:204,11
DA:206,0
DA:210,1
DA:213,1
DA:215,0
DA:216,0
DA:217,0
DA:232,1
DA:233,1
DA:234,1
DA:235,1
DA:236,1
DA:237,1
DA:238,1
DA:239,1
DA:240,1
DA:241,1
DA:242,1
DA:243,1
DA:245,0
DA:246,0
DA:255,1
DA:256,69
DA:258,1
DA:259,69
DA:262,1
DA:263,1
DA:264,1
DA:267,1
DA:274,1
DA:275,1
DA:276,1
DA:277,1
DA:284,1
DA:286,0
DA:287,0
DA:297,1
DA:307,1
DA:308,1
DA:309,1
DA:310,1
DA:311,1
DA:312,1
DA:313,1
DA:314,1
DA:316,1
DA:317,1
DA:320,0
DA:332,1
LF:148
LH:106
BRDA:17,0,0,234
BRDA:17,0,1,0
BRDA:26,1,0,0
BRDA:26,1,1,11
BRDA:26,2,0,11
BRDA:26,2,1,11
BRDA:33,3,0,11
BRDA:33,3,1,0
BRDA:33,4,0,11
BRDA:33,4,1,0
BRDA:34,5,0,11
BRDA:34,5,1,0
BRDA:41,6,0,0
BRDA:41,6,1,0
BRDA:53,7,0,0
BRDA:53,7,1,11
BRDA:53,8,0,11
BRDA:53,8,1,0
BRDA:53,8,2,0
BRDA:61,9,0,11
BRDA:61,9,1,0
BRDA:67,10,0,4
BRDA:67,10,1,7
BRDA:67,11,0,11
BRDA:67,11,1,4
BRDA:67,11,2,4
BRDA:69,12,0,4
BRDA:69,12,1,0
BRDA:69,13,0,4
BRDA:69,13,1,4
BRDA:79,14,0,7
BRDA:79,14,1,4
BRDA:85,15,0,0
BRDA:85,15,1,7
BRDA:85,16,0,7
BRDA:85,16,1,0
BRDA:85,16,2,0
BRDA:87,17,0,0
BRDA:87,17,1,0
BRDA:87,18,0,0
BRDA:87,18,1,0
BRDA:92,19,0,0
BRDA:92,19,1,0
BRDA:92,20,0,0
BRDA:92,20,1,0
BRDA:101,21,0,4
BRDA:101,21,1,7
BRDA:131,22,0,0
BRDA:131,22,1,1
BRDA:241,23,0,1
BRDA:241,23,1,0
BRDA:255,24,0,0
BRDA:255,25,0,0
BRDA:258,26,0,0
BRDA:258,27,0,0
BRDA:264,28,0,0
BRDA:264,28,1,1
BRDA:309,29,0,1
BRDA:309,29,1,0
BRDA:312,30,0,1
BRDA:312,30,1,0
BRF:61
BRH:29
end_of_record
TN:
SF:/home/ed/Aloes/device-manager/src/services/test-helper.js
FN:17,addressFactory
FN:45,userFactory
FN:60,buildMethods
FN:63,(anonymous_3)
FN:70,(anonymous_4)
FN:75,(anonymous_5)
FN:79,(anonymous_6)
FN:83,fileFactory
FN:98,fileMetaFactory
FN:119,deviceFactory
FN:138,sensorFactory
FN:150,(anonymous_11)
FN:174,measurementFactory
FN:195,clientFactory
FNF:14
FNH:12
FNDA:7,addressFactory
FNDA:9,userFactory
FNDA:2,buildMethods
FNDA:11,(anonymous_3)
FNDA:11,(anonymous_4)
FNDA:6,(anonymous_5)
FNDA:0,(anonymous_6)
FNDA:2,fileFactory
FNDA:3,fileMetaFactory
FNDA:17,deviceFactory
FNDA:8,sensorFactory
FNDA:267,(anonymous_11)
FNDA:0,measurementFactory
FNDA:4,clientFactory
DA:10,1
DA:11,1
DA:12,1
DA:13,1
DA:14,1
DA:15,1
DA:18,7
DA:20,7
DA:21,7
DA:23,0
DA:24,0
DA:26,7
DA:27,1
DA:28,6
DA:29,6
DA:31,7
DA:42,7
DA:46,9
DA:47,9
DA:48,9
DA:54,9
DA:55,9
DA:57,9
DA:61,2
DA:64,11
DA:73,11
DA:75,6
DA:77,5
DA:79,0
DA:84,2
DA:85,2
DA:86,2
DA:87,1
DA:88,1
DA:93,1
DA:95,1
DA:99,3
DA:100,3
DA:102,0
DA:103,0
DA:105,3
DA:107,3
DA:109,3
DA:120,17
DA:121,17
DA:123,0
DA:124,0
DA:126,17
DA:127,17
DA:128,17
DA:139,8
DA:140,8
DA:142,0
DA:143,0
DA:145,8
DA:146,8
DA:147,8
DA:148,8
DA:149,8
DA:150,267
DA:152,8
DA:153,0
DA:155,8
DA:175,0
DA:176,0
DA:178,0
DA:179,0
DA:181,0
DA:182,0
DA:197,4
DA:198,0
DA:201,4
DA:202,4
DA:206,0
DA:208,4
DA:223,1
LF:76
LH:58
BRDA:18,0,0,0
BRDA:18,0,1,7
BRDA:20,1,0,7
BRDA:20,1,1,0
BRDA:26,2,0,1
BRDA:26,2,1,6
BRDA:28,3,0,6
BRDA:28,3,1,0
BRDA:46,4,0,9
BRDA:46,4,1,9
BRDA:49,5,0,9
BRDA:49,5,1,0
BRDA:54,6,0,9
BRDA:54,6,1,0
BRDA:73,7,0,6
BRDA:73,7,1,5
BRDA:86,8,0,1
BRDA:86,8,1,1
BRDA:99,9,0,3
BRDA:99,9,1,0
BRDA:105,10,0,3
BRDA:105,10,1,0
BRDA:120,11,0,17
BRDA:120,11,1,0
BRDA:126,12,0,17
BRDA:126,12,1,3
BRDA:139,13,0,8
BRDA:139,13,1,0
BRDA:145,14,0,8
BRDA:145,14,1,1
BRDA:146,15,0,0
BRDA:146,15,1,8
BRDA:152,16,0,0
BRDA:152,16,1,8
BRDA:152,17,0,8
BRDA:152,17,1,8
BRDA:175,18,0,0
BRDA:175,18,1,0
BRDA:181,19,0,0
BRDA:181,19,1,0
BRDA:197,20,0,0
BRDA:197,20,1,4
BRDA:201,21,0,4
BRDA:201,21,1,0
BRF:44
BRH:27
end_of_record
TN:
SF:/home/ed/Aloes/device-manager/src/services/utils.js
FN:18,(anonymous_0)
FN:26,(anonymous_1)
FN:31,(anonymous_2)
FN:54,(anonymous_3)
FN:55,(anonymous_4)
FN:56,(anonymous_5)
FN:61,(anonymous_6)
FN:62,(anonymous_7)
FN:63,(anonymous_8)
FN:66,(anonymous_9)
FN:67,(anonymous_10)
FN:68,(anonymous_11)
FN:71,(anonymous_12)
FN:82,(anonymous_13)
FN:99,(anonymous_14)
FN:118,(anonymous_15)
FNF:16
FNH:13
FNDA:14,(anonymous_0)
FNDA:1,(anonymous_1)
FNDA:2,(anonymous_2)
FNDA:1,(anonymous_3)
FNDA:1,(anonymous_4)
FNDA:1,(anonymous_5)
FNDA:0,(anonymous_6)
FNDA:0,(anonymous_7)
FNDA:0,(anonymous_8)
FNDA:1,(anonymous_9)
FNDA:1,(anonymous_10)
FNDA:1,(anonymous_11)
FNDA:34,(anonymous_12)
FNDA:1,(anonymous_13)
FNDA:4,(anonymous_14)
FNDA:4,(anonymous_15)
DA:9,1
DA:11,1
DA:18,1
DA:19,14
DA:21,14
DA:23,14
DA:26,1
DA:27,1
DA:28,1
DA:29,1
DA:31,1
DA:32,2
DA:33,2
DA:34,2
DA:36,2
DA:38,2
DA:41,0
DA:43,0
DA:45,0
DA:46,0
DA:47,0
DA:50,0
DA:54,1
DA:55,1
DA:56,1
DA:57,1
DA:61,1
DA:62,0
DA:63,0
DA:66,1
DA:67,1
DA:68,1
DA:71,1
DA:72,34
DA:73,34
DA:74,34
DA:75,34
DA:76,34
DA:77,34
DA:78,34
DA:79,34
DA:82,1
DA:83,1
DA:84,1
DA:85,1
DA:87,2
DA:88,2
DA:90,1
DA:92,1
DA:96,1
DA:99,1
DA:100,4
DA:103,4
DA:104,2
DA:117,2
DA:118,2
DA:119,4
DA:122,2
DA:130,2
DA:133,4
DA:135,4
DA:137,0
LF:62
LH:53
BRDA:19,0,0,14
BRDA:19,0,1,0
BRDA:19,0,2,0
BRDA:19,0,3,0
BRDA:26,1,0,1
BRDA:26,2,0,1
BRDA:28,3,0,0
BRDA:28,3,1,1
BRDA:29,4,0,0
BRDA:29,4,1,1
BRDA:36,5,0,2
BRDA:36,5,1,0
BRDA:41,6,0,0
BRDA:41,6,1,0
BRDA:46,7,0,0
BRDA:46,7,1,0
BRDA:46,8,0,0
BRDA:46,8,1,0
BRDA:46,8,2,0
BRDA:57,9,0,0
BRDA:57,9,1,1
BRDA:61,10,0,0
BRDA:63,11,0,0
BRDA:63,11,1,0
BRDA:66,12,0,1
BRDA:68,13,0,0
BRDA:68,13,1,1
BRDA:72,14,0,34
BRDA:72,14,1,0
BRDA:73,15,0,34
BRDA:73,15,1,34
BRDA:74,16,0,34
BRDA:74,16,1,34
BRDA:88,17,0,1
BRDA:88,17,1,1
BRDA:103,18,0,2
BRDA:103,18,1,2
BRDA:103,19,0,4
BRDA:103,19,1,4
BRF:39
BRH:20
end_of_record
